12:07:14 **** Incremental Build of configuration Debug for project LED_Controller_STM ****
make all 
Building file: ../src/usb_led.c
Invoking: Cross ARM C Compiler
arm-none-eabi-gcc -mcpu=cortex-m3 -mthumb -O0 -fmessage-length=0 -fsigned-char -ffunction-sections -fdata-sections  -g3 -DSTM32F103xB -I"/home/andre/eclipse/LEDcontroller/_SDK/STM32Cube_FW_F1_V1.4.0/Drivers/CMSIS/Device/ST/STM32F1xx/Include" -I"/home/andre/eclipse/LEDcontroller/_SDK/STM32Cube_FW_F1_V1.4.0/Drivers/CMSIS/Include" -I"/home/andre/eclipse/LEDcontroller/_SDK/STM32Cube_FW_F1_V1.4.0/Drivers/STM32F1xx_HAL_Driver/Inc" -I"/home/andre/eclipse/LEDcontroller/_SDK/STM32Cube_FW_F1_V1.4.0/Drivers/STM32F1xx_HAL_Driver/Inc/Legacy" -I"/home/andre/eclipse/LEDcontroller/_SDK/STM32Cube_FW_F1_V1.4.0/Middlewares/ST/STM32_USB_Device_Library/Core/Inc" -I"/home/andre/eclipse/LEDcontroller/LED_Controller_STM/USB_Class_LED/Inc" -I"/home/andre/eclipse/LEDcontroller/LED_Controller_STM/inc" -I"/home/andre/eclipse/LEDcontroller/LED_Controller_STM/cfg" -I"/home/andre/eclipse/LEDcontroller/_Common/STM32/inc" -I"/home/andre/eclipse/LEDcontroller/_Common/Any/inc" -std=gnu11 -MMD -MP -MF"src/usb_led.d" -MT"src/usb_led.o" -c -o "src/usb_led.o" "../src/usb_led.c"
../src/usb_led.c: In function 'LED_Itf_Receive':
../src/usb_led.c:32:3: error: a label can only be part of a statement and a declaration is not a statement
   uint8_t target = *(uint8_t*) (buffer+1);
   ^~~~~~~
../src/usb_led.c:33:3: error: expected expression before 'uint16_t'
   uint16_t offset = *(uint16_t*) (buffer+2);
   ^~~~~~~~
../src/usb_led.c:38:9: error: 'offset' undeclared (first use in this function)
    if ((offset + amount) < sizeof (sizeof(data_c0))) {
         ^~~~~~
../src/usb_led.c:38:9: note: each undeclared identifier is reported only once for each function it appears in
../src/usb_led.c:38:43: error: 'data_c0' undeclared (first use in this function)
    if ((offset + amount) < sizeof (sizeof(data_c0))) {
                                           ^~~~~~~
../src/usb_led.c:39:5: warning: implicit declaration of function 'memcpy' [-Wimplicit-function-declaration]
     memcpy(data_c0 + offset, buffer+5, amount);
     ^~~~~~
../src/usb_led.c:39:5: warning: incompatible implicit declaration of built-in function 'memcpy'
../src/usb_led.c:39:5: note: include '<string.h>' or provide a declaration of 'memcpy'
../src/usb_led.c:46:43: error: 'data_c1' undeclared (first use in this function)
    if ((offset + amount) < sizeof (sizeof(data_c1))) {
                                           ^~~~~~~
../src/usb_led.c:47:5: warning: incompatible implicit declaration of built-in function 'memcpy'
     memcpy(data_c1 + offset, buffer+5, amount);
     ^~~~~~
../src/usb_led.c:47:5: note: include '<string.h>' or provide a declaration of 'memcpy'
../src/usb_led.c:60:3: error: a label can only be part of a statement and a declaration is not a statement
   uint8_t data_src = *(uint8_t*) (buffer+1);
   ^~~~~~~
../src/usb_led.c:61:3: error: expected expression before 'uint8_t'
   uint8_t data_dst = *(uint8_t*) (buffer+2);
   ^~~~~~~
../src/usb_led.c:66:3: warning: implicit declaration of function 'start_dma_transer' [-Wimplicit-function-declaration]
   start_dma_transer(data_c0,sizeof(data_c0));
   ^~~~~~~~~~~~~~~~~
../src/usb_led.c:76:10: error: 'USBD_OK' undeclared (first use in this function)
  return (USBD_OK);
          ^~~~~~~
make: *** [src/subdir.mk:35: src/usb_led.o] Fout 1
12:07:35 **** Incremental Build of configuration Debug for project LED_Controller_STM ****
make all 
Building file: ../src/usb_led.c
Invoking: Cross ARM C Compiler
arm-none-eabi-gcc -mcpu=cortex-m3 -mthumb -O0 -fmessage-length=0 -fsigned-char -ffunction-sections -fdata-sections  -g3 -DSTM32F103xB -I"/home/andre/eclipse/LEDcontroller/_SDK/STM32Cube_FW_F1_V1.4.0/Drivers/CMSIS/Device/ST/STM32F1xx/Include" -I"/home/andre/eclipse/LEDcontroller/_SDK/STM32Cube_FW_F1_V1.4.0/Drivers/CMSIS/Include" -I"/home/andre/eclipse/LEDcontroller/_SDK/STM32Cube_FW_F1_V1.4.0/Drivers/STM32F1xx_HAL_Driver/Inc" -I"/home/andre/eclipse/LEDcontroller/_SDK/STM32Cube_FW_F1_V1.4.0/Drivers/STM32F1xx_HAL_Driver/Inc/Legacy" -I"/home/andre/eclipse/LEDcontroller/_SDK/STM32Cube_FW_F1_V1.4.0/Middlewares/ST/STM32_USB_Device_Library/Core/Inc" -I"/home/andre/eclipse/LEDcontroller/LED_Controller_STM/USB_Class_LED/Inc" -I"/home/andre/eclipse/LEDcontroller/LED_Controller_STM/inc" -I"/home/andre/eclipse/LEDcontroller/LED_Controller_STM/cfg" -I"/home/andre/eclipse/LEDcontroller/_Common/STM32/inc" -I"/home/andre/eclipse/LEDcontroller/_Common/Any/inc" -std=gnu11 -MMD -MP -MF"src/usb_led.d" -MT"src/usb_led.o" -c -o "src/usb_led.o" "../src/usb_led.c"
../src/usb_led.c: In function 'LED_Itf_Receive':
../src/usb_led.c:38:43: error: 'data_c0' undeclared (first use in this function)
    if ((offset + amount) < sizeof (sizeof(data_c0))) {
                                           ^~~~~~~
../src/usb_led.c:38:43: note: each undeclared identifier is reported only once for each function it appears in
../src/usb_led.c:39:5: warning: implicit declaration of function 'memcpy' [-Wimplicit-function-declaration]
     memcpy(data_c0 + offset, buffer+5, amount);
     ^~~~~~
../src/usb_led.c:39:5: warning: incompatible implicit declaration of built-in function 'memcpy'
../src/usb_led.c:39:5: note: include '<string.h>' or provide a declaration of 'memcpy'
../src/usb_led.c:46:43: error: 'data_c1' undeclared (first use in this function)
    if ((offset + amount) < sizeof (sizeof(data_c1))) {
                                           ^~~~~~~
../src/usb_led.c:47:5: warning: incompatible implicit declaration of built-in function 'memcpy'
     memcpy(data_c1 + offset, buffer+5, amount);
     ^~~~~~
../src/usb_led.c:47:5: note: include '<string.h>' or provide a declaration of 'memcpy'
../src/usb_led.c:61:3: error: a label can only be part of a statement and a declaration is not a statement
   uint8_t data_src = *(uint8_t*) (buffer+1);
   ^~~~~~~
../src/usb_led.c:62:3: error: expected expression before 'uint8_t'
   uint8_t data_dst = *(uint8_t*) (buffer+2);
   ^~~~~~~
../src/usb_led.c:67:3: warning: implicit declaration of function 'start_dma_transer' [-Wimplicit-function-declaration]
   start_dma_transer(data_c0,sizeof(data_c0));
   ^~~~~~~~~~~~~~~~~
../src/usb_led.c:71:2: error: multiple default labels in one switch
  default:
  ^~~~~~~
../src/usb_led.c:54:3: error: this is the first default label
   default:
   ^~~~~~~
../src/usb_led.c:77:10: error: 'USBD_OK' undeclared (first use in this function)
  return (USBD_OK);
          ^~~~~~~
make: *** [src/subdir.mk:35: src/usb_led.o] Fout 1
12:08:04 **** Incremental Build of configuration Debug for project LED_Controller_STM ****
make all 
Building file: ../src/usb_led.c
Invoking: Cross ARM C Compiler
arm-none-eabi-gcc -mcpu=cortex-m3 -mthumb -O0 -fmessage-length=0 -fsigned-char -ffunction-sections -fdata-sections  -g3 -DSTM32F103xB -I"/home/andre/eclipse/LEDcontroller/_SDK/STM32Cube_FW_F1_V1.4.0/Drivers/CMSIS/Device/ST/STM32F1xx/Include" -I"/home/andre/eclipse/LEDcontroller/_SDK/STM32Cube_FW_F1_V1.4.0/Drivers/CMSIS/Include" -I"/home/andre/eclipse/LEDcontroller/_SDK/STM32Cube_FW_F1_V1.4.0/Drivers/STM32F1xx_HAL_Driver/Inc" -I"/home/andre/eclipse/LEDcontroller/_SDK/STM32Cube_FW_F1_V1.4.0/Drivers/STM32F1xx_HAL_Driver/Inc/Legacy" -I"/home/andre/eclipse/LEDcontroller/_SDK/STM32Cube_FW_F1_V1.4.0/Middlewares/ST/STM32_USB_Device_Library/Core/Inc" -I"/home/andre/eclipse/LEDcontroller/LED_Controller_STM/USB_Class_LED/Inc" -I"/home/andre/eclipse/LEDcontroller/LED_Controller_STM/inc" -I"/home/andre/eclipse/LEDcontroller/LED_Controller_STM/cfg" -I"/home/andre/eclipse/LEDcontroller/_Common/STM32/inc" -I"/home/andre/eclipse/LEDcontroller/_Common/Any/inc" -std=gnu11 -MMD -MP -MF"src/usb_led.d" -MT"src/usb_led.o" -c -o "src/usb_led.o" "../src/usb_led.c"
../src/usb_led.c: In function 'LED_Itf_Receive':
../src/usb_led.c:41:42: error: invalid application of 'sizeof' to incomplete type 'uint8_t[] {aka unsigned char[]}'
    if ((offset + amount) < sizeof (sizeof(data_c0))) {
                                          ^
../src/usb_led.c:42:5: warning: implicit declaration of function 'memcpy' [-Wimplicit-function-declaration]
     memcpy(data_c0 + offset, buffer+5, amount);
     ^~~~~~
../src/usb_led.c:42:5: warning: incompatible implicit declaration of built-in function 'memcpy'
../src/usb_led.c:42:5: note: include '<string.h>' or provide a declaration of 'memcpy'
../src/usb_led.c:49:42: error: invalid application of 'sizeof' to incomplete type 'uint8_t[] {aka unsigned char[]}'
    if ((offset + amount) < sizeof (sizeof(data_c1))) {
                                          ^
../src/usb_led.c:50:5: warning: incompatible implicit declaration of built-in function 'memcpy'
     memcpy(data_c1 + offset, buffer+5, amount);
     ^~~~~~
../src/usb_led.c:50:5: note: include '<string.h>' or provide a declaration of 'memcpy'
../src/usb_led.c:64:3: error: a label can only be part of a statement and a declaration is not a statement
   uint8_t data_src = *(uint8_t*) (buffer+1);
   ^~~~~~~
../src/usb_led.c:65:3: error: expected expression before 'uint8_t'
   uint8_t data_dst = *(uint8_t*) (buffer+2);
   ^~~~~~~
../src/usb_led.c:70:3: warning: implicit declaration of function 'start_dma_transer' [-Wimplicit-function-declaration]
   start_dma_transer(data_c0,sizeof(data_c0));
   ^~~~~~~~~~~~~~~~~
../src/usb_led.c:70:35: error: invalid application of 'sizeof' to incomplete type 'uint8_t[] {aka unsigned char[]}'
   start_dma_transer(data_c0,sizeof(data_c0));
                                   ^
../src/usb_led.c:74:2: error: multiple default labels in one switch
  default:
  ^~~~~~~
../src/usb_led.c:57:3: error: this is the first default label
   default:
   ^~~~~~~
../src/usb_led.c:80:10: error: 'USBD_OK' undeclared (first use in this function)
  return (USBD_OK);
          ^~~~~~~
../src/usb_led.c:80:10: note: each undeclared identifier is reported only once for each function it appears in
make: *** [src/subdir.mk:35: src/usb_led.o] Fout 1
12:08:38 **** Incremental Build of configuration Debug for project LED_Controller_STM ****
make all 
Building file: ../src/main.c
Invoking: Cross ARM C Compiler
arm-none-eabi-gcc -mcpu=cortex-m3 -mthumb -O0 -fmessage-length=0 -fsigned-char -ffunction-sections -fdata-sections  -g3 -DSTM32F103xB -I"/home/andre/eclipse/LEDcontroller/_SDK/STM32Cube_FW_F1_V1.4.0/Drivers/CMSIS/Device/ST/STM32F1xx/Include" -I"/home/andre/eclipse/LEDcontroller/_SDK/STM32Cube_FW_F1_V1.4.0/Drivers/CMSIS/Include" -I"/home/andre/eclipse/LEDcontroller/_SDK/STM32Cube_FW_F1_V1.4.0/Drivers/STM32F1xx_HAL_Driver/Inc" -I"/home/andre/eclipse/LEDcontroller/_SDK/STM32Cube_FW_F1_V1.4.0/Drivers/STM32F1xx_HAL_Driver/Inc/Legacy" -I"/home/andre/eclipse/LEDcontroller/_SDK/STM32Cube_FW_F1_V1.4.0/Middlewares/ST/STM32_USB_Device_Library/Core/Inc" -I"/home/andre/eclipse/LEDcontroller/LED_Controller_STM/USB_Class_LED/Inc" -I"/home/andre/eclipse/LEDcontroller/LED_Controller_STM/inc" -I"/home/andre/eclipse/LEDcontroller/LED_Controller_STM/cfg" -I"/home/andre/eclipse/LEDcontroller/_Common/STM32/inc" -I"/home/andre/eclipse/LEDcontroller/_Common/Any/inc" -std=gnu11 -MMD -MP -MF"src/main.d" -MT"src/main.o" -c -o "src/main.o" "../src/main.c"
../src/main.c: In function 'main':
../src/main.c:89:3: error: 'data_c0' undeclared (first use in this function)
   data_c0[i+0] = 0;
   ^~~~~~~
../src/main.c:89:3: note: each undeclared identifier is reported only once for each function it appears in
make: *** [src/subdir.mk:35: src/main.o] Fout 1
12:08:57 **** Incremental Build of configuration Debug for project LED_Controller_STM ****
make all 
Building file: ../src/main.c
Invoking: Cross ARM C Compiler
arm-none-eabi-gcc -mcpu=cortex-m3 -mthumb -O0 -fmessage-length=0 -fsigned-char -ffunction-sections -fdata-sections  -g3 -DSTM32F103xB -I"/home/andre/eclipse/LEDcontroller/_SDK/STM32Cube_FW_F1_V1.4.0/Drivers/CMSIS/Device/ST/STM32F1xx/Include" -I"/home/andre/eclipse/LEDcontroller/_SDK/STM32Cube_FW_F1_V1.4.0/Drivers/CMSIS/Include" -I"/home/andre/eclipse/LEDcontroller/_SDK/STM32Cube_FW_F1_V1.4.0/Drivers/STM32F1xx_HAL_Driver/Inc" -I"/home/andre/eclipse/LEDcontroller/_SDK/STM32Cube_FW_F1_V1.4.0/Drivers/STM32F1xx_HAL_Driver/Inc/Legacy" -I"/home/andre/eclipse/LEDcontroller/_SDK/STM32Cube_FW_F1_V1.4.0/Middlewares/ST/STM32_USB_Device_Library/Core/Inc" -I"/home/andre/eclipse/LEDcontroller/LED_Controller_STM/USB_Class_LED/Inc" -I"/home/andre/eclipse/LEDcontroller/LED_Controller_STM/inc" -I"/home/andre/eclipse/LEDcontroller/LED_Controller_STM/cfg" -I"/home/andre/eclipse/LEDcontroller/_Common/STM32/inc" -I"/home/andre/eclipse/LEDcontroller/_Common/Any/inc" -std=gnu11 -MMD -MP -MF"src/main.d" -MT"src/main.o" -c -o "src/main.o" "../src/main.c"
Finished building: ../src/main.c
 
Building file: ../src/usb_led.c
Invoking: Cross ARM C Compiler
arm-none-eabi-gcc -mcpu=cortex-m3 -mthumb -O0 -fmessage-length=0 -fsigned-char -ffunction-sections -fdata-sections  -g3 -DSTM32F103xB -I"/home/andre/eclipse/LEDcontroller/_SDK/STM32Cube_FW_F1_V1.4.0/Drivers/CMSIS/Device/ST/STM32F1xx/Include" -I"/home/andre/eclipse/LEDcontroller/_SDK/STM32Cube_FW_F1_V1.4.0/Drivers/CMSIS/Include" -I"/home/andre/eclipse/LEDcontroller/_SDK/STM32Cube_FW_F1_V1.4.0/Drivers/STM32F1xx_HAL_Driver/Inc" -I"/home/andre/eclipse/LEDcontroller/_SDK/STM32Cube_FW_F1_V1.4.0/Drivers/STM32F1xx_HAL_Driver/Inc/Legacy" -I"/home/andre/eclipse/LEDcontroller/_SDK/STM32Cube_FW_F1_V1.4.0/Middlewares/ST/STM32_USB_Device_Library/Core/Inc" -I"/home/andre/eclipse/LEDcontroller/LED_Controller_STM/USB_Class_LED/Inc" -I"/home/andre/eclipse/LEDcontroller/LED_Controller_STM/inc" -I"/home/andre/eclipse/LEDcontroller/LED_Controller_STM/cfg" -I"/home/andre/eclipse/LEDcontroller/_Common/STM32/inc" -I"/home/andre/eclipse/LEDcontroller/_Common/Any/inc" -std=gnu11 -MMD -MP -MF"src/usb_led.d" -MT"src/usb_led.o" -c -o "src/usb_led.o" "../src/usb_led.c"
../src/usb_led.c: In function 'LED_Itf_Receive':
../src/usb_led.c:42:5: warning: implicit declaration of function 'memcpy' [-Wimplicit-function-declaration]
     memcpy(data_c0 + offset, buffer+5, amount);
     ^~~~~~
../src/usb_led.c:42:5: warning: incompatible implicit declaration of built-in function 'memcpy'
../src/usb_led.c:42:5: note: include '<string.h>' or provide a declaration of 'memcpy'
../src/usb_led.c:50:5: warning: incompatible implicit declaration of built-in function 'memcpy'
     memcpy(data_c1 + offset, buffer+5, amount);
     ^~~~~~
../src/usb_led.c:50:5: note: include '<string.h>' or provide a declaration of 'memcpy'
../src/usb_led.c:64:3: error: a label can only be part of a statement and a declaration is not a statement
   uint8_t data_src = *(uint8_t*) (buffer+1);
   ^~~~~~~
../src/usb_led.c:65:3: error: expected expression before 'uint8_t'
   uint8_t data_dst = *(uint8_t*) (buffer+2);
   ^~~~~~~
../src/usb_led.c:70:3: warning: implicit declaration of function 'start_dma_transer' [-Wimplicit-function-declaration]
   start_dma_transer(data_c0,sizeof(data_c0));
   ^~~~~~~~~~~~~~~~~
../src/usb_led.c:74:2: error: multiple default labels in one switch
  default:
  ^~~~~~~
../src/usb_led.c:57:3: error: this is the first default label
   default:
   ^~~~~~~
../src/usb_led.c:80:10: error: 'USBD_OK' undeclared (first use in this function)
  return (USBD_OK);
          ^~~~~~~
../src/usb_led.c:80:10: note: each undeclared identifier is reported only once for each function it appears in
make: *** [src/subdir.mk:35: src/usb_led.o] Fout 1
12:09:24 **** Incremental Build of configuration Debug for project LED_Controller_STM ****
make all 
Building file: ../src/usb_led.c
Invoking: Cross ARM C Compiler
arm-none-eabi-gcc -mcpu=cortex-m3 -mthumb -O0 -fmessage-length=0 -fsigned-char -ffunction-sections -fdata-sections  -g3 -DSTM32F103xB -I"/home/andre/eclipse/LEDcontroller/_SDK/STM32Cube_FW_F1_V1.4.0/Drivers/CMSIS/Device/ST/STM32F1xx/Include" -I"/home/andre/eclipse/LEDcontroller/_SDK/STM32Cube_FW_F1_V1.4.0/Drivers/CMSIS/Include" -I"/home/andre/eclipse/LEDcontroller/_SDK/STM32Cube_FW_F1_V1.4.0/Drivers/STM32F1xx_HAL_Driver/Inc" -I"/home/andre/eclipse/LEDcontroller/_SDK/STM32Cube_FW_F1_V1.4.0/Drivers/STM32F1xx_HAL_Driver/Inc/Legacy" -I"/home/andre/eclipse/LEDcontroller/_SDK/STM32Cube_FW_F1_V1.4.0/Middlewares/ST/STM32_USB_Device_Library/Core/Inc" -I"/home/andre/eclipse/LEDcontroller/LED_Controller_STM/USB_Class_LED/Inc" -I"/home/andre/eclipse/LEDcontroller/LED_Controller_STM/inc" -I"/home/andre/eclipse/LEDcontroller/LED_Controller_STM/cfg" -I"/home/andre/eclipse/LEDcontroller/_Common/STM32/inc" -I"/home/andre/eclipse/LEDcontroller/_Common/Any/inc" -std=gnu11 -MMD -MP -MF"src/usb_led.d" -MT"src/usb_led.o" -c -o "src/usb_led.o" "../src/usb_led.c"
../src/usb_led.c: In function 'LED_Itf_Receive':
../src/usb_led.c:65:3: error: a label can only be part of a statement and a declaration is not a statement
   uint8_t data_src = *(uint8_t*) (buffer+1);
   ^~~~~~~
../src/usb_led.c:66:3: error: expected expression before 'uint8_t'
   uint8_t data_dst = *(uint8_t*) (buffer+2);
   ^~~~~~~
../src/usb_led.c:71:3: warning: implicit declaration of function 'start_dma_transer' [-Wimplicit-function-declaration]
   start_dma_transer(data_c0,sizeof(data_c0));
   ^~~~~~~~~~~~~~~~~
../src/usb_led.c:75:2: error: multiple default labels in one switch
  default:
  ^~~~~~~
../src/usb_led.c:58:3: error: this is the first default label
   default:
   ^~~~~~~
../src/usb_led.c:81:10: error: 'USBD_OK' undeclared (first use in this function)
  return (USBD_OK);
          ^~~~~~~
../src/usb_led.c:81:10: note: each undeclared identifier is reported only once for each function it appears in
make: *** [src/subdir.mk:35: src/usb_led.o] Fout 1
12:10:04 **** Incremental Build of configuration Debug for project LED_Controller_STM ****
make all 
Building file: ../src/usb_led.c
Invoking: Cross ARM C Compiler
arm-none-eabi-gcc -mcpu=cortex-m3 -mthumb -O0 -fmessage-length=0 -fsigned-char -ffunction-sections -fdata-sections  -g3 -DSTM32F103xB -I"/home/andre/eclipse/LEDcontroller/_SDK/STM32Cube_FW_F1_V1.4.0/Drivers/CMSIS/Device/ST/STM32F1xx/Include" -I"/home/andre/eclipse/LEDcontroller/_SDK/STM32Cube_FW_F1_V1.4.0/Drivers/CMSIS/Include" -I"/home/andre/eclipse/LEDcontroller/_SDK/STM32Cube_FW_F1_V1.4.0/Drivers/STM32F1xx_HAL_Driver/Inc" -I"/home/andre/eclipse/LEDcontroller/_SDK/STM32Cube_FW_F1_V1.4.0/Drivers/STM32F1xx_HAL_Driver/Inc/Legacy" -I"/home/andre/eclipse/LEDcontroller/_SDK/STM32Cube_FW_F1_V1.4.0/Middlewares/ST/STM32_USB_Device_Library/Core/Inc" -I"/home/andre/eclipse/LEDcontroller/LED_Controller_STM/USB_Class_LED/Inc" -I"/home/andre/eclipse/LEDcontroller/LED_Controller_STM/inc" -I"/home/andre/eclipse/LEDcontroller/LED_Controller_STM/cfg" -I"/home/andre/eclipse/LEDcontroller/_Common/STM32/inc" -I"/home/andre/eclipse/LEDcontroller/_Common/Any/inc" -std=gnu11 -MMD -MP -MF"src/usb_led.d" -MT"src/usb_led.o" -c -o "src/usb_led.o" "../src/usb_led.c"
../src/usb_led.c: In function 'LED_Itf_Receive':
../src/usb_led.c:72:3: warning: implicit declaration of function 'start_dma_transer' [-Wimplicit-function-declaration]
   start_dma_transer(data_c0,sizeof(data_c0));
   ^~~~~~~~~~~~~~~~~
../src/usb_led.c:83:10: error: 'USBD_OK' undeclared (first use in this function)
  return (USBD_OK);
          ^~~~~~~
../src/usb_led.c:83:10: note: each undeclared identifier is reported only once for each function it appears in
make: *** [src/subdir.mk:35: src/usb_led.o] Fout 1
12:10:32 **** Incremental Build of configuration Debug for project LED_Controller_STM ****
make all 
Building file: ../src/usb_led.c
Invoking: Cross ARM C Compiler
arm-none-eabi-gcc -mcpu=cortex-m3 -mthumb -O0 -fmessage-length=0 -fsigned-char -ffunction-sections -fdata-sections  -g3 -DSTM32F103xB -I"/home/andre/eclipse/LEDcontroller/_SDK/STM32Cube_FW_F1_V1.4.0/Drivers/CMSIS/Device/ST/STM32F1xx/Include" -I"/home/andre/eclipse/LEDcontroller/_SDK/STM32Cube_FW_F1_V1.4.0/Drivers/CMSIS/Include" -I"/home/andre/eclipse/LEDcontroller/_SDK/STM32Cube_FW_F1_V1.4.0/Drivers/STM32F1xx_HAL_Driver/Inc" -I"/home/andre/eclipse/LEDcontroller/_SDK/STM32Cube_FW_F1_V1.4.0/Drivers/STM32F1xx_HAL_Driver/Inc/Legacy" -I"/home/andre/eclipse/LEDcontroller/_SDK/STM32Cube_FW_F1_V1.4.0/Middlewares/ST/STM32_USB_Device_Library/Core/Inc" -I"/home/andre/eclipse/LEDcontroller/LED_Controller_STM/USB_Class_LED/Inc" -I"/home/andre/eclipse/LEDcontroller/LED_Controller_STM/inc" -I"/home/andre/eclipse/LEDcontroller/LED_Controller_STM/cfg" -I"/home/andre/eclipse/LEDcontroller/_Common/STM32/inc" -I"/home/andre/eclipse/LEDcontroller/_Common/Any/inc" -std=gnu11 -MMD -MP -MF"src/usb_led.d" -MT"src/usb_led.o" -c -o "src/usb_led.o" "../src/usb_led.c"
../src/usb_led.c: In function 'LED_Itf_Receive':
../src/usb_led.c:76:3: warning: implicit declaration of function 'start_dma_transer' [-Wimplicit-function-declaration]
   start_dma_transer(data_c0,sizeof(data_c0));
   ^~~~~~~~~~~~~~~~~
Finished building: ../src/usb_led.c
 
Building file: ../src/usbd_conf.c
Invoking: Cross ARM C Compiler
arm-none-eabi-gcc -mcpu=cortex-m3 -mthumb -O0 -fmessage-length=0 -fsigned-char -ffunction-sections -fdata-sections  -g3 -DSTM32F103xB -I"/home/andre/eclipse/LEDcontroller/_SDK/STM32Cube_FW_F1_V1.4.0/Drivers/CMSIS/Device/ST/STM32F1xx/Include" -I"/home/andre/eclipse/LEDcontroller/_SDK/STM32Cube_FW_F1_V1.4.0/Drivers/CMSIS/Include" -I"/home/andre/eclipse/LEDcontroller/_SDK/STM32Cube_FW_F1_V1.4.0/Drivers/STM32F1xx_HAL_Driver/Inc" -I"/home/andre/eclipse/LEDcontroller/_SDK/STM32Cube_FW_F1_V1.4.0/Drivers/STM32F1xx_HAL_Driver/Inc/Legacy" -I"/home/andre/eclipse/LEDcontroller/_SDK/STM32Cube_FW_F1_V1.4.0/Middlewares/ST/STM32_USB_Device_Library/Core/Inc" -I"/home/andre/eclipse/LEDcontroller/LED_Controller_STM/USB_Class_LED/Inc" -I"/home/andre/eclipse/LEDcontroller/LED_Controller_STM/inc" -I"/home/andre/eclipse/LEDcontroller/LED_Controller_STM/cfg" -I"/home/andre/eclipse/LEDcontroller/_Common/STM32/inc" -I"/home/andre/eclipse/LEDcontroller/_Common/Any/inc" -std=gnu11 -MMD -MP -MF"src/usbd_conf.d" -MT"src/usbd_conf.o" -c -o "src/usbd_conf.o" "../src/usbd_conf.c"
Finished building: ../src/usbd_conf.c
 
Building file: ../src/usbd_desc.c
Invoking: Cross ARM C Compiler
arm-none-eabi-gcc -mcpu=cortex-m3 -mthumb -O0 -fmessage-length=0 -fsigned-char -ffunction-sections -fdata-sections  -g3 -DSTM32F103xB -I"/home/andre/eclipse/LEDcontroller/_SDK/STM32Cube_FW_F1_V1.4.0/Drivers/CMSIS/Device/ST/STM32F1xx/Include" -I"/home/andre/eclipse/LEDcontroller/_SDK/STM32Cube_FW_F1_V1.4.0/Drivers/CMSIS/Include" -I"/home/andre/eclipse/LEDcontroller/_SDK/STM32Cube_FW_F1_V1.4.0/Drivers/STM32F1xx_HAL_Driver/Inc" -I"/home/andre/eclipse/LEDcontroller/_SDK/STM32Cube_FW_F1_V1.4.0/Drivers/STM32F1xx_HAL_Driver/Inc/Legacy" -I"/home/andre/eclipse/LEDcontroller/_SDK/STM32Cube_FW_F1_V1.4.0/Middlewares/ST/STM32_USB_Device_Library/Core/Inc" -I"/home/andre/eclipse/LEDcontroller/LED_Controller_STM/USB_Class_LED/Inc" -I"/home/andre/eclipse/LEDcontroller/LED_Controller_STM/inc" -I"/home/andre/eclipse/LEDcontroller/LED_Controller_STM/cfg" -I"/home/andre/eclipse/LEDcontroller/_Common/STM32/inc" -I"/home/andre/eclipse/LEDcontroller/_Common/Any/inc" -std=gnu11 -MMD -MP -MF"src/usbd_desc.d" -MT"src/usbd_desc.o" -c -o "src/usbd_desc.o" "../src/usbd_desc.c"
Finished building: ../src/usbd_desc.c
 
Building file: /home/andre/eclipse/LEDcontroller/_SDK/STM32Cube_FW_F1_V1.4.0/Drivers/STM32F1xx_HAL_Driver/Src/stm32f1xx_hal.c
Invoking: Cross ARM C Compiler
arm-none-eabi-gcc -mcpu=cortex-m3 -mthumb -O0 -fmessage-length=0 -fsigned-char -ffunction-sections -fdata-sections  -g3 -DSTM32F103xB -I"/home/andre/eclipse/LEDcontroller/_SDK/STM32Cube_FW_F1_V1.4.0/Drivers/CMSIS/Device/ST/STM32F1xx/Include" -I"/home/andre/eclipse/LEDcontroller/_SDK/STM32Cube_FW_F1_V1.4.0/Drivers/CMSIS/Include" -I"/home/andre/eclipse/LEDcontroller/_SDK/STM32Cube_FW_F1_V1.4.0/Drivers/STM32F1xx_HAL_Driver/Inc" -I"/home/andre/eclipse/LEDcontroller/_SDK/STM32Cube_FW_F1_V1.4.0/Drivers/STM32F1xx_HAL_Driver/Inc/Legacy" -I"/home/andre/eclipse/LEDcontroller/_SDK/STM32Cube_FW_F1_V1.4.0/Middlewares/ST/STM32_USB_Device_Library/Core/Inc" -I"/home/andre/eclipse/LEDcontroller/LED_Controller_STM/USB_Class_LED/Inc" -I"/home/andre/eclipse/LEDcontroller/LED_Controller_STM/inc" -I"/home/andre/eclipse/LEDcontroller/LED_Controller_STM/cfg" -I"/home/andre/eclipse/LEDcontroller/_Common/STM32/inc" -I"/home/andre/eclipse/LEDcontroller/_Common/Any/inc" -std=gnu11 -MMD -MP -MF"sdk/stm32f1xx_hal.d" -MT"sdk/stm32f1xx_hal.o" -c -o "sdk/stm32f1xx_hal.o" "/home/andre/eclipse/LEDcontroller/_SDK/STM32Cube_FW_F1_V1.4.0/Drivers/STM32F1xx_HAL_Driver/Src/stm32f1xx_hal.c"
Finished building: /home/andre/eclipse/LEDcontroller/_SDK/STM32Cube_FW_F1_V1.4.0/Drivers/STM32F1xx_HAL_Driver/Src/stm32f1xx_hal.c
 
Building file: /home/andre/eclipse/LEDcontroller/_SDK/STM32Cube_FW_F1_V1.4.0/Drivers/STM32F1xx_HAL_Driver/Src/stm32f1xx_hal_adc.c
Invoking: Cross ARM C Compiler
arm-none-eabi-gcc -mcpu=cortex-m3 -mthumb -O0 -fmessage-length=0 -fsigned-char -ffunction-sections -fdata-sections  -g3 -DSTM32F103xB -I"/home/andre/eclipse/LEDcontroller/_SDK/STM32Cube_FW_F1_V1.4.0/Drivers/CMSIS/Device/ST/STM32F1xx/Include" -I"/home/andre/eclipse/LEDcontroller/_SDK/STM32Cube_FW_F1_V1.4.0/Drivers/CMSIS/Include" -I"/home/andre/eclipse/LEDcontroller/_SDK/STM32Cube_FW_F1_V1.4.0/Drivers/STM32F1xx_HAL_Driver/Inc" -I"/home/andre/eclipse/LEDcontroller/_SDK/STM32Cube_FW_F1_V1.4.0/Drivers/STM32F1xx_HAL_Driver/Inc/Legacy" -I"/home/andre/eclipse/LEDcontroller/_SDK/STM32Cube_FW_F1_V1.4.0/Middlewares/ST/STM32_USB_Device_Library/Core/Inc" -I"/home/andre/eclipse/LEDcontroller/LED_Controller_STM/USB_Class_LED/Inc" -I"/home/andre/eclipse/LEDcontroller/LED_Controller_STM/inc" -I"/home/andre/eclipse/LEDcontroller/LED_Controller_STM/cfg" -I"/home/andre/eclipse/LEDcontroller/_Common/STM32/inc" -I"/home/andre/eclipse/LEDcontroller/_Common/Any/inc" -std=gnu11 -MMD -MP -MF"sdk/stm32f1xx_hal_adc.d" -MT"sdk/stm32f1xx_hal_adc.o" -c -o "sdk/stm32f1xx_hal_adc.o" "/home/andre/eclipse/LEDcontroller/_SDK/STM32Cube_FW_F1_V1.4.0/Drivers/STM32F1xx_HAL_Driver/Src/stm32f1xx_hal_adc.c"
Finished building: /home/andre/eclipse/LEDcontroller/_SDK/STM32Cube_FW_F1_V1.4.0/Drivers/STM32F1xx_HAL_Driver/Src/stm32f1xx_hal_adc.c
 
Building file: /home/andre/eclipse/LEDcontroller/_SDK/STM32Cube_FW_F1_V1.4.0/Drivers/STM32F1xx_HAL_Driver/Src/stm32f1xx_hal_adc_ex.c
Invoking: Cross ARM C Compiler
arm-none-eabi-gcc -mcpu=cortex-m3 -mthumb -O0 -fmessage-length=0 -fsigned-char -ffunction-sections -fdata-sections  -g3 -DSTM32F103xB -I"/home/andre/eclipse/LEDcontroller/_SDK/STM32Cube_FW_F1_V1.4.0/Drivers/CMSIS/Device/ST/STM32F1xx/Include" -I"/home/andre/eclipse/LEDcontroller/_SDK/STM32Cube_FW_F1_V1.4.0/Drivers/CMSIS/Include" -I"/home/andre/eclipse/LEDcontroller/_SDK/STM32Cube_FW_F1_V1.4.0/Drivers/STM32F1xx_HAL_Driver/Inc" -I"/home/andre/eclipse/LEDcontroller/_SDK/STM32Cube_FW_F1_V1.4.0/Drivers/STM32F1xx_HAL_Driver/Inc/Legacy" -I"/home/andre/eclipse/LEDcontroller/_SDK/STM32Cube_FW_F1_V1.4.0/Middlewares/ST/STM32_USB_Device_Library/Core/Inc" -I"/home/andre/eclipse/LEDcontroller/LED_Controller_STM/USB_Class_LED/Inc" -I"/home/andre/eclipse/LEDcontroller/LED_Controller_STM/inc" -I"/home/andre/eclipse/LEDcontroller/LED_Controller_STM/cfg" -I"/home/andre/eclipse/LEDcontroller/_Common/STM32/inc" -I"/home/andre/eclipse/LEDcontroller/_Common/Any/inc" -std=gnu11 -MMD -MP -MF"sdk/stm32f1xx_hal_adc_ex.d" -MT"sdk/stm32f1xx_hal_adc_ex.o" -c -o "sdk/stm32f1xx_hal_adc_ex.o" "/home/andre/eclipse/LEDcontroller/_SDK/STM32Cube_FW_F1_V1.4.0/Drivers/STM32F1xx_HAL_Driver/Src/stm32f1xx_hal_adc_ex.c"
Finished building: /home/andre/eclipse/LEDcontroller/_SDK/STM32Cube_FW_F1_V1.4.0/Drivers/STM32F1xx_HAL_Driver/Src/stm32f1xx_hal_adc_ex.c
 
Building file: /home/andre/eclipse/LEDcontroller/_SDK/STM32Cube_FW_F1_V1.4.0/Drivers/STM32F1xx_HAL_Driver/Src/stm32f1xx_hal_can.c
Invoking: Cross ARM C Compiler
arm-none-eabi-gcc -mcpu=cortex-m3 -mthumb -O0 -fmessage-length=0 -fsigned-char -ffunction-sections -fdata-sections  -g3 -DSTM32F103xB -I"/home/andre/eclipse/LEDcontroller/_SDK/STM32Cube_FW_F1_V1.4.0/Drivers/CMSIS/Device/ST/STM32F1xx/Include" -I"/home/andre/eclipse/LEDcontroller/_SDK/STM32Cube_FW_F1_V1.4.0/Drivers/CMSIS/Include" -I"/home/andre/eclipse/LEDcontroller/_SDK/STM32Cube_FW_F1_V1.4.0/Drivers/STM32F1xx_HAL_Driver/Inc" -I"/home/andre/eclipse/LEDcontroller/_SDK/STM32Cube_FW_F1_V1.4.0/Drivers/STM32F1xx_HAL_Driver/Inc/Legacy" -I"/home/andre/eclipse/LEDcontroller/_SDK/STM32Cube_FW_F1_V1.4.0/Middlewares/ST/STM32_USB_Device_Library/Core/Inc" -I"/home/andre/eclipse/LEDcontroller/LED_Controller_STM/USB_Class_LED/Inc" -I"/home/andre/eclipse/LEDcontroller/LED_Controller_STM/inc" -I"/home/andre/eclipse/LEDcontroller/LED_Controller_STM/cfg" -I"/home/andre/eclipse/LEDcontroller/_Common/STM32/inc" -I"/home/andre/eclipse/LEDcontroller/_Common/Any/inc" -std=gnu11 -MMD -MP -MF"sdk/stm32f1xx_hal_can.d" -MT"sdk/stm32f1xx_hal_can.o" -c -o "sdk/stm32f1xx_hal_can.o" "/home/andre/eclipse/LEDcontroller/_SDK/STM32Cube_FW_F1_V1.4.0/Drivers/STM32F1xx_HAL_Driver/Src/stm32f1xx_hal_can.c"
Finished building: /home/andre/eclipse/LEDcontroller/_SDK/STM32Cube_FW_F1_V1.4.0/Drivers/STM32F1xx_HAL_Driver/Src/stm32f1xx_hal_can.c
 
Building file: /home/andre/eclipse/LEDcontroller/_SDK/STM32Cube_FW_F1_V1.4.0/Drivers/STM32F1xx_HAL_Driver/Src/stm32f1xx_hal_cec.c
Invoking: Cross ARM C Compiler
arm-none-eabi-gcc -mcpu=cortex-m3 -mthumb -O0 -fmessage-length=0 -fsigned-char -ffunction-sections -fdata-sections  -g3 -DSTM32F103xB -I"/home/andre/eclipse/LEDcontroller/_SDK/STM32Cube_FW_F1_V1.4.0/Drivers/CMSIS/Device/ST/STM32F1xx/Include" -I"/home/andre/eclipse/LEDcontroller/_SDK/STM32Cube_FW_F1_V1.4.0/Drivers/CMSIS/Include" -I"/home/andre/eclipse/LEDcontroller/_SDK/STM32Cube_FW_F1_V1.4.0/Drivers/STM32F1xx_HAL_Driver/Inc" -I"/home/andre/eclipse/LEDcontroller/_SDK/STM32Cube_FW_F1_V1.4.0/Drivers/STM32F1xx_HAL_Driver/Inc/Legacy" -I"/home/andre/eclipse/LEDcontroller/_SDK/STM32Cube_FW_F1_V1.4.0/Middlewares/ST/STM32_USB_Device_Library/Core/Inc" -I"/home/andre/eclipse/LEDcontroller/LED_Controller_STM/USB_Class_LED/Inc" -I"/home/andre/eclipse/LEDcontroller/LED_Controller_STM/inc" -I"/home/andre/eclipse/LEDcontroller/LED_Controller_STM/cfg" -I"/home/andre/eclipse/LEDcontroller/_Common/STM32/inc" -I"/home/andre/eclipse/LEDcontroller/_Common/Any/inc" -std=gnu11 -MMD -MP -MF"sdk/stm32f1xx_hal_cec.d" -MT"sdk/stm32f1xx_hal_cec.o" -c -o "sdk/stm32f1xx_hal_cec.o" "/home/andre/eclipse/LEDcontroller/_SDK/STM32Cube_FW_F1_V1.4.0/Drivers/STM32F1xx_HAL_Driver/Src/stm32f1xx_hal_cec.c"
Finished building: /home/andre/eclipse/LEDcontroller/_SDK/STM32Cube_FW_F1_V1.4.0/Drivers/STM32F1xx_HAL_Driver/Src/stm32f1xx_hal_cec.c
 
Building file: /home/andre/eclipse/LEDcontroller/_SDK/STM32Cube_FW_F1_V1.4.0/Drivers/STM32F1xx_HAL_Driver/Src/stm32f1xx_hal_cortex.c
Invoking: Cross ARM C Compiler
arm-none-eabi-gcc -mcpu=cortex-m3 -mthumb -O0 -fmessage-length=0 -fsigned-char -ffunction-sections -fdata-sections  -g3 -DSTM32F103xB -I"/home/andre/eclipse/LEDcontroller/_SDK/STM32Cube_FW_F1_V1.4.0/Drivers/CMSIS/Device/ST/STM32F1xx/Include" -I"/home/andre/eclipse/LEDcontroller/_SDK/STM32Cube_FW_F1_V1.4.0/Drivers/CMSIS/Include" -I"/home/andre/eclipse/LEDcontroller/_SDK/STM32Cube_FW_F1_V1.4.0/Drivers/STM32F1xx_HAL_Driver/Inc" -I"/home/andre/eclipse/LEDcontroller/_SDK/STM32Cube_FW_F1_V1.4.0/Drivers/STM32F1xx_HAL_Driver/Inc/Legacy" -I"/home/andre/eclipse/LEDcontroller/_SDK/STM32Cube_FW_F1_V1.4.0/Middlewares/ST/STM32_USB_Device_Library/Core/Inc" -I"/home/andre/eclipse/LEDcontroller/LED_Controller_STM/USB_Class_LED/Inc" -I"/home/andre/eclipse/LEDcontroller/LED_Controller_STM/inc" -I"/home/andre/eclipse/LEDcontroller/LED_Controller_STM/cfg" -I"/home/andre/eclipse/LEDcontroller/_Common/STM32/inc" -I"/home/andre/eclipse/LEDcontroller/_Common/Any/inc" -std=gnu11 -MMD -MP -MF"sdk/stm32f1xx_hal_cortex.d" -MT"sdk/stm32f1xx_hal_cortex.o" -c -o "sdk/stm32f1xx_hal_cortex.o" "/home/andre/eclipse/LEDcontroller/_SDK/STM32Cube_FW_F1_V1.4.0/Drivers/STM32F1xx_HAL_Driver/Src/stm32f1xx_hal_cortex.c"
Finished building: /home/andre/eclipse/LEDcontroller/_SDK/STM32Cube_FW_F1_V1.4.0/Drivers/STM32F1xx_HAL_Driver/Src/stm32f1xx_hal_cortex.c
 
Building file: /home/andre/eclipse/LEDcontroller/_SDK/STM32Cube_FW_F1_V1.4.0/Drivers/STM32F1xx_HAL_Driver/Src/stm32f1xx_hal_crc.c
Invoking: Cross ARM C Compiler
arm-none-eabi-gcc -mcpu=cortex-m3 -mthumb -O0 -fmessage-length=0 -fsigned-char -ffunction-sections -fdata-sections  -g3 -DSTM32F103xB -I"/home/andre/eclipse/LEDcontroller/_SDK/STM32Cube_FW_F1_V1.4.0/Drivers/CMSIS/Device/ST/STM32F1xx/Include" -I"/home/andre/eclipse/LEDcontroller/_SDK/STM32Cube_FW_F1_V1.4.0/Drivers/CMSIS/Include" -I"/home/andre/eclipse/LEDcontroller/_SDK/STM32Cube_FW_F1_V1.4.0/Drivers/STM32F1xx_HAL_Driver/Inc" -I"/home/andre/eclipse/LEDcontroller/_SDK/STM32Cube_FW_F1_V1.4.0/Drivers/STM32F1xx_HAL_Driver/Inc/Legacy" -I"/home/andre/eclipse/LEDcontroller/_SDK/STM32Cube_FW_F1_V1.4.0/Middlewares/ST/STM32_USB_Device_Library/Core/Inc" -I"/home/andre/eclipse/LEDcontroller/LED_Controller_STM/USB_Class_LED/Inc" -I"/home/andre/eclipse/LEDcontroller/LED_Controller_STM/inc" -I"/home/andre/eclipse/LEDcontroller/LED_Controller_STM/cfg" -I"/home/andre/eclipse/LEDcontroller/_Common/STM32/inc" -I"/home/andre/eclipse/LEDcontroller/_Common/Any/inc" -std=gnu11 -MMD -MP -MF"sdk/stm32f1xx_hal_crc.d" -MT"sdk/stm32f1xx_hal_crc.o" -c -o "sdk/stm32f1xx_hal_crc.o" "/home/andre/eclipse/LEDcontroller/_SDK/STM32Cube_FW_F1_V1.4.0/Drivers/STM32F1xx_HAL_Driver/Src/stm32f1xx_hal_crc.c"
Finished building: /home/andre/eclipse/LEDcontroller/_SDK/STM32Cube_FW_F1_V1.4.0/Drivers/STM32F1xx_HAL_Driver/Src/stm32f1xx_hal_crc.c
 
Building file: /home/andre/eclipse/LEDcontroller/_SDK/STM32Cube_FW_F1_V1.4.0/Drivers/STM32F1xx_HAL_Driver/Src/stm32f1xx_hal_dac.c
Invoking: Cross ARM C Compiler
arm-none-eabi-gcc -mcpu=cortex-m3 -mthumb -O0 -fmessage-length=0 -fsigned-char -ffunction-sections -fdata-sections  -g3 -DSTM32F103xB -I"/home/andre/eclipse/LEDcontroller/_SDK/STM32Cube_FW_F1_V1.4.0/Drivers/CMSIS/Device/ST/STM32F1xx/Include" -I"/home/andre/eclipse/LEDcontroller/_SDK/STM32Cube_FW_F1_V1.4.0/Drivers/CMSIS/Include" -I"/home/andre/eclipse/LEDcontroller/_SDK/STM32Cube_FW_F1_V1.4.0/Drivers/STM32F1xx_HAL_Driver/Inc" -I"/home/andre/eclipse/LEDcontroller/_SDK/STM32Cube_FW_F1_V1.4.0/Drivers/STM32F1xx_HAL_Driver/Inc/Legacy" -I"/home/andre/eclipse/LEDcontroller/_SDK/STM32Cube_FW_F1_V1.4.0/Middlewares/ST/STM32_USB_Device_Library/Core/Inc" -I"/home/andre/eclipse/LEDcontroller/LED_Controller_STM/USB_Class_LED/Inc" -I"/home/andre/eclipse/LEDcontroller/LED_Controller_STM/inc" -I"/home/andre/eclipse/LEDcontroller/LED_Controller_STM/cfg" -I"/home/andre/eclipse/LEDcontroller/_Common/STM32/inc" -I"/home/andre/eclipse/LEDcontroller/_Common/Any/inc" -std=gnu11 -MMD -MP -MF"sdk/stm32f1xx_hal_dac.d" -MT"sdk/stm32f1xx_hal_dac.o" -c -o "sdk/stm32f1xx_hal_dac.o" "/home/andre/eclipse/LEDcontroller/_SDK/STM32Cube_FW_F1_V1.4.0/Drivers/STM32F1xx_HAL_Driver/Src/stm32f1xx_hal_dac.c"
Finished building: /home/andre/eclipse/LEDcontroller/_SDK/STM32Cube_FW_F1_V1.4.0/Drivers/STM32F1xx_HAL_Driver/Src/stm32f1xx_hal_dac.c
 
Building file: /home/andre/eclipse/LEDcontroller/_SDK/STM32Cube_FW_F1_V1.4.0/Drivers/STM32F1xx_HAL_Driver/Src/stm32f1xx_hal_dac_ex.c
Invoking: Cross ARM C Compiler
arm-none-eabi-gcc -mcpu=cortex-m3 -mthumb -O0 -fmessage-length=0 -fsigned-char -ffunction-sections -fdata-sections  -g3 -DSTM32F103xB -I"/home/andre/eclipse/LEDcontroller/_SDK/STM32Cube_FW_F1_V1.4.0/Drivers/CMSIS/Device/ST/STM32F1xx/Include" -I"/home/andre/eclipse/LEDcontroller/_SDK/STM32Cube_FW_F1_V1.4.0/Drivers/CMSIS/Include" -I"/home/andre/eclipse/LEDcontroller/_SDK/STM32Cube_FW_F1_V1.4.0/Drivers/STM32F1xx_HAL_Driver/Inc" -I"/home/andre/eclipse/LEDcontroller/_SDK/STM32Cube_FW_F1_V1.4.0/Drivers/STM32F1xx_HAL_Driver/Inc/Legacy" -I"/home/andre/eclipse/LEDcontroller/_SDK/STM32Cube_FW_F1_V1.4.0/Middlewares/ST/STM32_USB_Device_Library/Core/Inc" -I"/home/andre/eclipse/LEDcontroller/LED_Controller_STM/USB_Class_LED/Inc" -I"/home/andre/eclipse/LEDcontroller/LED_Controller_STM/inc" -I"/home/andre/eclipse/LEDcontroller/LED_Controller_STM/cfg" -I"/home/andre/eclipse/LEDcontroller/_Common/STM32/inc" -I"/home/andre/eclipse/LEDcontroller/_Common/Any/inc" -std=gnu11 -MMD -MP -MF"sdk/stm32f1xx_hal_dac_ex.d" -MT"sdk/stm32f1xx_hal_dac_ex.o" -c -o "sdk/stm32f1xx_hal_dac_ex.o" "/home/andre/eclipse/LEDcontroller/_SDK/STM32Cube_FW_F1_V1.4.0/Drivers/STM32F1xx_HAL_Driver/Src/stm32f1xx_hal_dac_ex.c"
Finished building: /home/andre/eclipse/LEDcontroller/_SDK/STM32Cube_FW_F1_V1.4.0/Drivers/STM32F1xx_HAL_Driver/Src/stm32f1xx_hal_dac_ex.c
 
Building file: /home/andre/eclipse/LEDcontroller/_SDK/STM32Cube_FW_F1_V1.4.0/Drivers/STM32F1xx_HAL_Driver/Src/stm32f1xx_hal_dma.c
Invoking: Cross ARM C Compiler
arm-none-eabi-gcc -mcpu=cortex-m3 -mthumb -O0 -fmessage-length=0 -fsigned-char -ffunction-sections -fdata-sections  -g3 -DSTM32F103xB -I"/home/andre/eclipse/LEDcontroller/_SDK/STM32Cube_FW_F1_V1.4.0/Drivers/CMSIS/Device/ST/STM32F1xx/Include" -I"/home/andre/eclipse/LEDcontroller/_SDK/STM32Cube_FW_F1_V1.4.0/Drivers/CMSIS/Include" -I"/home/andre/eclipse/LEDcontroller/_SDK/STM32Cube_FW_F1_V1.4.0/Drivers/STM32F1xx_HAL_Driver/Inc" -I"/home/andre/eclipse/LEDcontroller/_SDK/STM32Cube_FW_F1_V1.4.0/Drivers/STM32F1xx_HAL_Driver/Inc/Legacy" -I"/home/andre/eclipse/LEDcontroller/_SDK/STM32Cube_FW_F1_V1.4.0/Middlewares/ST/STM32_USB_Device_Library/Core/Inc" -I"/home/andre/eclipse/LEDcontroller/LED_Controller_STM/USB_Class_LED/Inc" -I"/home/andre/eclipse/LEDcontroller/LED_Controller_STM/inc" -I"/home/andre/eclipse/LEDcontroller/LED_Controller_STM/cfg" -I"/home/andre/eclipse/LEDcontroller/_Common/STM32/inc" -I"/home/andre/eclipse/LEDcontroller/_Common/Any/inc" -std=gnu11 -MMD -MP -MF"sdk/stm32f1xx_hal_dma.d" -MT"sdk/stm32f1xx_hal_dma.o" -c -o "sdk/stm32f1xx_hal_dma.o" "/home/andre/eclipse/LEDcontroller/_SDK/STM32Cube_FW_F1_V1.4.0/Drivers/STM32F1xx_HAL_Driver/Src/stm32f1xx_hal_dma.c"
Finished building: /home/andre/eclipse/LEDcontroller/_SDK/STM32Cube_FW_F1_V1.4.0/Drivers/STM32F1xx_HAL_Driver/Src/stm32f1xx_hal_dma.c
 
Building file: /home/andre/eclipse/LEDcontroller/_SDK/STM32Cube_FW_F1_V1.4.0/Drivers/STM32F1xx_HAL_Driver/Src/stm32f1xx_hal_eth.c
Invoking: Cross ARM C Compiler
arm-none-eabi-gcc -mcpu=cortex-m3 -mthumb -O0 -fmessage-length=0 -fsigned-char -ffunction-sections -fdata-sections  -g3 -DSTM32F103xB -I"/home/andre/eclipse/LEDcontroller/_SDK/STM32Cube_FW_F1_V1.4.0/Drivers/CMSIS/Device/ST/STM32F1xx/Include" -I"/home/andre/eclipse/LEDcontroller/_SDK/STM32Cube_FW_F1_V1.4.0/Drivers/CMSIS/Include" -I"/home/andre/eclipse/LEDcontroller/_SDK/STM32Cube_FW_F1_V1.4.0/Drivers/STM32F1xx_HAL_Driver/Inc" -I"/home/andre/eclipse/LEDcontroller/_SDK/STM32Cube_FW_F1_V1.4.0/Drivers/STM32F1xx_HAL_Driver/Inc/Legacy" -I"/home/andre/eclipse/LEDcontroller/_SDK/STM32Cube_FW_F1_V1.4.0/Middlewares/ST/STM32_USB_Device_Library/Core/Inc" -I"/home/andre/eclipse/LEDcontroller/LED_Controller_STM/USB_Class_LED/Inc" -I"/home/andre/eclipse/LEDcontroller/LED_Controller_STM/inc" -I"/home/andre/eclipse/LEDcontroller/LED_Controller_STM/cfg" -I"/home/andre/eclipse/LEDcontroller/_Common/STM32/inc" -I"/home/andre/eclipse/LEDcontroller/_Common/Any/inc" -std=gnu11 -MMD -MP -MF"sdk/stm32f1xx_hal_eth.d" -MT"sdk/stm32f1xx_hal_eth.o" -c -o "sdk/stm32f1xx_hal_eth.o" "/home/andre/eclipse/LEDcontroller/_SDK/STM32Cube_FW_F1_V1.4.0/Drivers/STM32F1xx_HAL_Driver/Src/stm32f1xx_hal_eth.c"
Finished building: /home/andre/eclipse/LEDcontroller/_SDK/STM32Cube_FW_F1_V1.4.0/Drivers/STM32F1xx_HAL_Driver/Src/stm32f1xx_hal_eth.c
 
Building file: /home/andre/eclipse/LEDcontroller/_SDK/STM32Cube_FW_F1_V1.4.0/Drivers/STM32F1xx_HAL_Driver/Src/stm32f1xx_hal_flash.c
Invoking: Cross ARM C Compiler
arm-none-eabi-gcc -mcpu=cortex-m3 -mthumb -O0 -fmessage-length=0 -fsigned-char -ffunction-sections -fdata-sections  -g3 -DSTM32F103xB -I"/home/andre/eclipse/LEDcontroller/_SDK/STM32Cube_FW_F1_V1.4.0/Drivers/CMSIS/Device/ST/STM32F1xx/Include" -I"/home/andre/eclipse/LEDcontroller/_SDK/STM32Cube_FW_F1_V1.4.0/Drivers/CMSIS/Include" -I"/home/andre/eclipse/LEDcontroller/_SDK/STM32Cube_FW_F1_V1.4.0/Drivers/STM32F1xx_HAL_Driver/Inc" -I"/home/andre/eclipse/LEDcontroller/_SDK/STM32Cube_FW_F1_V1.4.0/Drivers/STM32F1xx_HAL_Driver/Inc/Legacy" -I"/home/andre/eclipse/LEDcontroller/_SDK/STM32Cube_FW_F1_V1.4.0/Middlewares/ST/STM32_USB_Device_Library/Core/Inc" -I"/home/andre/eclipse/LEDcontroller/LED_Controller_STM/USB_Class_LED/Inc" -I"/home/andre/eclipse/LEDcontroller/LED_Controller_STM/inc" -I"/home/andre/eclipse/LEDcontroller/LED_Controller_STM/cfg" -I"/home/andre/eclipse/LEDcontroller/_Common/STM32/inc" -I"/home/andre/eclipse/LEDcontroller/_Common/Any/inc" -std=gnu11 -MMD -MP -MF"sdk/stm32f1xx_hal_flash.d" -MT"sdk/stm32f1xx_hal_flash.o" -c -o "sdk/stm32f1xx_hal_flash.o" "/home/andre/eclipse/LEDcontroller/_SDK/STM32Cube_FW_F1_V1.4.0/Drivers/STM32F1xx_HAL_Driver/Src/stm32f1xx_hal_flash.c"
Finished building: /home/andre/eclipse/LEDcontroller/_SDK/STM32Cube_FW_F1_V1.4.0/Drivers/STM32F1xx_HAL_Driver/Src/stm32f1xx_hal_flash.c
 
Building file: /home/andre/eclipse/LEDcontroller/_SDK/STM32Cube_FW_F1_V1.4.0/Drivers/STM32F1xx_HAL_Driver/Src/stm32f1xx_hal_flash_ex.c
Invoking: Cross ARM C Compiler
arm-none-eabi-gcc -mcpu=cortex-m3 -mthumb -O0 -fmessage-length=0 -fsigned-char -ffunction-sections -fdata-sections  -g3 -DSTM32F103xB -I"/home/andre/eclipse/LEDcontroller/_SDK/STM32Cube_FW_F1_V1.4.0/Drivers/CMSIS/Device/ST/STM32F1xx/Include" -I"/home/andre/eclipse/LEDcontroller/_SDK/STM32Cube_FW_F1_V1.4.0/Drivers/CMSIS/Include" -I"/home/andre/eclipse/LEDcontroller/_SDK/STM32Cube_FW_F1_V1.4.0/Drivers/STM32F1xx_HAL_Driver/Inc" -I"/home/andre/eclipse/LEDcontroller/_SDK/STM32Cube_FW_F1_V1.4.0/Drivers/STM32F1xx_HAL_Driver/Inc/Legacy" -I"/home/andre/eclipse/LEDcontroller/_SDK/STM32Cube_FW_F1_V1.4.0/Middlewares/ST/STM32_USB_Device_Library/Core/Inc" -I"/home/andre/eclipse/LEDcontroller/LED_Controller_STM/USB_Class_LED/Inc" -I"/home/andre/eclipse/LEDcontroller/LED_Controller_STM/inc" -I"/home/andre/eclipse/LEDcontroller/LED_Controller_STM/cfg" -I"/home/andre/eclipse/LEDcontroller/_Common/STM32/inc" -I"/home/andre/eclipse/LEDcontroller/_Common/Any/inc" -std=gnu11 -MMD -MP -MF"sdk/stm32f1xx_hal_flash_ex.d" -MT"sdk/stm32f1xx_hal_flash_ex.o" -c -o "sdk/stm32f1xx_hal_flash_ex.o" "/home/andre/eclipse/LEDcontroller/_SDK/STM32Cube_FW_F1_V1.4.0/Drivers/STM32F1xx_HAL_Driver/Src/stm32f1xx_hal_flash_ex.c"
Finished building: /home/andre/eclipse/LEDcontroller/_SDK/STM32Cube_FW_F1_V1.4.0/Drivers/STM32F1xx_HAL_Driver/Src/stm32f1xx_hal_flash_ex.c
 
Building file: /home/andre/eclipse/LEDcontroller/_SDK/STM32Cube_FW_F1_V1.4.0/Drivers/STM32F1xx_HAL_Driver/Src/stm32f1xx_hal_gpio.c
Invoking: Cross ARM C Compiler
arm-none-eabi-gcc -mcpu=cortex-m3 -mthumb -O0 -fmessage-length=0 -fsigned-char -ffunction-sections -fdata-sections  -g3 -DSTM32F103xB -I"/home/andre/eclipse/LEDcontroller/_SDK/STM32Cube_FW_F1_V1.4.0/Drivers/CMSIS/Device/ST/STM32F1xx/Include" -I"/home/andre/eclipse/LEDcontroller/_SDK/STM32Cube_FW_F1_V1.4.0/Drivers/CMSIS/Include" -I"/home/andre/eclipse/LEDcontroller/_SDK/STM32Cube_FW_F1_V1.4.0/Drivers/STM32F1xx_HAL_Driver/Inc" -I"/home/andre/eclipse/LEDcontroller/_SDK/STM32Cube_FW_F1_V1.4.0/Drivers/STM32F1xx_HAL_Driver/Inc/Legacy" -I"/home/andre/eclipse/LEDcontroller/_SDK/STM32Cube_FW_F1_V1.4.0/Middlewares/ST/STM32_USB_Device_Library/Core/Inc" -I"/home/andre/eclipse/LEDcontroller/LED_Controller_STM/USB_Class_LED/Inc" -I"/home/andre/eclipse/LEDcontroller/LED_Controller_STM/inc" -I"/home/andre/eclipse/LEDcontroller/LED_Controller_STM/cfg" -I"/home/andre/eclipse/LEDcontroller/_Common/STM32/inc" -I"/home/andre/eclipse/LEDcontroller/_Common/Any/inc" -std=gnu11 -MMD -MP -MF"sdk/stm32f1xx_hal_gpio.d" -MT"sdk/stm32f1xx_hal_gpio.o" -c -o "sdk/stm32f1xx_hal_gpio.o" "/home/andre/eclipse/LEDcontroller/_SDK/STM32Cube_FW_F1_V1.4.0/Drivers/STM32F1xx_HAL_Driver/Src/stm32f1xx_hal_gpio.c"
Finished building: /home/andre/eclipse/LEDcontroller/_SDK/STM32Cube_FW_F1_V1.4.0/Drivers/STM32F1xx_HAL_Driver/Src/stm32f1xx_hal_gpio.c
 
Building file: /home/andre/eclipse/LEDcontroller/_SDK/STM32Cube_FW_F1_V1.4.0/Drivers/STM32F1xx_HAL_Driver/Src/stm32f1xx_hal_gpio_ex.c
Invoking: Cross ARM C Compiler
arm-none-eabi-gcc -mcpu=cortex-m3 -mthumb -O0 -fmessage-length=0 -fsigned-char -ffunction-sections -fdata-sections  -g3 -DSTM32F103xB -I"/home/andre/eclipse/LEDcontroller/_SDK/STM32Cube_FW_F1_V1.4.0/Drivers/CMSIS/Device/ST/STM32F1xx/Include" -I"/home/andre/eclipse/LEDcontroller/_SDK/STM32Cube_FW_F1_V1.4.0/Drivers/CMSIS/Include" -I"/home/andre/eclipse/LEDcontroller/_SDK/STM32Cube_FW_F1_V1.4.0/Drivers/STM32F1xx_HAL_Driver/Inc" -I"/home/andre/eclipse/LEDcontroller/_SDK/STM32Cube_FW_F1_V1.4.0/Drivers/STM32F1xx_HAL_Driver/Inc/Legacy" -I"/home/andre/eclipse/LEDcontroller/_SDK/STM32Cube_FW_F1_V1.4.0/Middlewares/ST/STM32_USB_Device_Library/Core/Inc" -I"/home/andre/eclipse/LEDcontroller/LED_Controller_STM/USB_Class_LED/Inc" -I"/home/andre/eclipse/LEDcontroller/LED_Controller_STM/inc" -I"/home/andre/eclipse/LEDcontroller/LED_Controller_STM/cfg" -I"/home/andre/eclipse/LEDcontroller/_Common/STM32/inc" -I"/home/andre/eclipse/LEDcontroller/_Common/Any/inc" -std=gnu11 -MMD -MP -MF"sdk/stm32f1xx_hal_gpio_ex.d" -MT"sdk/stm32f1xx_hal_gpio_ex.o" -c -o "sdk/stm32f1xx_hal_gpio_ex.o" "/home/andre/eclipse/LEDcontroller/_SDK/STM32Cube_FW_F1_V1.4.0/Drivers/STM32F1xx_HAL_Driver/Src/stm32f1xx_hal_gpio_ex.c"
Finished building: /home/andre/eclipse/LEDcontroller/_SDK/STM32Cube_FW_F1_V1.4.0/Drivers/STM32F1xx_HAL_Driver/Src/stm32f1xx_hal_gpio_ex.c
 
Building file: /home/andre/eclipse/LEDcontroller/_SDK/STM32Cube_FW_F1_V1.4.0/Drivers/STM32F1xx_HAL_Driver/Src/stm32f1xx_hal_hcd.c
Invoking: Cross ARM C Compiler
arm-none-eabi-gcc -mcpu=cortex-m3 -mthumb -O0 -fmessage-length=0 -fsigned-char -ffunction-sections -fdata-sections  -g3 -DSTM32F103xB -I"/home/andre/eclipse/LEDcontroller/_SDK/STM32Cube_FW_F1_V1.4.0/Drivers/CMSIS/Device/ST/STM32F1xx/Include" -I"/home/andre/eclipse/LEDcontroller/_SDK/STM32Cube_FW_F1_V1.4.0/Drivers/CMSIS/Include" -I"/home/andre/eclipse/LEDcontroller/_SDK/STM32Cube_FW_F1_V1.4.0/Drivers/STM32F1xx_HAL_Driver/Inc" -I"/home/andre/eclipse/LEDcontroller/_SDK/STM32Cube_FW_F1_V1.4.0/Drivers/STM32F1xx_HAL_Driver/Inc/Legacy" -I"/home/andre/eclipse/LEDcontroller/_SDK/STM32Cube_FW_F1_V1.4.0/Middlewares/ST/STM32_USB_Device_Library/Core/Inc" -I"/home/andre/eclipse/LEDcontroller/LED_Controller_STM/USB_Class_LED/Inc" -I"/home/andre/eclipse/LEDcontroller/LED_Controller_STM/inc" -I"/home/andre/eclipse/LEDcontroller/LED_Controller_STM/cfg" -I"/home/andre/eclipse/LEDcontroller/_Common/STM32/inc" -I"/home/andre/eclipse/LEDcontroller/_Common/Any/inc" -std=gnu11 -MMD -MP -MF"sdk/stm32f1xx_hal_hcd.d" -MT"sdk/stm32f1xx_hal_hcd.o" -c -o "sdk/stm32f1xx_hal_hcd.o" "/home/andre/eclipse/LEDcontroller/_SDK/STM32Cube_FW_F1_V1.4.0/Drivers/STM32F1xx_HAL_Driver/Src/stm32f1xx_hal_hcd.c"
Finished building: /home/andre/eclipse/LEDcontroller/_SDK/STM32Cube_FW_F1_V1.4.0/Drivers/STM32F1xx_HAL_Driver/Src/stm32f1xx_hal_hcd.c
 
Building file: /home/andre/eclipse/LEDcontroller/_SDK/STM32Cube_FW_F1_V1.4.0/Drivers/STM32F1xx_HAL_Driver/Src/stm32f1xx_hal_i2c.c
Invoking: Cross ARM C Compiler
arm-none-eabi-gcc -mcpu=cortex-m3 -mthumb -O0 -fmessage-length=0 -fsigned-char -ffunction-sections -fdata-sections  -g3 -DSTM32F103xB -I"/home/andre/eclipse/LEDcontroller/_SDK/STM32Cube_FW_F1_V1.4.0/Drivers/CMSIS/Device/ST/STM32F1xx/Include" -I"/home/andre/eclipse/LEDcontroller/_SDK/STM32Cube_FW_F1_V1.4.0/Drivers/CMSIS/Include" -I"/home/andre/eclipse/LEDcontroller/_SDK/STM32Cube_FW_F1_V1.4.0/Drivers/STM32F1xx_HAL_Driver/Inc" -I"/home/andre/eclipse/LEDcontroller/_SDK/STM32Cube_FW_F1_V1.4.0/Drivers/STM32F1xx_HAL_Driver/Inc/Legacy" -I"/home/andre/eclipse/LEDcontroller/_SDK/STM32Cube_FW_F1_V1.4.0/Middlewares/ST/STM32_USB_Device_Library/Core/Inc" -I"/home/andre/eclipse/LEDcontroller/LED_Controller_STM/USB_Class_LED/Inc" -I"/home/andre/eclipse/LEDcontroller/LED_Controller_STM/inc" -I"/home/andre/eclipse/LEDcontroller/LED_Controller_STM/cfg" -I"/home/andre/eclipse/LEDcontroller/_Common/STM32/inc" -I"/home/andre/eclipse/LEDcontroller/_Common/Any/inc" -std=gnu11 -MMD -MP -MF"sdk/stm32f1xx_hal_i2c.d" -MT"sdk/stm32f1xx_hal_i2c.o" -c -o "sdk/stm32f1xx_hal_i2c.o" "/home/andre/eclipse/LEDcontroller/_SDK/STM32Cube_FW_F1_V1.4.0/Drivers/STM32F1xx_HAL_Driver/Src/stm32f1xx_hal_i2c.c"
Finished building: /home/andre/eclipse/LEDcontroller/_SDK/STM32Cube_FW_F1_V1.4.0/Drivers/STM32F1xx_HAL_Driver/Src/stm32f1xx_hal_i2c.c
 
Building file: /home/andre/eclipse/LEDcontroller/_SDK/STM32Cube_FW_F1_V1.4.0/Drivers/STM32F1xx_HAL_Driver/Src/stm32f1xx_hal_i2s.c
Invoking: Cross ARM C Compiler
arm-none-eabi-gcc -mcpu=cortex-m3 -mthumb -O0 -fmessage-length=0 -fsigned-char -ffunction-sections -fdata-sections  -g3 -DSTM32F103xB -I"/home/andre/eclipse/LEDcontroller/_SDK/STM32Cube_FW_F1_V1.4.0/Drivers/CMSIS/Device/ST/STM32F1xx/Include" -I"/home/andre/eclipse/LEDcontroller/_SDK/STM32Cube_FW_F1_V1.4.0/Drivers/CMSIS/Include" -I"/home/andre/eclipse/LEDcontroller/_SDK/STM32Cube_FW_F1_V1.4.0/Drivers/STM32F1xx_HAL_Driver/Inc" -I"/home/andre/eclipse/LEDcontroller/_SDK/STM32Cube_FW_F1_V1.4.0/Drivers/STM32F1xx_HAL_Driver/Inc/Legacy" -I"/home/andre/eclipse/LEDcontroller/_SDK/STM32Cube_FW_F1_V1.4.0/Middlewares/ST/STM32_USB_Device_Library/Core/Inc" -I"/home/andre/eclipse/LEDcontroller/LED_Controller_STM/USB_Class_LED/Inc" -I"/home/andre/eclipse/LEDcontroller/LED_Controller_STM/inc" -I"/home/andre/eclipse/LEDcontroller/LED_Controller_STM/cfg" -I"/home/andre/eclipse/LEDcontroller/_Common/STM32/inc" -I"/home/andre/eclipse/LEDcontroller/_Common/Any/inc" -std=gnu11 -MMD -MP -MF"sdk/stm32f1xx_hal_i2s.d" -MT"sdk/stm32f1xx_hal_i2s.o" -c -o "sdk/stm32f1xx_hal_i2s.o" "/home/andre/eclipse/LEDcontroller/_SDK/STM32Cube_FW_F1_V1.4.0/Drivers/STM32F1xx_HAL_Driver/Src/stm32f1xx_hal_i2s.c"
Finished building: /home/andre/eclipse/LEDcontroller/_SDK/STM32Cube_FW_F1_V1.4.0/Drivers/STM32F1xx_HAL_Driver/Src/stm32f1xx_hal_i2s.c
 
Building file: /home/andre/eclipse/LEDcontroller/_SDK/STM32Cube_FW_F1_V1.4.0/Drivers/STM32F1xx_HAL_Driver/Src/stm32f1xx_hal_irda.c
Invoking: Cross ARM C Compiler
arm-none-eabi-gcc -mcpu=cortex-m3 -mthumb -O0 -fmessage-length=0 -fsigned-char -ffunction-sections -fdata-sections  -g3 -DSTM32F103xB -I"/home/andre/eclipse/LEDcontroller/_SDK/STM32Cube_FW_F1_V1.4.0/Drivers/CMSIS/Device/ST/STM32F1xx/Include" -I"/home/andre/eclipse/LEDcontroller/_SDK/STM32Cube_FW_F1_V1.4.0/Drivers/CMSIS/Include" -I"/home/andre/eclipse/LEDcontroller/_SDK/STM32Cube_FW_F1_V1.4.0/Drivers/STM32F1xx_HAL_Driver/Inc" -I"/home/andre/eclipse/LEDcontroller/_SDK/STM32Cube_FW_F1_V1.4.0/Drivers/STM32F1xx_HAL_Driver/Inc/Legacy" -I"/home/andre/eclipse/LEDcontroller/_SDK/STM32Cube_FW_F1_V1.4.0/Middlewares/ST/STM32_USB_Device_Library/Core/Inc" -I"/home/andre/eclipse/LEDcontroller/LED_Controller_STM/USB_Class_LED/Inc" -I"/home/andre/eclipse/LEDcontroller/LED_Controller_STM/inc" -I"/home/andre/eclipse/LEDcontroller/LED_Controller_STM/cfg" -I"/home/andre/eclipse/LEDcontroller/_Common/STM32/inc" -I"/home/andre/eclipse/LEDcontroller/_Common/Any/inc" -std=gnu11 -MMD -MP -MF"sdk/stm32f1xx_hal_irda.d" -MT"sdk/stm32f1xx_hal_irda.o" -c -o "sdk/stm32f1xx_hal_irda.o" "/home/andre/eclipse/LEDcontroller/_SDK/STM32Cube_FW_F1_V1.4.0/Drivers/STM32F1xx_HAL_Driver/Src/stm32f1xx_hal_irda.c"
Finished building: /home/andre/eclipse/LEDcontroller/_SDK/STM32Cube_FW_F1_V1.4.0/Drivers/STM32F1xx_HAL_Driver/Src/stm32f1xx_hal_irda.c
 
Building file: /home/andre/eclipse/LEDcontroller/_SDK/STM32Cube_FW_F1_V1.4.0/Drivers/STM32F1xx_HAL_Driver/Src/stm32f1xx_hal_iwdg.c
Invoking: Cross ARM C Compiler
arm-none-eabi-gcc -mcpu=cortex-m3 -mthumb -O0 -fmessage-length=0 -fsigned-char -ffunction-sections -fdata-sections  -g3 -DSTM32F103xB -I"/home/andre/eclipse/LEDcontroller/_SDK/STM32Cube_FW_F1_V1.4.0/Drivers/CMSIS/Device/ST/STM32F1xx/Include" -I"/home/andre/eclipse/LEDcontroller/_SDK/STM32Cube_FW_F1_V1.4.0/Drivers/CMSIS/Include" -I"/home/andre/eclipse/LEDcontroller/_SDK/STM32Cube_FW_F1_V1.4.0/Drivers/STM32F1xx_HAL_Driver/Inc" -I"/home/andre/eclipse/LEDcontroller/_SDK/STM32Cube_FW_F1_V1.4.0/Drivers/STM32F1xx_HAL_Driver/Inc/Legacy" -I"/home/andre/eclipse/LEDcontroller/_SDK/STM32Cube_FW_F1_V1.4.0/Middlewares/ST/STM32_USB_Device_Library/Core/Inc" -I"/home/andre/eclipse/LEDcontroller/LED_Controller_STM/USB_Class_LED/Inc" -I"/home/andre/eclipse/LEDcontroller/LED_Controller_STM/inc" -I"/home/andre/eclipse/LEDcontroller/LED_Controller_STM/cfg" -I"/home/andre/eclipse/LEDcontroller/_Common/STM32/inc" -I"/home/andre/eclipse/LEDcontroller/_Common/Any/inc" -std=gnu11 -MMD -MP -MF"sdk/stm32f1xx_hal_iwdg.d" -MT"sdk/stm32f1xx_hal_iwdg.o" -c -o "sdk/stm32f1xx_hal_iwdg.o" "/home/andre/eclipse/LEDcontroller/_SDK/STM32Cube_FW_F1_V1.4.0/Drivers/STM32F1xx_HAL_Driver/Src/stm32f1xx_hal_iwdg.c"
Finished building: /home/andre/eclipse/LEDcontroller/_SDK/STM32Cube_FW_F1_V1.4.0/Drivers/STM32F1xx_HAL_Driver/Src/stm32f1xx_hal_iwdg.c
 
Building file: /home/andre/eclipse/LEDcontroller/_SDK/STM32Cube_FW_F1_V1.4.0/Drivers/STM32F1xx_HAL_Driver/Src/stm32f1xx_hal_msp_template.c
Invoking: Cross ARM C Compiler
arm-none-eabi-gcc -mcpu=cortex-m3 -mthumb -O0 -fmessage-length=0 -fsigned-char -ffunction-sections -fdata-sections  -g3 -DSTM32F103xB -I"/home/andre/eclipse/LEDcontroller/_SDK/STM32Cube_FW_F1_V1.4.0/Drivers/CMSIS/Device/ST/STM32F1xx/Include" -I"/home/andre/eclipse/LEDcontroller/_SDK/STM32Cube_FW_F1_V1.4.0/Drivers/CMSIS/Include" -I"/home/andre/eclipse/LEDcontroller/_SDK/STM32Cube_FW_F1_V1.4.0/Drivers/STM32F1xx_HAL_Driver/Inc" -I"/home/andre/eclipse/LEDcontroller/_SDK/STM32Cube_FW_F1_V1.4.0/Drivers/STM32F1xx_HAL_Driver/Inc/Legacy" -I"/home/andre/eclipse/LEDcontroller/_SDK/STM32Cube_FW_F1_V1.4.0/Middlewares/ST/STM32_USB_Device_Library/Core/Inc" -I"/home/andre/eclipse/LEDcontroller/LED_Controller_STM/USB_Class_LED/Inc" -I"/home/andre/eclipse/LEDcontroller/LED_Controller_STM/inc" -I"/home/andre/eclipse/LEDcontroller/LED_Controller_STM/cfg" -I"/home/andre/eclipse/LEDcontroller/_Common/STM32/inc" -I"/home/andre/eclipse/LEDcontroller/_Common/Any/inc" -std=gnu11 -MMD -MP -MF"sdk/stm32f1xx_hal_msp_template.d" -MT"sdk/stm32f1xx_hal_msp_template.o" -c -o "sdk/stm32f1xx_hal_msp_template.o" "/home/andre/eclipse/LEDcontroller/_SDK/STM32Cube_FW_F1_V1.4.0/Drivers/STM32F1xx_HAL_Driver/Src/stm32f1xx_hal_msp_template.c"
Finished building: /home/andre/eclipse/LEDcontroller/_SDK/STM32Cube_FW_F1_V1.4.0/Drivers/STM32F1xx_HAL_Driver/Src/stm32f1xx_hal_msp_template.c
 
Building file: /home/andre/eclipse/LEDcontroller/_SDK/STM32Cube_FW_F1_V1.4.0/Drivers/STM32F1xx_HAL_Driver/Src/stm32f1xx_hal_nand.c
Invoking: Cross ARM C Compiler
arm-none-eabi-gcc -mcpu=cortex-m3 -mthumb -O0 -fmessage-length=0 -fsigned-char -ffunction-sections -fdata-sections  -g3 -DSTM32F103xB -I"/home/andre/eclipse/LEDcontroller/_SDK/STM32Cube_FW_F1_V1.4.0/Drivers/CMSIS/Device/ST/STM32F1xx/Include" -I"/home/andre/eclipse/LEDcontroller/_SDK/STM32Cube_FW_F1_V1.4.0/Drivers/CMSIS/Include" -I"/home/andre/eclipse/LEDcontroller/_SDK/STM32Cube_FW_F1_V1.4.0/Drivers/STM32F1xx_HAL_Driver/Inc" -I"/home/andre/eclipse/LEDcontroller/_SDK/STM32Cube_FW_F1_V1.4.0/Drivers/STM32F1xx_HAL_Driver/Inc/Legacy" -I"/home/andre/eclipse/LEDcontroller/_SDK/STM32Cube_FW_F1_V1.4.0/Middlewares/ST/STM32_USB_Device_Library/Core/Inc" -I"/home/andre/eclipse/LEDcontroller/LED_Controller_STM/USB_Class_LED/Inc" -I"/home/andre/eclipse/LEDcontroller/LED_Controller_STM/inc" -I"/home/andre/eclipse/LEDcontroller/LED_Controller_STM/cfg" -I"/home/andre/eclipse/LEDcontroller/_Common/STM32/inc" -I"/home/andre/eclipse/LEDcontroller/_Common/Any/inc" -std=gnu11 -MMD -MP -MF"sdk/stm32f1xx_hal_nand.d" -MT"sdk/stm32f1xx_hal_nand.o" -c -o "sdk/stm32f1xx_hal_nand.o" "/home/andre/eclipse/LEDcontroller/_SDK/STM32Cube_FW_F1_V1.4.0/Drivers/STM32F1xx_HAL_Driver/Src/stm32f1xx_hal_nand.c"
Finished building: /home/andre/eclipse/LEDcontroller/_SDK/STM32Cube_FW_F1_V1.4.0/Drivers/STM32F1xx_HAL_Driver/Src/stm32f1xx_hal_nand.c
 
Building file: /home/andre/eclipse/LEDcontroller/_SDK/STM32Cube_FW_F1_V1.4.0/Drivers/STM32F1xx_HAL_Driver/Src/stm32f1xx_hal_nor.c
Invoking: Cross ARM C Compiler
arm-none-eabi-gcc -mcpu=cortex-m3 -mthumb -O0 -fmessage-length=0 -fsigned-char -ffunction-sections -fdata-sections  -g3 -DSTM32F103xB -I"/home/andre/eclipse/LEDcontroller/_SDK/STM32Cube_FW_F1_V1.4.0/Drivers/CMSIS/Device/ST/STM32F1xx/Include" -I"/home/andre/eclipse/LEDcontroller/_SDK/STM32Cube_FW_F1_V1.4.0/Drivers/CMSIS/Include" -I"/home/andre/eclipse/LEDcontroller/_SDK/STM32Cube_FW_F1_V1.4.0/Drivers/STM32F1xx_HAL_Driver/Inc" -I"/home/andre/eclipse/LEDcontroller/_SDK/STM32Cube_FW_F1_V1.4.0/Drivers/STM32F1xx_HAL_Driver/Inc/Legacy" -I"/home/andre/eclipse/LEDcontroller/_SDK/STM32Cube_FW_F1_V1.4.0/Middlewares/ST/STM32_USB_Device_Library/Core/Inc" -I"/home/andre/eclipse/LEDcontroller/LED_Controller_STM/USB_Class_LED/Inc" -I"/home/andre/eclipse/LEDcontroller/LED_Controller_STM/inc" -I"/home/andre/eclipse/LEDcontroller/LED_Controller_STM/cfg" -I"/home/andre/eclipse/LEDcontroller/_Common/STM32/inc" -I"/home/andre/eclipse/LEDcontroller/_Common/Any/inc" -std=gnu11 -MMD -MP -MF"sdk/stm32f1xx_hal_nor.d" -MT"sdk/stm32f1xx_hal_nor.o" -c -o "sdk/stm32f1xx_hal_nor.o" "/home/andre/eclipse/LEDcontroller/_SDK/STM32Cube_FW_F1_V1.4.0/Drivers/STM32F1xx_HAL_Driver/Src/stm32f1xx_hal_nor.c"
Finished building: /home/andre/eclipse/LEDcontroller/_SDK/STM32Cube_FW_F1_V1.4.0/Drivers/STM32F1xx_HAL_Driver/Src/stm32f1xx_hal_nor.c
 
Building file: /home/andre/eclipse/LEDcontroller/_SDK/STM32Cube_FW_F1_V1.4.0/Drivers/STM32F1xx_HAL_Driver/Src/stm32f1xx_hal_pccard.c
Invoking: Cross ARM C Compiler
arm-none-eabi-gcc -mcpu=cortex-m3 -mthumb -O0 -fmessage-length=0 -fsigned-char -ffunction-sections -fdata-sections  -g3 -DSTM32F103xB -I"/home/andre/eclipse/LEDcontroller/_SDK/STM32Cube_FW_F1_V1.4.0/Drivers/CMSIS/Device/ST/STM32F1xx/Include" -I"/home/andre/eclipse/LEDcontroller/_SDK/STM32Cube_FW_F1_V1.4.0/Drivers/CMSIS/Include" -I"/home/andre/eclipse/LEDcontroller/_SDK/STM32Cube_FW_F1_V1.4.0/Drivers/STM32F1xx_HAL_Driver/Inc" -I"/home/andre/eclipse/LEDcontroller/_SDK/STM32Cube_FW_F1_V1.4.0/Drivers/STM32F1xx_HAL_Driver/Inc/Legacy" -I"/home/andre/eclipse/LEDcontroller/_SDK/STM32Cube_FW_F1_V1.4.0/Middlewares/ST/STM32_USB_Device_Library/Core/Inc" -I"/home/andre/eclipse/LEDcontroller/LED_Controller_STM/USB_Class_LED/Inc" -I"/home/andre/eclipse/LEDcontroller/LED_Controller_STM/inc" -I"/home/andre/eclipse/LEDcontroller/LED_Controller_STM/cfg" -I"/home/andre/eclipse/LEDcontroller/_Common/STM32/inc" -I"/home/andre/eclipse/LEDcontroller/_Common/Any/inc" -std=gnu11 -MMD -MP -MF"sdk/stm32f1xx_hal_pccard.d" -MT"sdk/stm32f1xx_hal_pccard.o" -c -o "sdk/stm32f1xx_hal_pccard.o" "/home/andre/eclipse/LEDcontroller/_SDK/STM32Cube_FW_F1_V1.4.0/Drivers/STM32F1xx_HAL_Driver/Src/stm32f1xx_hal_pccard.c"
Finished building: /home/andre/eclipse/LEDcontroller/_SDK/STM32Cube_FW_F1_V1.4.0/Drivers/STM32F1xx_HAL_Driver/Src/stm32f1xx_hal_pccard.c
 
Building file: /home/andre/eclipse/LEDcontroller/_SDK/STM32Cube_FW_F1_V1.4.0/Drivers/STM32F1xx_HAL_Driver/Src/stm32f1xx_hal_pcd.c
Invoking: Cross ARM C Compiler
arm-none-eabi-gcc -mcpu=cortex-m3 -mthumb -O0 -fmessage-length=0 -fsigned-char -ffunction-sections -fdata-sections  -g3 -DSTM32F103xB -I"/home/andre/eclipse/LEDcontroller/_SDK/STM32Cube_FW_F1_V1.4.0/Drivers/CMSIS/Device/ST/STM32F1xx/Include" -I"/home/andre/eclipse/LEDcontroller/_SDK/STM32Cube_FW_F1_V1.4.0/Drivers/CMSIS/Include" -I"/home/andre/eclipse/LEDcontroller/_SDK/STM32Cube_FW_F1_V1.4.0/Drivers/STM32F1xx_HAL_Driver/Inc" -I"/home/andre/eclipse/LEDcontroller/_SDK/STM32Cube_FW_F1_V1.4.0/Drivers/STM32F1xx_HAL_Driver/Inc/Legacy" -I"/home/andre/eclipse/LEDcontroller/_SDK/STM32Cube_FW_F1_V1.4.0/Middlewares/ST/STM32_USB_Device_Library/Core/Inc" -I"/home/andre/eclipse/LEDcontroller/LED_Controller_STM/USB_Class_LED/Inc" -I"/home/andre/eclipse/LEDcontroller/LED_Controller_STM/inc" -I"/home/andre/eclipse/LEDcontroller/LED_Controller_STM/cfg" -I"/home/andre/eclipse/LEDcontroller/_Common/STM32/inc" -I"/home/andre/eclipse/LEDcontroller/_Common/Any/inc" -std=gnu11 -MMD -MP -MF"sdk/stm32f1xx_hal_pcd.d" -MT"sdk/stm32f1xx_hal_pcd.o" -c -o "sdk/stm32f1xx_hal_pcd.o" "/home/andre/eclipse/LEDcontroller/_SDK/STM32Cube_FW_F1_V1.4.0/Drivers/STM32F1xx_HAL_Driver/Src/stm32f1xx_hal_pcd.c"
Finished building: /home/andre/eclipse/LEDcontroller/_SDK/STM32Cube_FW_F1_V1.4.0/Drivers/STM32F1xx_HAL_Driver/Src/stm32f1xx_hal_pcd.c
 
Building file: /home/andre/eclipse/LEDcontroller/_SDK/STM32Cube_FW_F1_V1.4.0/Drivers/STM32F1xx_HAL_Driver/Src/stm32f1xx_hal_pcd_ex.c
Invoking: Cross ARM C Compiler
arm-none-eabi-gcc -mcpu=cortex-m3 -mthumb -O0 -fmessage-length=0 -fsigned-char -ffunction-sections -fdata-sections  -g3 -DSTM32F103xB -I"/home/andre/eclipse/LEDcontroller/_SDK/STM32Cube_FW_F1_V1.4.0/Drivers/CMSIS/Device/ST/STM32F1xx/Include" -I"/home/andre/eclipse/LEDcontroller/_SDK/STM32Cube_FW_F1_V1.4.0/Drivers/CMSIS/Include" -I"/home/andre/eclipse/LEDcontroller/_SDK/STM32Cube_FW_F1_V1.4.0/Drivers/STM32F1xx_HAL_Driver/Inc" -I"/home/andre/eclipse/LEDcontroller/_SDK/STM32Cube_FW_F1_V1.4.0/Drivers/STM32F1xx_HAL_Driver/Inc/Legacy" -I"/home/andre/eclipse/LEDcontroller/_SDK/STM32Cube_FW_F1_V1.4.0/Middlewares/ST/STM32_USB_Device_Library/Core/Inc" -I"/home/andre/eclipse/LEDcontroller/LED_Controller_STM/USB_Class_LED/Inc" -I"/home/andre/eclipse/LEDcontroller/LED_Controller_STM/inc" -I"/home/andre/eclipse/LEDcontroller/LED_Controller_STM/cfg" -I"/home/andre/eclipse/LEDcontroller/_Common/STM32/inc" -I"/home/andre/eclipse/LEDcontroller/_Common/Any/inc" -std=gnu11 -MMD -MP -MF"sdk/stm32f1xx_hal_pcd_ex.d" -MT"sdk/stm32f1xx_hal_pcd_ex.o" -c -o "sdk/stm32f1xx_hal_pcd_ex.o" "/home/andre/eclipse/LEDcontroller/_SDK/STM32Cube_FW_F1_V1.4.0/Drivers/STM32F1xx_HAL_Driver/Src/stm32f1xx_hal_pcd_ex.c"
Finished building: /home/andre/eclipse/LEDcontroller/_SDK/STM32Cube_FW_F1_V1.4.0/Drivers/STM32F1xx_HAL_Driver/Src/stm32f1xx_hal_pcd_ex.c
 
Building file: /home/andre/eclipse/LEDcontroller/_SDK/STM32Cube_FW_F1_V1.4.0/Drivers/STM32F1xx_HAL_Driver/Src/stm32f1xx_hal_pwr.c
Invoking: Cross ARM C Compiler
arm-none-eabi-gcc -mcpu=cortex-m3 -mthumb -O0 -fmessage-length=0 -fsigned-char -ffunction-sections -fdata-sections  -g3 -DSTM32F103xB -I"/home/andre/eclipse/LEDcontroller/_SDK/STM32Cube_FW_F1_V1.4.0/Drivers/CMSIS/Device/ST/STM32F1xx/Include" -I"/home/andre/eclipse/LEDcontroller/_SDK/STM32Cube_FW_F1_V1.4.0/Drivers/CMSIS/Include" -I"/home/andre/eclipse/LEDcontroller/_SDK/STM32Cube_FW_F1_V1.4.0/Drivers/STM32F1xx_HAL_Driver/Inc" -I"/home/andre/eclipse/LEDcontroller/_SDK/STM32Cube_FW_F1_V1.4.0/Drivers/STM32F1xx_HAL_Driver/Inc/Legacy" -I"/home/andre/eclipse/LEDcontroller/_SDK/STM32Cube_FW_F1_V1.4.0/Middlewares/ST/STM32_USB_Device_Library/Core/Inc" -I"/home/andre/eclipse/LEDcontroller/LED_Controller_STM/USB_Class_LED/Inc" -I"/home/andre/eclipse/LEDcontroller/LED_Controller_STM/inc" -I"/home/andre/eclipse/LEDcontroller/LED_Controller_STM/cfg" -I"/home/andre/eclipse/LEDcontroller/_Common/STM32/inc" -I"/home/andre/eclipse/LEDcontroller/_Common/Any/inc" -std=gnu11 -MMD -MP -MF"sdk/stm32f1xx_hal_pwr.d" -MT"sdk/stm32f1xx_hal_pwr.o" -c -o "sdk/stm32f1xx_hal_pwr.o" "/home/andre/eclipse/LEDcontroller/_SDK/STM32Cube_FW_F1_V1.4.0/Drivers/STM32F1xx_HAL_Driver/Src/stm32f1xx_hal_pwr.c"
Finished building: /home/andre/eclipse/LEDcontroller/_SDK/STM32Cube_FW_F1_V1.4.0/Drivers/STM32F1xx_HAL_Driver/Src/stm32f1xx_hal_pwr.c
 
Building file: /home/andre/eclipse/LEDcontroller/_SDK/STM32Cube_FW_F1_V1.4.0/Drivers/STM32F1xx_HAL_Driver/Src/stm32f1xx_hal_rcc.c
Invoking: Cross ARM C Compiler
arm-none-eabi-gcc -mcpu=cortex-m3 -mthumb -O0 -fmessage-length=0 -fsigned-char -ffunction-sections -fdata-sections  -g3 -DSTM32F103xB -I"/home/andre/eclipse/LEDcontroller/_SDK/STM32Cube_FW_F1_V1.4.0/Drivers/CMSIS/Device/ST/STM32F1xx/Include" -I"/home/andre/eclipse/LEDcontroller/_SDK/STM32Cube_FW_F1_V1.4.0/Drivers/CMSIS/Include" -I"/home/andre/eclipse/LEDcontroller/_SDK/STM32Cube_FW_F1_V1.4.0/Drivers/STM32F1xx_HAL_Driver/Inc" -I"/home/andre/eclipse/LEDcontroller/_SDK/STM32Cube_FW_F1_V1.4.0/Drivers/STM32F1xx_HAL_Driver/Inc/Legacy" -I"/home/andre/eclipse/LEDcontroller/_SDK/STM32Cube_FW_F1_V1.4.0/Middlewares/ST/STM32_USB_Device_Library/Core/Inc" -I"/home/andre/eclipse/LEDcontroller/LED_Controller_STM/USB_Class_LED/Inc" -I"/home/andre/eclipse/LEDcontroller/LED_Controller_STM/inc" -I"/home/andre/eclipse/LEDcontroller/LED_Controller_STM/cfg" -I"/home/andre/eclipse/LEDcontroller/_Common/STM32/inc" -I"/home/andre/eclipse/LEDcontroller/_Common/Any/inc" -std=gnu11 -MMD -MP -MF"sdk/stm32f1xx_hal_rcc.d" -MT"sdk/stm32f1xx_hal_rcc.o" -c -o "sdk/stm32f1xx_hal_rcc.o" "/home/andre/eclipse/LEDcontroller/_SDK/STM32Cube_FW_F1_V1.4.0/Drivers/STM32F1xx_HAL_Driver/Src/stm32f1xx_hal_rcc.c"
Finished building: /home/andre/eclipse/LEDcontroller/_SDK/STM32Cube_FW_F1_V1.4.0/Drivers/STM32F1xx_HAL_Driver/Src/stm32f1xx_hal_rcc.c
 
Building file: /home/andre/eclipse/LEDcontroller/_SDK/STM32Cube_FW_F1_V1.4.0/Drivers/STM32F1xx_HAL_Driver/Src/stm32f1xx_hal_rcc_ex.c
Invoking: Cross ARM C Compiler
arm-none-eabi-gcc -mcpu=cortex-m3 -mthumb -O0 -fmessage-length=0 -fsigned-char -ffunction-sections -fdata-sections  -g3 -DSTM32F103xB -I"/home/andre/eclipse/LEDcontroller/_SDK/STM32Cube_FW_F1_V1.4.0/Drivers/CMSIS/Device/ST/STM32F1xx/Include" -I"/home/andre/eclipse/LEDcontroller/_SDK/STM32Cube_FW_F1_V1.4.0/Drivers/CMSIS/Include" -I"/home/andre/eclipse/LEDcontroller/_SDK/STM32Cube_FW_F1_V1.4.0/Drivers/STM32F1xx_HAL_Driver/Inc" -I"/home/andre/eclipse/LEDcontroller/_SDK/STM32Cube_FW_F1_V1.4.0/Drivers/STM32F1xx_HAL_Driver/Inc/Legacy" -I"/home/andre/eclipse/LEDcontroller/_SDK/STM32Cube_FW_F1_V1.4.0/Middlewares/ST/STM32_USB_Device_Library/Core/Inc" -I"/home/andre/eclipse/LEDcontroller/LED_Controller_STM/USB_Class_LED/Inc" -I"/home/andre/eclipse/LEDcontroller/LED_Controller_STM/inc" -I"/home/andre/eclipse/LEDcontroller/LED_Controller_STM/cfg" -I"/home/andre/eclipse/LEDcontroller/_Common/STM32/inc" -I"/home/andre/eclipse/LEDcontroller/_Common/Any/inc" -std=gnu11 -MMD -MP -MF"sdk/stm32f1xx_hal_rcc_ex.d" -MT"sdk/stm32f1xx_hal_rcc_ex.o" -c -o "sdk/stm32f1xx_hal_rcc_ex.o" "/home/andre/eclipse/LEDcontroller/_SDK/STM32Cube_FW_F1_V1.4.0/Drivers/STM32F1xx_HAL_Driver/Src/stm32f1xx_hal_rcc_ex.c"
Finished building: /home/andre/eclipse/LEDcontroller/_SDK/STM32Cube_FW_F1_V1.4.0/Drivers/STM32F1xx_HAL_Driver/Src/stm32f1xx_hal_rcc_ex.c
 
Building file: /home/andre/eclipse/LEDcontroller/_SDK/STM32Cube_FW_F1_V1.4.0/Drivers/STM32F1xx_HAL_Driver/Src/stm32f1xx_hal_rtc.c
Invoking: Cross ARM C Compiler
arm-none-eabi-gcc -mcpu=cortex-m3 -mthumb -O0 -fmessage-length=0 -fsigned-char -ffunction-sections -fdata-sections  -g3 -DSTM32F103xB -I"/home/andre/eclipse/LEDcontroller/_SDK/STM32Cube_FW_F1_V1.4.0/Drivers/CMSIS/Device/ST/STM32F1xx/Include" -I"/home/andre/eclipse/LEDcontroller/_SDK/STM32Cube_FW_F1_V1.4.0/Drivers/CMSIS/Include" -I"/home/andre/eclipse/LEDcontroller/_SDK/STM32Cube_FW_F1_V1.4.0/Drivers/STM32F1xx_HAL_Driver/Inc" -I"/home/andre/eclipse/LEDcontroller/_SDK/STM32Cube_FW_F1_V1.4.0/Drivers/STM32F1xx_HAL_Driver/Inc/Legacy" -I"/home/andre/eclipse/LEDcontroller/_SDK/STM32Cube_FW_F1_V1.4.0/Middlewares/ST/STM32_USB_Device_Library/Core/Inc" -I"/home/andre/eclipse/LEDcontroller/LED_Controller_STM/USB_Class_LED/Inc" -I"/home/andre/eclipse/LEDcontroller/LED_Controller_STM/inc" -I"/home/andre/eclipse/LEDcontroller/LED_Controller_STM/cfg" -I"/home/andre/eclipse/LEDcontroller/_Common/STM32/inc" -I"/home/andre/eclipse/LEDcontroller/_Common/Any/inc" -std=gnu11 -MMD -MP -MF"sdk/stm32f1xx_hal_rtc.d" -MT"sdk/stm32f1xx_hal_rtc.o" -c -o "sdk/stm32f1xx_hal_rtc.o" "/home/andre/eclipse/LEDcontroller/_SDK/STM32Cube_FW_F1_V1.4.0/Drivers/STM32F1xx_HAL_Driver/Src/stm32f1xx_hal_rtc.c"
Finished building: /home/andre/eclipse/LEDcontroller/_SDK/STM32Cube_FW_F1_V1.4.0/Drivers/STM32F1xx_HAL_Driver/Src/stm32f1xx_hal_rtc.c
 
Building file: /home/andre/eclipse/LEDcontroller/_SDK/STM32Cube_FW_F1_V1.4.0/Drivers/STM32F1xx_HAL_Driver/Src/stm32f1xx_hal_rtc_ex.c
Invoking: Cross ARM C Compiler
arm-none-eabi-gcc -mcpu=cortex-m3 -mthumb -O0 -fmessage-length=0 -fsigned-char -ffunction-sections -fdata-sections  -g3 -DSTM32F103xB -I"/home/andre/eclipse/LEDcontroller/_SDK/STM32Cube_FW_F1_V1.4.0/Drivers/CMSIS/Device/ST/STM32F1xx/Include" -I"/home/andre/eclipse/LEDcontroller/_SDK/STM32Cube_FW_F1_V1.4.0/Drivers/CMSIS/Include" -I"/home/andre/eclipse/LEDcontroller/_SDK/STM32Cube_FW_F1_V1.4.0/Drivers/STM32F1xx_HAL_Driver/Inc" -I"/home/andre/eclipse/LEDcontroller/_SDK/STM32Cube_FW_F1_V1.4.0/Drivers/STM32F1xx_HAL_Driver/Inc/Legacy" -I"/home/andre/eclipse/LEDcontroller/_SDK/STM32Cube_FW_F1_V1.4.0/Middlewares/ST/STM32_USB_Device_Library/Core/Inc" -I"/home/andre/eclipse/LEDcontroller/LED_Controller_STM/USB_Class_LED/Inc" -I"/home/andre/eclipse/LEDcontroller/LED_Controller_STM/inc" -I"/home/andre/eclipse/LEDcontroller/LED_Controller_STM/cfg" -I"/home/andre/eclipse/LEDcontroller/_Common/STM32/inc" -I"/home/andre/eclipse/LEDcontroller/_Common/Any/inc" -std=gnu11 -MMD -MP -MF"sdk/stm32f1xx_hal_rtc_ex.d" -MT"sdk/stm32f1xx_hal_rtc_ex.o" -c -o "sdk/stm32f1xx_hal_rtc_ex.o" "/home/andre/eclipse/LEDcontroller/_SDK/STM32Cube_FW_F1_V1.4.0/Drivers/STM32F1xx_HAL_Driver/Src/stm32f1xx_hal_rtc_ex.c"
Finished building: /home/andre/eclipse/LEDcontroller/_SDK/STM32Cube_FW_F1_V1.4.0/Drivers/STM32F1xx_HAL_Driver/Src/stm32f1xx_hal_rtc_ex.c
 
Building file: /home/andre/eclipse/LEDcontroller/_SDK/STM32Cube_FW_F1_V1.4.0/Drivers/STM32F1xx_HAL_Driver/Src/stm32f1xx_hal_sd.c
Invoking: Cross ARM C Compiler
arm-none-eabi-gcc -mcpu=cortex-m3 -mthumb -O0 -fmessage-length=0 -fsigned-char -ffunction-sections -fdata-sections  -g3 -DSTM32F103xB -I"/home/andre/eclipse/LEDcontroller/_SDK/STM32Cube_FW_F1_V1.4.0/Drivers/CMSIS/Device/ST/STM32F1xx/Include" -I"/home/andre/eclipse/LEDcontroller/_SDK/STM32Cube_FW_F1_V1.4.0/Drivers/CMSIS/Include" -I"/home/andre/eclipse/LEDcontroller/_SDK/STM32Cube_FW_F1_V1.4.0/Drivers/STM32F1xx_HAL_Driver/Inc" -I"/home/andre/eclipse/LEDcontroller/_SDK/STM32Cube_FW_F1_V1.4.0/Drivers/STM32F1xx_HAL_Driver/Inc/Legacy" -I"/home/andre/eclipse/LEDcontroller/_SDK/STM32Cube_FW_F1_V1.4.0/Middlewares/ST/STM32_USB_Device_Library/Core/Inc" -I"/home/andre/eclipse/LEDcontroller/LED_Controller_STM/USB_Class_LED/Inc" -I"/home/andre/eclipse/LEDcontroller/LED_Controller_STM/inc" -I"/home/andre/eclipse/LEDcontroller/LED_Controller_STM/cfg" -I"/home/andre/eclipse/LEDcontroller/_Common/STM32/inc" -I"/home/andre/eclipse/LEDcontroller/_Common/Any/inc" -std=gnu11 -MMD -MP -MF"sdk/stm32f1xx_hal_sd.d" -MT"sdk/stm32f1xx_hal_sd.o" -c -o "sdk/stm32f1xx_hal_sd.o" "/home/andre/eclipse/LEDcontroller/_SDK/STM32Cube_FW_F1_V1.4.0/Drivers/STM32F1xx_HAL_Driver/Src/stm32f1xx_hal_sd.c"
Finished building: /home/andre/eclipse/LEDcontroller/_SDK/STM32Cube_FW_F1_V1.4.0/Drivers/STM32F1xx_HAL_Driver/Src/stm32f1xx_hal_sd.c
 
Building file: /home/andre/eclipse/LEDcontroller/_SDK/STM32Cube_FW_F1_V1.4.0/Drivers/STM32F1xx_HAL_Driver/Src/stm32f1xx_hal_smartcard.c
Invoking: Cross ARM C Compiler
arm-none-eabi-gcc -mcpu=cortex-m3 -mthumb -O0 -fmessage-length=0 -fsigned-char -ffunction-sections -fdata-sections  -g3 -DSTM32F103xB -I"/home/andre/eclipse/LEDcontroller/_SDK/STM32Cube_FW_F1_V1.4.0/Drivers/CMSIS/Device/ST/STM32F1xx/Include" -I"/home/andre/eclipse/LEDcontroller/_SDK/STM32Cube_FW_F1_V1.4.0/Drivers/CMSIS/Include" -I"/home/andre/eclipse/LEDcontroller/_SDK/STM32Cube_FW_F1_V1.4.0/Drivers/STM32F1xx_HAL_Driver/Inc" -I"/home/andre/eclipse/LEDcontroller/_SDK/STM32Cube_FW_F1_V1.4.0/Drivers/STM32F1xx_HAL_Driver/Inc/Legacy" -I"/home/andre/eclipse/LEDcontroller/_SDK/STM32Cube_FW_F1_V1.4.0/Middlewares/ST/STM32_USB_Device_Library/Core/Inc" -I"/home/andre/eclipse/LEDcontroller/LED_Controller_STM/USB_Class_LED/Inc" -I"/home/andre/eclipse/LEDcontroller/LED_Controller_STM/inc" -I"/home/andre/eclipse/LEDcontroller/LED_Controller_STM/cfg" -I"/home/andre/eclipse/LEDcontroller/_Common/STM32/inc" -I"/home/andre/eclipse/LEDcontroller/_Common/Any/inc" -std=gnu11 -MMD -MP -MF"sdk/stm32f1xx_hal_smartcard.d" -MT"sdk/stm32f1xx_hal_smartcard.o" -c -o "sdk/stm32f1xx_hal_smartcard.o" "/home/andre/eclipse/LEDcontroller/_SDK/STM32Cube_FW_F1_V1.4.0/Drivers/STM32F1xx_HAL_Driver/Src/stm32f1xx_hal_smartcard.c"
Finished building: /home/andre/eclipse/LEDcontroller/_SDK/STM32Cube_FW_F1_V1.4.0/Drivers/STM32F1xx_HAL_Driver/Src/stm32f1xx_hal_smartcard.c
 
Building file: /home/andre/eclipse/LEDcontroller/_SDK/STM32Cube_FW_F1_V1.4.0/Drivers/STM32F1xx_HAL_Driver/Src/stm32f1xx_hal_spi.c
Invoking: Cross ARM C Compiler
arm-none-eabi-gcc -mcpu=cortex-m3 -mthumb -O0 -fmessage-length=0 -fsigned-char -ffunction-sections -fdata-sections  -g3 -DSTM32F103xB -I"/home/andre/eclipse/LEDcontroller/_SDK/STM32Cube_FW_F1_V1.4.0/Drivers/CMSIS/Device/ST/STM32F1xx/Include" -I"/home/andre/eclipse/LEDcontroller/_SDK/STM32Cube_FW_F1_V1.4.0/Drivers/CMSIS/Include" -I"/home/andre/eclipse/LEDcontroller/_SDK/STM32Cube_FW_F1_V1.4.0/Drivers/STM32F1xx_HAL_Driver/Inc" -I"/home/andre/eclipse/LEDcontroller/_SDK/STM32Cube_FW_F1_V1.4.0/Drivers/STM32F1xx_HAL_Driver/Inc/Legacy" -I"/home/andre/eclipse/LEDcontroller/_SDK/STM32Cube_FW_F1_V1.4.0/Middlewares/ST/STM32_USB_Device_Library/Core/Inc" -I"/home/andre/eclipse/LEDcontroller/LED_Controller_STM/USB_Class_LED/Inc" -I"/home/andre/eclipse/LEDcontroller/LED_Controller_STM/inc" -I"/home/andre/eclipse/LEDcontroller/LED_Controller_STM/cfg" -I"/home/andre/eclipse/LEDcontroller/_Common/STM32/inc" -I"/home/andre/eclipse/LEDcontroller/_Common/Any/inc" -std=gnu11 -MMD -MP -MF"sdk/stm32f1xx_hal_spi.d" -MT"sdk/stm32f1xx_hal_spi.o" -c -o "sdk/stm32f1xx_hal_spi.o" "/home/andre/eclipse/LEDcontroller/_SDK/STM32Cube_FW_F1_V1.4.0/Drivers/STM32F1xx_HAL_Driver/Src/stm32f1xx_hal_spi.c"
Finished building: /home/andre/eclipse/LEDcontroller/_SDK/STM32Cube_FW_F1_V1.4.0/Drivers/STM32F1xx_HAL_Driver/Src/stm32f1xx_hal_spi.c
 
Building file: /home/andre/eclipse/LEDcontroller/_SDK/STM32Cube_FW_F1_V1.4.0/Drivers/STM32F1xx_HAL_Driver/Src/stm32f1xx_hal_spi_ex.c
Invoking: Cross ARM C Compiler
arm-none-eabi-gcc -mcpu=cortex-m3 -mthumb -O0 -fmessage-length=0 -fsigned-char -ffunction-sections -fdata-sections  -g3 -DSTM32F103xB -I"/home/andre/eclipse/LEDcontroller/_SDK/STM32Cube_FW_F1_V1.4.0/Drivers/CMSIS/Device/ST/STM32F1xx/Include" -I"/home/andre/eclipse/LEDcontroller/_SDK/STM32Cube_FW_F1_V1.4.0/Drivers/CMSIS/Include" -I"/home/andre/eclipse/LEDcontroller/_SDK/STM32Cube_FW_F1_V1.4.0/Drivers/STM32F1xx_HAL_Driver/Inc" -I"/home/andre/eclipse/LEDcontroller/_SDK/STM32Cube_FW_F1_V1.4.0/Drivers/STM32F1xx_HAL_Driver/Inc/Legacy" -I"/home/andre/eclipse/LEDcontroller/_SDK/STM32Cube_FW_F1_V1.4.0/Middlewares/ST/STM32_USB_Device_Library/Core/Inc" -I"/home/andre/eclipse/LEDcontroller/LED_Controller_STM/USB_Class_LED/Inc" -I"/home/andre/eclipse/LEDcontroller/LED_Controller_STM/inc" -I"/home/andre/eclipse/LEDcontroller/LED_Controller_STM/cfg" -I"/home/andre/eclipse/LEDcontroller/_Common/STM32/inc" -I"/home/andre/eclipse/LEDcontroller/_Common/Any/inc" -std=gnu11 -MMD -MP -MF"sdk/stm32f1xx_hal_spi_ex.d" -MT"sdk/stm32f1xx_hal_spi_ex.o" -c -o "sdk/stm32f1xx_hal_spi_ex.o" "/home/andre/eclipse/LEDcontroller/_SDK/STM32Cube_FW_F1_V1.4.0/Drivers/STM32F1xx_HAL_Driver/Src/stm32f1xx_hal_spi_ex.c"
Finished building: /home/andre/eclipse/LEDcontroller/_SDK/STM32Cube_FW_F1_V1.4.0/Drivers/STM32F1xx_HAL_Driver/Src/stm32f1xx_hal_spi_ex.c
 
Building file: /home/andre/eclipse/LEDcontroller/_SDK/STM32Cube_FW_F1_V1.4.0/Drivers/STM32F1xx_HAL_Driver/Src/stm32f1xx_hal_sram.c
Invoking: Cross ARM C Compiler
arm-none-eabi-gcc -mcpu=cortex-m3 -mthumb -O0 -fmessage-length=0 -fsigned-char -ffunction-sections -fdata-sections  -g3 -DSTM32F103xB -I"/home/andre/eclipse/LEDcontroller/_SDK/STM32Cube_FW_F1_V1.4.0/Drivers/CMSIS/Device/ST/STM32F1xx/Include" -I"/home/andre/eclipse/LEDcontroller/_SDK/STM32Cube_FW_F1_V1.4.0/Drivers/CMSIS/Include" -I"/home/andre/eclipse/LEDcontroller/_SDK/STM32Cube_FW_F1_V1.4.0/Drivers/STM32F1xx_HAL_Driver/Inc" -I"/home/andre/eclipse/LEDcontroller/_SDK/STM32Cube_FW_F1_V1.4.0/Drivers/STM32F1xx_HAL_Driver/Inc/Legacy" -I"/home/andre/eclipse/LEDcontroller/_SDK/STM32Cube_FW_F1_V1.4.0/Middlewares/ST/STM32_USB_Device_Library/Core/Inc" -I"/home/andre/eclipse/LEDcontroller/LED_Controller_STM/USB_Class_LED/Inc" -I"/home/andre/eclipse/LEDcontroller/LED_Controller_STM/inc" -I"/home/andre/eclipse/LEDcontroller/LED_Controller_STM/cfg" -I"/home/andre/eclipse/LEDcontroller/_Common/STM32/inc" -I"/home/andre/eclipse/LEDcontroller/_Common/Any/inc" -std=gnu11 -MMD -MP -MF"sdk/stm32f1xx_hal_sram.d" -MT"sdk/stm32f1xx_hal_sram.o" -c -o "sdk/stm32f1xx_hal_sram.o" "/home/andre/eclipse/LEDcontroller/_SDK/STM32Cube_FW_F1_V1.4.0/Drivers/STM32F1xx_HAL_Driver/Src/stm32f1xx_hal_sram.c"
Finished building: /home/andre/eclipse/LEDcontroller/_SDK/STM32Cube_FW_F1_V1.4.0/Drivers/STM32F1xx_HAL_Driver/Src/stm32f1xx_hal_sram.c
 
Building file: /home/andre/eclipse/LEDcontroller/_SDK/STM32Cube_FW_F1_V1.4.0/Drivers/STM32F1xx_HAL_Driver/Src/stm32f1xx_hal_tim.c
Invoking: Cross ARM C Compiler
arm-none-eabi-gcc -mcpu=cortex-m3 -mthumb -O0 -fmessage-length=0 -fsigned-char -ffunction-sections -fdata-sections  -g3 -DSTM32F103xB -I"/home/andre/eclipse/LEDcontroller/_SDK/STM32Cube_FW_F1_V1.4.0/Drivers/CMSIS/Device/ST/STM32F1xx/Include" -I"/home/andre/eclipse/LEDcontroller/_SDK/STM32Cube_FW_F1_V1.4.0/Drivers/CMSIS/Include" -I"/home/andre/eclipse/LEDcontroller/_SDK/STM32Cube_FW_F1_V1.4.0/Drivers/STM32F1xx_HAL_Driver/Inc" -I"/home/andre/eclipse/LEDcontroller/_SDK/STM32Cube_FW_F1_V1.4.0/Drivers/STM32F1xx_HAL_Driver/Inc/Legacy" -I"/home/andre/eclipse/LEDcontroller/_SDK/STM32Cube_FW_F1_V1.4.0/Middlewares/ST/STM32_USB_Device_Library/Core/Inc" -I"/home/andre/eclipse/LEDcontroller/LED_Controller_STM/USB_Class_LED/Inc" -I"/home/andre/eclipse/LEDcontroller/LED_Controller_STM/inc" -I"/home/andre/eclipse/LEDcontroller/LED_Controller_STM/cfg" -I"/home/andre/eclipse/LEDcontroller/_Common/STM32/inc" -I"/home/andre/eclipse/LEDcontroller/_Common/Any/inc" -std=gnu11 -MMD -MP -MF"sdk/stm32f1xx_hal_tim.d" -MT"sdk/stm32f1xx_hal_tim.o" -c -o "sdk/stm32f1xx_hal_tim.o" "/home/andre/eclipse/LEDcontroller/_SDK/STM32Cube_FW_F1_V1.4.0/Drivers/STM32F1xx_HAL_Driver/Src/stm32f1xx_hal_tim.c"
Finished building: /home/andre/eclipse/LEDcontroller/_SDK/STM32Cube_FW_F1_V1.4.0/Drivers/STM32F1xx_HAL_Driver/Src/stm32f1xx_hal_tim.c
 
Building file: /home/andre/eclipse/LEDcontroller/_SDK/STM32Cube_FW_F1_V1.4.0/Drivers/STM32F1xx_HAL_Driver/Src/stm32f1xx_hal_tim_ex.c
Invoking: Cross ARM C Compiler
arm-none-eabi-gcc -mcpu=cortex-m3 -mthumb -O0 -fmessage-length=0 -fsigned-char -ffunction-sections -fdata-sections  -g3 -DSTM32F103xB -I"/home/andre/eclipse/LEDcontroller/_SDK/STM32Cube_FW_F1_V1.4.0/Drivers/CMSIS/Device/ST/STM32F1xx/Include" -I"/home/andre/eclipse/LEDcontroller/_SDK/STM32Cube_FW_F1_V1.4.0/Drivers/CMSIS/Include" -I"/home/andre/eclipse/LEDcontroller/_SDK/STM32Cube_FW_F1_V1.4.0/Drivers/STM32F1xx_HAL_Driver/Inc" -I"/home/andre/eclipse/LEDcontroller/_SDK/STM32Cube_FW_F1_V1.4.0/Drivers/STM32F1xx_HAL_Driver/Inc/Legacy" -I"/home/andre/eclipse/LEDcontroller/_SDK/STM32Cube_FW_F1_V1.4.0/Middlewares/ST/STM32_USB_Device_Library/Core/Inc" -I"/home/andre/eclipse/LEDcontroller/LED_Controller_STM/USB_Class_LED/Inc" -I"/home/andre/eclipse/LEDcontroller/LED_Controller_STM/inc" -I"/home/andre/eclipse/LEDcontroller/LED_Controller_STM/cfg" -I"/home/andre/eclipse/LEDcontroller/_Common/STM32/inc" -I"/home/andre/eclipse/LEDcontroller/_Common/Any/inc" -std=gnu11 -MMD -MP -MF"sdk/stm32f1xx_hal_tim_ex.d" -MT"sdk/stm32f1xx_hal_tim_ex.o" -c -o "sdk/stm32f1xx_hal_tim_ex.o" "/home/andre/eclipse/LEDcontroller/_SDK/STM32Cube_FW_F1_V1.4.0/Drivers/STM32F1xx_HAL_Driver/Src/stm32f1xx_hal_tim_ex.c"
Finished building: /home/andre/eclipse/LEDcontroller/_SDK/STM32Cube_FW_F1_V1.4.0/Drivers/STM32F1xx_HAL_Driver/Src/stm32f1xx_hal_tim_ex.c
 
Building file: /home/andre/eclipse/LEDcontroller/_SDK/STM32Cube_FW_F1_V1.4.0/Drivers/STM32F1xx_HAL_Driver/Src/stm32f1xx_hal_uart.c
Invoking: Cross ARM C Compiler
arm-none-eabi-gcc -mcpu=cortex-m3 -mthumb -O0 -fmessage-length=0 -fsigned-char -ffunction-sections -fdata-sections  -g3 -DSTM32F103xB -I"/home/andre/eclipse/LEDcontroller/_SDK/STM32Cube_FW_F1_V1.4.0/Drivers/CMSIS/Device/ST/STM32F1xx/Include" -I"/home/andre/eclipse/LEDcontroller/_SDK/STM32Cube_FW_F1_V1.4.0/Drivers/CMSIS/Include" -I"/home/andre/eclipse/LEDcontroller/_SDK/STM32Cube_FW_F1_V1.4.0/Drivers/STM32F1xx_HAL_Driver/Inc" -I"/home/andre/eclipse/LEDcontroller/_SDK/STM32Cube_FW_F1_V1.4.0/Drivers/STM32F1xx_HAL_Driver/Inc/Legacy" -I"/home/andre/eclipse/LEDcontroller/_SDK/STM32Cube_FW_F1_V1.4.0/Middlewares/ST/STM32_USB_Device_Library/Core/Inc" -I"/home/andre/eclipse/LEDcontroller/LED_Controller_STM/USB_Class_LED/Inc" -I"/home/andre/eclipse/LEDcontroller/LED_Controller_STM/inc" -I"/home/andre/eclipse/LEDcontroller/LED_Controller_STM/cfg" -I"/home/andre/eclipse/LEDcontroller/_Common/STM32/inc" -I"/home/andre/eclipse/LEDcontroller/_Common/Any/inc" -std=gnu11 -MMD -MP -MF"sdk/stm32f1xx_hal_uart.d" -MT"sdk/stm32f1xx_hal_uart.o" -c -o "sdk/stm32f1xx_hal_uart.o" "/home/andre/eclipse/LEDcontroller/_SDK/STM32Cube_FW_F1_V1.4.0/Drivers/STM32F1xx_HAL_Driver/Src/stm32f1xx_hal_uart.c"
Finished building: /home/andre/eclipse/LEDcontroller/_SDK/STM32Cube_FW_F1_V1.4.0/Drivers/STM32F1xx_HAL_Driver/Src/stm32f1xx_hal_uart.c
 
Building file: /home/andre/eclipse/LEDcontroller/_SDK/STM32Cube_FW_F1_V1.4.0/Drivers/STM32F1xx_HAL_Driver/Src/stm32f1xx_hal_usart.c
Invoking: Cross ARM C Compiler
arm-none-eabi-gcc -mcpu=cortex-m3 -mthumb -O0 -fmessage-length=0 -fsigned-char -ffunction-sections -fdata-sections  -g3 -DSTM32F103xB -I"/home/andre/eclipse/LEDcontroller/_SDK/STM32Cube_FW_F1_V1.4.0/Drivers/CMSIS/Device/ST/STM32F1xx/Include" -I"/home/andre/eclipse/LEDcontroller/_SDK/STM32Cube_FW_F1_V1.4.0/Drivers/CMSIS/Include" -I"/home/andre/eclipse/LEDcontroller/_SDK/STM32Cube_FW_F1_V1.4.0/Drivers/STM32F1xx_HAL_Driver/Inc" -I"/home/andre/eclipse/LEDcontroller/_SDK/STM32Cube_FW_F1_V1.4.0/Drivers/STM32F1xx_HAL_Driver/Inc/Legacy" -I"/home/andre/eclipse/LEDcontroller/_SDK/STM32Cube_FW_F1_V1.4.0/Middlewares/ST/STM32_USB_Device_Library/Core/Inc" -I"/home/andre/eclipse/LEDcontroller/LED_Controller_STM/USB_Class_LED/Inc" -I"/home/andre/eclipse/LEDcontroller/LED_Controller_STM/inc" -I"/home/andre/eclipse/LEDcontroller/LED_Controller_STM/cfg" -I"/home/andre/eclipse/LEDcontroller/_Common/STM32/inc" -I"/home/andre/eclipse/LEDcontroller/_Common/Any/inc" -std=gnu11 -MMD -MP -MF"sdk/stm32f1xx_hal_usart.d" -MT"sdk/stm32f1xx_hal_usart.o" -c -o "sdk/stm32f1xx_hal_usart.o" "/home/andre/eclipse/LEDcontroller/_SDK/STM32Cube_FW_F1_V1.4.0/Drivers/STM32F1xx_HAL_Driver/Src/stm32f1xx_hal_usart.c"
Finished building: /home/andre/eclipse/LEDcontroller/_SDK/STM32Cube_FW_F1_V1.4.0/Drivers/STM32F1xx_HAL_Driver/Src/stm32f1xx_hal_usart.c
 
Building file: /home/andre/eclipse/LEDcontroller/_SDK/STM32Cube_FW_F1_V1.4.0/Drivers/STM32F1xx_HAL_Driver/Src/stm32f1xx_hal_wwdg.c
Invoking: Cross ARM C Compiler
arm-none-eabi-gcc -mcpu=cortex-m3 -mthumb -O0 -fmessage-length=0 -fsigned-char -ffunction-sections -fdata-sections  -g3 -DSTM32F103xB -I"/home/andre/eclipse/LEDcontroller/_SDK/STM32Cube_FW_F1_V1.4.0/Drivers/CMSIS/Device/ST/STM32F1xx/Include" -I"/home/andre/eclipse/LEDcontroller/_SDK/STM32Cube_FW_F1_V1.4.0/Drivers/CMSIS/Include" -I"/home/andre/eclipse/LEDcontroller/_SDK/STM32Cube_FW_F1_V1.4.0/Drivers/STM32F1xx_HAL_Driver/Inc" -I"/home/andre/eclipse/LEDcontroller/_SDK/STM32Cube_FW_F1_V1.4.0/Drivers/STM32F1xx_HAL_Driver/Inc/Legacy" -I"/home/andre/eclipse/LEDcontroller/_SDK/STM32Cube_FW_F1_V1.4.0/Middlewares/ST/STM32_USB_Device_Library/Core/Inc" -I"/home/andre/eclipse/LEDcontroller/LED_Controller_STM/USB_Class_LED/Inc" -I"/home/andre/eclipse/LEDcontroller/LED_Controller_STM/inc" -I"/home/andre/eclipse/LEDcontroller/LED_Controller_STM/cfg" -I"/home/andre/eclipse/LEDcontroller/_Common/STM32/inc" -I"/home/andre/eclipse/LEDcontroller/_Common/Any/inc" -std=gnu11 -MMD -MP -MF"sdk/stm32f1xx_hal_wwdg.d" -MT"sdk/stm32f1xx_hal_wwdg.o" -c -o "sdk/stm32f1xx_hal_wwdg.o" "/home/andre/eclipse/LEDcontroller/_SDK/STM32Cube_FW_F1_V1.4.0/Drivers/STM32F1xx_HAL_Driver/Src/stm32f1xx_hal_wwdg.c"
Finished building: /home/andre/eclipse/LEDcontroller/_SDK/STM32Cube_FW_F1_V1.4.0/Drivers/STM32F1xx_HAL_Driver/Src/stm32f1xx_hal_wwdg.c
 
Building file: /home/andre/eclipse/LEDcontroller/_SDK/STM32Cube_FW_F1_V1.4.0/Drivers/STM32F1xx_HAL_Driver/Src/stm32f1xx_ll_fsmc.c
Invoking: Cross ARM C Compiler
arm-none-eabi-gcc -mcpu=cortex-m3 -mthumb -O0 -fmessage-length=0 -fsigned-char -ffunction-sections -fdata-sections  -g3 -DSTM32F103xB -I"/home/andre/eclipse/LEDcontroller/_SDK/STM32Cube_FW_F1_V1.4.0/Drivers/CMSIS/Device/ST/STM32F1xx/Include" -I"/home/andre/eclipse/LEDcontroller/_SDK/STM32Cube_FW_F1_V1.4.0/Drivers/CMSIS/Include" -I"/home/andre/eclipse/LEDcontroller/_SDK/STM32Cube_FW_F1_V1.4.0/Drivers/STM32F1xx_HAL_Driver/Inc" -I"/home/andre/eclipse/LEDcontroller/_SDK/STM32Cube_FW_F1_V1.4.0/Drivers/STM32F1xx_HAL_Driver/Inc/Legacy" -I"/home/andre/eclipse/LEDcontroller/_SDK/STM32Cube_FW_F1_V1.4.0/Middlewares/ST/STM32_USB_Device_Library/Core/Inc" -I"/home/andre/eclipse/LEDcontroller/LED_Controller_STM/USB_Class_LED/Inc" -I"/home/andre/eclipse/LEDcontroller/LED_Controller_STM/inc" -I"/home/andre/eclipse/LEDcontroller/LED_Controller_STM/cfg" -I"/home/andre/eclipse/LEDcontroller/_Common/STM32/inc" -I"/home/andre/eclipse/LEDcontroller/_Common/Any/inc" -std=gnu11 -MMD -MP -MF"sdk/stm32f1xx_ll_fsmc.d" -MT"sdk/stm32f1xx_ll_fsmc.o" -c -o "sdk/stm32f1xx_ll_fsmc.o" "/home/andre/eclipse/LEDcontroller/_SDK/STM32Cube_FW_F1_V1.4.0/Drivers/STM32F1xx_HAL_Driver/Src/stm32f1xx_ll_fsmc.c"
Finished building: /home/andre/eclipse/LEDcontroller/_SDK/STM32Cube_FW_F1_V1.4.0/Drivers/STM32F1xx_HAL_Driver/Src/stm32f1xx_ll_fsmc.c
 
Building file: /home/andre/eclipse/LEDcontroller/_SDK/STM32Cube_FW_F1_V1.4.0/Drivers/STM32F1xx_HAL_Driver/Src/stm32f1xx_ll_sdmmc.c
Invoking: Cross ARM C Compiler
arm-none-eabi-gcc -mcpu=cortex-m3 -mthumb -O0 -fmessage-length=0 -fsigned-char -ffunction-sections -fdata-sections  -g3 -DSTM32F103xB -I"/home/andre/eclipse/LEDcontroller/_SDK/STM32Cube_FW_F1_V1.4.0/Drivers/CMSIS/Device/ST/STM32F1xx/Include" -I"/home/andre/eclipse/LEDcontroller/_SDK/STM32Cube_FW_F1_V1.4.0/Drivers/CMSIS/Include" -I"/home/andre/eclipse/LEDcontroller/_SDK/STM32Cube_FW_F1_V1.4.0/Drivers/STM32F1xx_HAL_Driver/Inc" -I"/home/andre/eclipse/LEDcontroller/_SDK/STM32Cube_FW_F1_V1.4.0/Drivers/STM32F1xx_HAL_Driver/Inc/Legacy" -I"/home/andre/eclipse/LEDcontroller/_SDK/STM32Cube_FW_F1_V1.4.0/Middlewares/ST/STM32_USB_Device_Library/Core/Inc" -I"/home/andre/eclipse/LEDcontroller/LED_Controller_STM/USB_Class_LED/Inc" -I"/home/andre/eclipse/LEDcontroller/LED_Controller_STM/inc" -I"/home/andre/eclipse/LEDcontroller/LED_Controller_STM/cfg" -I"/home/andre/eclipse/LEDcontroller/_Common/STM32/inc" -I"/home/andre/eclipse/LEDcontroller/_Common/Any/inc" -std=gnu11 -MMD -MP -MF"sdk/stm32f1xx_ll_sdmmc.d" -MT"sdk/stm32f1xx_ll_sdmmc.o" -c -o "sdk/stm32f1xx_ll_sdmmc.o" "/home/andre/eclipse/LEDcontroller/_SDK/STM32Cube_FW_F1_V1.4.0/Drivers/STM32F1xx_HAL_Driver/Src/stm32f1xx_ll_sdmmc.c"
Finished building: /home/andre/eclipse/LEDcontroller/_SDK/STM32Cube_FW_F1_V1.4.0/Drivers/STM32F1xx_HAL_Driver/Src/stm32f1xx_ll_sdmmc.c
 
Building file: /home/andre/eclipse/LEDcontroller/_SDK/STM32Cube_FW_F1_V1.4.0/Drivers/STM32F1xx_HAL_Driver/Src/stm32f1xx_ll_usb.c
Invoking: Cross ARM C Compiler
arm-none-eabi-gcc -mcpu=cortex-m3 -mthumb -O0 -fmessage-length=0 -fsigned-char -ffunction-sections -fdata-sections  -g3 -DSTM32F103xB -I"/home/andre/eclipse/LEDcontroller/_SDK/STM32Cube_FW_F1_V1.4.0/Drivers/CMSIS/Device/ST/STM32F1xx/Include" -I"/home/andre/eclipse/LEDcontroller/_SDK/STM32Cube_FW_F1_V1.4.0/Drivers/CMSIS/Include" -I"/home/andre/eclipse/LEDcontroller/_SDK/STM32Cube_FW_F1_V1.4.0/Drivers/STM32F1xx_HAL_Driver/Inc" -I"/home/andre/eclipse/LEDcontroller/_SDK/STM32Cube_FW_F1_V1.4.0/Drivers/STM32F1xx_HAL_Driver/Inc/Legacy" -I"/home/andre/eclipse/LEDcontroller/_SDK/STM32Cube_FW_F1_V1.4.0/Middlewares/ST/STM32_USB_Device_Library/Core/Inc" -I"/home/andre/eclipse/LEDcontroller/LED_Controller_STM/USB_Class_LED/Inc" -I"/home/andre/eclipse/LEDcontroller/LED_Controller_STM/inc" -I"/home/andre/eclipse/LEDcontroller/LED_Controller_STM/cfg" -I"/home/andre/eclipse/LEDcontroller/_Common/STM32/inc" -I"/home/andre/eclipse/LEDcontroller/_Common/Any/inc" -std=gnu11 -MMD -MP -MF"sdk/stm32f1xx_ll_usb.d" -MT"sdk/stm32f1xx_ll_usb.o" -c -o "sdk/stm32f1xx_ll_usb.o" "/home/andre/eclipse/LEDcontroller/_SDK/STM32Cube_FW_F1_V1.4.0/Drivers/STM32F1xx_HAL_Driver/Src/stm32f1xx_ll_usb.c"
Finished building: /home/andre/eclipse/LEDcontroller/_SDK/STM32Cube_FW_F1_V1.4.0/Drivers/STM32F1xx_HAL_Driver/Src/stm32f1xx_ll_usb.c
 
Building file: /home/andre/eclipse/LEDcontroller/_SDK/STM32Cube_FW_F1_V1.4.0/Middlewares/ST/STM32_USB_Device_Library/Core/Src/usbd_core.c
Invoking: Cross ARM C Compiler
arm-none-eabi-gcc -mcpu=cortex-m3 -mthumb -O0 -fmessage-length=0 -fsigned-char -ffunction-sections -fdata-sections  -g3 -DSTM32F103xB -I"/home/andre/eclipse/LEDcontroller/_SDK/STM32Cube_FW_F1_V1.4.0/Drivers/CMSIS/Device/ST/STM32F1xx/Include" -I"/home/andre/eclipse/LEDcontroller/_SDK/STM32Cube_FW_F1_V1.4.0/Drivers/CMSIS/Include" -I"/home/andre/eclipse/LEDcontroller/_SDK/STM32Cube_FW_F1_V1.4.0/Drivers/STM32F1xx_HAL_Driver/Inc" -I"/home/andre/eclipse/LEDcontroller/_SDK/STM32Cube_FW_F1_V1.4.0/Drivers/STM32F1xx_HAL_Driver/Inc/Legacy" -I"/home/andre/eclipse/LEDcontroller/_SDK/STM32Cube_FW_F1_V1.4.0/Middlewares/ST/STM32_USB_Device_Library/Core/Inc" -I"/home/andre/eclipse/LEDcontroller/LED_Controller_STM/USB_Class_LED/Inc" -I"/home/andre/eclipse/LEDcontroller/LED_Controller_STM/inc" -I"/home/andre/eclipse/LEDcontroller/LED_Controller_STM/cfg" -I"/home/andre/eclipse/LEDcontroller/_Common/STM32/inc" -I"/home/andre/eclipse/LEDcontroller/_Common/Any/inc" -std=gnu11 -MMD -MP -MF"sdk/usbd_core.d" -MT"sdk/usbd_core.o" -c -o "sdk/usbd_core.o" "/home/andre/eclipse/LEDcontroller/_SDK/STM32Cube_FW_F1_V1.4.0/Middlewares/ST/STM32_USB_Device_Library/Core/Src/usbd_core.c"
Finished building: /home/andre/eclipse/LEDcontroller/_SDK/STM32Cube_FW_F1_V1.4.0/Middlewares/ST/STM32_USB_Device_Library/Core/Src/usbd_core.c
 
Building file: /home/andre/eclipse/LEDcontroller/_SDK/STM32Cube_FW_F1_V1.4.0/Middlewares/ST/STM32_USB_Device_Library/Core/Src/usbd_ctlreq.c
Invoking: Cross ARM C Compiler
arm-none-eabi-gcc -mcpu=cortex-m3 -mthumb -O0 -fmessage-length=0 -fsigned-char -ffunction-sections -fdata-sections  -g3 -DSTM32F103xB -I"/home/andre/eclipse/LEDcontroller/_SDK/STM32Cube_FW_F1_V1.4.0/Drivers/CMSIS/Device/ST/STM32F1xx/Include" -I"/home/andre/eclipse/LEDcontroller/_SDK/STM32Cube_FW_F1_V1.4.0/Drivers/CMSIS/Include" -I"/home/andre/eclipse/LEDcontroller/_SDK/STM32Cube_FW_F1_V1.4.0/Drivers/STM32F1xx_HAL_Driver/Inc" -I"/home/andre/eclipse/LEDcontroller/_SDK/STM32Cube_FW_F1_V1.4.0/Drivers/STM32F1xx_HAL_Driver/Inc/Legacy" -I"/home/andre/eclipse/LEDcontroller/_SDK/STM32Cube_FW_F1_V1.4.0/Middlewares/ST/STM32_USB_Device_Library/Core/Inc" -I"/home/andre/eclipse/LEDcontroller/LED_Controller_STM/USB_Class_LED/Inc" -I"/home/andre/eclipse/LEDcontroller/LED_Controller_STM/inc" -I"/home/andre/eclipse/LEDcontroller/LED_Controller_STM/cfg" -I"/home/andre/eclipse/LEDcontroller/_Common/STM32/inc" -I"/home/andre/eclipse/LEDcontroller/_Common/Any/inc" -std=gnu11 -MMD -MP -MF"sdk/usbd_ctlreq.d" -MT"sdk/usbd_ctlreq.o" -c -o "sdk/usbd_ctlreq.o" "/home/andre/eclipse/LEDcontroller/_SDK/STM32Cube_FW_F1_V1.4.0/Middlewares/ST/STM32_USB_Device_Library/Core/Src/usbd_ctlreq.c"
Finished building: /home/andre/eclipse/LEDcontroller/_SDK/STM32Cube_FW_F1_V1.4.0/Middlewares/ST/STM32_USB_Device_Library/Core/Src/usbd_ctlreq.c
 
Building file: /home/andre/eclipse/LEDcontroller/_SDK/STM32Cube_FW_F1_V1.4.0/Middlewares/ST/STM32_USB_Device_Library/Core/Src/usbd_ioreq.c
Invoking: Cross ARM C Compiler
arm-none-eabi-gcc -mcpu=cortex-m3 -mthumb -O0 -fmessage-length=0 -fsigned-char -ffunction-sections -fdata-sections  -g3 -DSTM32F103xB -I"/home/andre/eclipse/LEDcontroller/_SDK/STM32Cube_FW_F1_V1.4.0/Drivers/CMSIS/Device/ST/STM32F1xx/Include" -I"/home/andre/eclipse/LEDcontroller/_SDK/STM32Cube_FW_F1_V1.4.0/Drivers/CMSIS/Include" -I"/home/andre/eclipse/LEDcontroller/_SDK/STM32Cube_FW_F1_V1.4.0/Drivers/STM32F1xx_HAL_Driver/Inc" -I"/home/andre/eclipse/LEDcontroller/_SDK/STM32Cube_FW_F1_V1.4.0/Drivers/STM32F1xx_HAL_Driver/Inc/Legacy" -I"/home/andre/eclipse/LEDcontroller/_SDK/STM32Cube_FW_F1_V1.4.0/Middlewares/ST/STM32_USB_Device_Library/Core/Inc" -I"/home/andre/eclipse/LEDcontroller/LED_Controller_STM/USB_Class_LED/Inc" -I"/home/andre/eclipse/LEDcontroller/LED_Controller_STM/inc" -I"/home/andre/eclipse/LEDcontroller/LED_Controller_STM/cfg" -I"/home/andre/eclipse/LEDcontroller/_Common/STM32/inc" -I"/home/andre/eclipse/LEDcontroller/_Common/Any/inc" -std=gnu11 -MMD -MP -MF"sdk/usbd_ioreq.d" -MT"sdk/usbd_ioreq.o" -c -o "sdk/usbd_ioreq.o" "/home/andre/eclipse/LEDcontroller/_SDK/STM32Cube_FW_F1_V1.4.0/Middlewares/ST/STM32_USB_Device_Library/Core/Src/usbd_ioreq.c"
Finished building: /home/andre/eclipse/LEDcontroller/_SDK/STM32Cube_FW_F1_V1.4.0/Middlewares/ST/STM32_USB_Device_Library/Core/Src/usbd_ioreq.c
 
Building file: ../USB_Class_LED/Src/usbd_led.c
Invoking: Cross ARM C Compiler
arm-none-eabi-gcc -mcpu=cortex-m3 -mthumb -O0 -fmessage-length=0 -fsigned-char -ffunction-sections -fdata-sections  -g3 -DSTM32F103xB -I"/home/andre/eclipse/LEDcontroller/_SDK/STM32Cube_FW_F1_V1.4.0/Drivers/CMSIS/Device/ST/STM32F1xx/Include" -I"/home/andre/eclipse/LEDcontroller/_SDK/STM32Cube_FW_F1_V1.4.0/Drivers/CMSIS/Include" -I"/home/andre/eclipse/LEDcontroller/_SDK/STM32Cube_FW_F1_V1.4.0/Drivers/STM32F1xx_HAL_Driver/Inc" -I"/home/andre/eclipse/LEDcontroller/_SDK/STM32Cube_FW_F1_V1.4.0/Drivers/STM32F1xx_HAL_Driver/Inc/Legacy" -I"/home/andre/eclipse/LEDcontroller/_SDK/STM32Cube_FW_F1_V1.4.0/Middlewares/ST/STM32_USB_Device_Library/Core/Inc" -I"/home/andre/eclipse/LEDcontroller/LED_Controller_STM/USB_Class_LED/Inc" -I"/home/andre/eclipse/LEDcontroller/LED_Controller_STM/inc" -I"/home/andre/eclipse/LEDcontroller/LED_Controller_STM/cfg" -I"/home/andre/eclipse/LEDcontroller/_Common/STM32/inc" -I"/home/andre/eclipse/LEDcontroller/_Common/Any/inc" -std=gnu11 -MMD -MP -MF"USB_Class_LED/Src/usbd_led.d" -MT"USB_Class_LED/Src/usbd_led.o" -c -o "USB_Class_LED/Src/usbd_led.o" "../USB_Class_LED/Src/usbd_led.c"
Finished building: ../USB_Class_LED/Src/usbd_led.c
 
Building file: /home/andre/eclipse/LEDcontroller/_Common/STM32/src/stm32_common.c
Invoking: Cross ARM C Compiler
arm-none-eabi-gcc -mcpu=cortex-m3 -mthumb -O0 -fmessage-length=0 -fsigned-char -ffunction-sections -fdata-sections  -g3 -DSTM32F103xB -I"/home/andre/eclipse/LEDcontroller/_SDK/STM32Cube_FW_F1_V1.4.0/Drivers/CMSIS/Device/ST/STM32F1xx/Include" -I"/home/andre/eclipse/LEDcontroller/_SDK/STM32Cube_FW_F1_V1.4.0/Drivers/CMSIS/Include" -I"/home/andre/eclipse/LEDcontroller/_SDK/STM32Cube_FW_F1_V1.4.0/Drivers/STM32F1xx_HAL_Driver/Inc" -I"/home/andre/eclipse/LEDcontroller/_SDK/STM32Cube_FW_F1_V1.4.0/Drivers/STM32F1xx_HAL_Driver/Inc/Legacy" -I"/home/andre/eclipse/LEDcontroller/_SDK/STM32Cube_FW_F1_V1.4.0/Middlewares/ST/STM32_USB_Device_Library/Core/Inc" -I"/home/andre/eclipse/LEDcontroller/LED_Controller_STM/USB_Class_LED/Inc" -I"/home/andre/eclipse/LEDcontroller/LED_Controller_STM/inc" -I"/home/andre/eclipse/LEDcontroller/LED_Controller_STM/cfg" -I"/home/andre/eclipse/LEDcontroller/_Common/STM32/inc" -I"/home/andre/eclipse/LEDcontroller/_Common/Any/inc" -std=gnu11 -MMD -MP -MF"STM32_Common/stm32_common.d" -MT"STM32_Common/stm32_common.o" -c -o "STM32_Common/stm32_common.o" "/home/andre/eclipse/LEDcontroller/_Common/STM32/src/stm32_common.c"
Finished building: /home/andre/eclipse/LEDcontroller/_Common/STM32/src/stm32_common.c
 
Building target: LED_Controller_STM.elf
Invoking: Cross ARM C Linker
arm-none-eabi-gcc -mcpu=cortex-m3 -mthumb -O0 -fmessage-length=0 -fsigned-char -ffunction-sections -fdata-sections  -g3 -T "/home/andre/eclipse/LEDcontroller/_Common/STM32/ld/STM32F103C8_FLASH.ld" -Xlinker --gc-sections -Wl,-Map,"LED_Controller_STM.map" -o "LED_Controller_STM.elf"  ./system/system_stm32f1xx.o  ./src/main.o ./src/pwmdma.o ./src/stm32f1xx_it.o ./src/usb_led.o ./src/usbd_conf.o ./src/usbd_desc.o  ./sdk/stm32f1xx_hal.o ./sdk/stm32f1xx_hal_adc.o ./sdk/stm32f1xx_hal_adc_ex.o ./sdk/stm32f1xx_hal_can.o ./sdk/stm32f1xx_hal_cec.o ./sdk/stm32f1xx_hal_cortex.o ./sdk/stm32f1xx_hal_crc.o ./sdk/stm32f1xx_hal_dac.o ./sdk/stm32f1xx_hal_dac_ex.o ./sdk/stm32f1xx_hal_dma.o ./sdk/stm32f1xx_hal_eth.o ./sdk/stm32f1xx_hal_flash.o ./sdk/stm32f1xx_hal_flash_ex.o ./sdk/stm32f1xx_hal_gpio.o ./sdk/stm32f1xx_hal_gpio_ex.o ./sdk/stm32f1xx_hal_hcd.o ./sdk/stm32f1xx_hal_i2c.o ./sdk/stm32f1xx_hal_i2s.o ./sdk/stm32f1xx_hal_irda.o ./sdk/stm32f1xx_hal_iwdg.o ./sdk/stm32f1xx_hal_msp_template.o ./sdk/stm32f1xx_hal_nand.o ./sdk/stm32f1xx_hal_nor.o ./sdk/stm32f1xx_hal_pccard.o ./sdk/stm32f1xx_hal_pcd.o ./sdk/stm32f1xx_hal_pcd_ex.o ./sdk/stm32f1xx_hal_pwr.o ./sdk/stm32f1xx_hal_rcc.o ./sdk/stm32f1xx_hal_rcc_ex.o ./sdk/stm32f1xx_hal_rtc.o ./sdk/stm32f1xx_hal_rtc_ex.o ./sdk/stm32f1xx_hal_sd.o ./sdk/stm32f1xx_hal_smartcard.o ./sdk/stm32f1xx_hal_spi.o ./sdk/stm32f1xx_hal_spi_ex.o ./sdk/stm32f1xx_hal_sram.o ./sdk/stm32f1xx_hal_tim.o ./sdk/stm32f1xx_hal_tim_ex.o ./sdk/stm32f1xx_hal_uart.o ./sdk/stm32f1xx_hal_usart.o ./sdk/stm32f1xx_hal_wwdg.o ./sdk/stm32f1xx_ll_fsmc.o ./sdk/stm32f1xx_ll_sdmmc.o ./sdk/stm32f1xx_ll_usb.o ./sdk/usbd_core.o ./sdk/usbd_ctlreq.o ./sdk/usbd_ioreq.o  ./USB_Class_LED/Src/usbd_led.o  ./STM32_Common/stm32_common.o   
/usr/lib/gcc/arm-none-eabi/6.3.1/../../../../arm-none-eabi/bin/ld: warning: cannot find entry symbol Reset_Handler; defaulting to 0000000008000000
Finished building target: LED_Controller_STM.elf
 
Invoking: Cross ARM GNU Create Flash Image
arm-none-eabi-objcopy -O ihex "LED_Controller_STM.elf"  "LED_Controller_STM.hex"
Finished building: LED_Controller_STM.hex
 
Invoking: Cross ARM GNU Print Size
arm-none-eabi-size --format=berkeley "LED_Controller_STM.elf"
   text	   data	    bss	    dec	    hex	filename
    372	   1076	   1564	   3012	    bc4	LED_Controller_STM.elf
Finished building: LED_Controller_STM.siz
 
12:12:00 **** Incremental Build of configuration Debug for project LED_Controller_STM ****
make all 
Building file: /home/andre/eclipse/LEDcontroller/_SDK/STM32Cube_FW_F1_V1.4.0/Drivers/CMSIS/Device/ST/STM32F1xx/Source/Templates/gcc/startup_stm32f103xb.S
Invoking: Cross ARM GNU Assembler
arm-none-eabi-gcc -mcpu=cortex-m3 -mthumb -O0 -fmessage-length=0 -fsigned-char -ffunction-sections -fdata-sections  -g3 -x assembler-with-cpp -DSTM32F103xB -I"/home/andre/eclipse/LEDcontroller/_SDK/STM32Cube_FW_F1_V1.4.0/Drivers/CMSIS/Device/ST/STM32F1xx/Include" -I"/home/andre/eclipse/LEDcontroller/_SDK/STM32Cube_FW_F1_V1.4.0/Drivers/CMSIS/Include" -I"/home/andre/eclipse/LEDcontroller/_SDK/STM32Cube_FW_F1_V1.4.0/Drivers/STM32F1xx_HAL_Driver/Inc" -I"/home/andre/eclipse/LEDcontroller/_SDK/STM32Cube_FW_F1_V1.4.0/Drivers/STM32F1xx_HAL_Driver/Inc/Legacy" -I"/home/andre/eclipse/LEDcontroller/_SDK/STM32Cube_FW_F1_V1.4.0/Middlewares/ST/STM32_USB_Device_Library/Core/Inc" -I"/home/andre/eclipse/LEDcontroller/LED_Controller_STM/USB_Class_LED/Inc" -I"/home/andre/eclipse/LEDcontroller/LED_Controller_STM/inc" -I"/home/andre/eclipse/LEDcontroller/LED_Controller_STM/cfg" -I"/home/andre/eclipse/LEDcontroller/_Common/STM32/inc" -I"/home/andre/eclipse/LEDcontroller/_Common/Any/inc" -MMD -MP -MF"system/startup_stm32f103xb.d" -MT"system/startup_stm32f103xb.o" -c -o "system/startup_stm32f103xb.o" "/home/andre/eclipse/LEDcontroller/_SDK/STM32Cube_FW_F1_V1.4.0/Drivers/CMSIS/Device/ST/STM32F1xx/Source/Templates/gcc/startup_stm32f103xb.S"
Finished building: /home/andre/eclipse/LEDcontroller/_SDK/STM32Cube_FW_F1_V1.4.0/Drivers/CMSIS/Device/ST/STM32F1xx/Source/Templates/gcc/startup_stm32f103xb.S
 
Building target: LED_Controller_STM.elf
Invoking: Cross ARM C Linker
arm-none-eabi-gcc -mcpu=cortex-m3 -mthumb -O0 -fmessage-length=0 -fsigned-char -ffunction-sections -fdata-sections  -g3 -T "/home/andre/eclipse/LEDcontroller/_Common/STM32/ld/STM32F103C8_FLASH.ld" -Xlinker --gc-sections -Wl,-Map,"LED_Controller_STM.map" -o "LED_Controller_STM.elf"  ./system/startup_stm32f103xb.o ./system/system_stm32f1xx.o  ./src/main.o ./src/pwmdma.o ./src/stm32f1xx_it.o ./src/usb_led.o ./src/usbd_conf.o ./src/usbd_desc.o  ./sdk/stm32f1xx_hal.o ./sdk/stm32f1xx_hal_adc.o ./sdk/stm32f1xx_hal_adc_ex.o ./sdk/stm32f1xx_hal_can.o ./sdk/stm32f1xx_hal_cec.o ./sdk/stm32f1xx_hal_cortex.o ./sdk/stm32f1xx_hal_crc.o ./sdk/stm32f1xx_hal_dac.o ./sdk/stm32f1xx_hal_dac_ex.o ./sdk/stm32f1xx_hal_dma.o ./sdk/stm32f1xx_hal_eth.o ./sdk/stm32f1xx_hal_flash.o ./sdk/stm32f1xx_hal_flash_ex.o ./sdk/stm32f1xx_hal_gpio.o ./sdk/stm32f1xx_hal_gpio_ex.o ./sdk/stm32f1xx_hal_hcd.o ./sdk/stm32f1xx_hal_i2c.o ./sdk/stm32f1xx_hal_i2s.o ./sdk/stm32f1xx_hal_irda.o ./sdk/stm32f1xx_hal_iwdg.o ./sdk/stm32f1xx_hal_msp_template.o ./sdk/stm32f1xx_hal_nand.o ./sdk/stm32f1xx_hal_nor.o ./sdk/stm32f1xx_hal_pccard.o ./sdk/stm32f1xx_hal_pcd.o ./sdk/stm32f1xx_hal_pcd_ex.o ./sdk/stm32f1xx_hal_pwr.o ./sdk/stm32f1xx_hal_rcc.o ./sdk/stm32f1xx_hal_rcc_ex.o ./sdk/stm32f1xx_hal_rtc.o ./sdk/stm32f1xx_hal_rtc_ex.o ./sdk/stm32f1xx_hal_sd.o ./sdk/stm32f1xx_hal_smartcard.o ./sdk/stm32f1xx_hal_spi.o ./sdk/stm32f1xx_hal_spi_ex.o ./sdk/stm32f1xx_hal_sram.o ./sdk/stm32f1xx_hal_tim.o ./sdk/stm32f1xx_hal_tim_ex.o ./sdk/stm32f1xx_hal_uart.o ./sdk/stm32f1xx_hal_usart.o ./sdk/stm32f1xx_hal_wwdg.o ./sdk/stm32f1xx_ll_fsmc.o ./sdk/stm32f1xx_ll_sdmmc.o ./sdk/stm32f1xx_ll_usb.o ./sdk/usbd_core.o ./sdk/usbd_ctlreq.o ./sdk/usbd_ioreq.o  ./USB_Class_LED/Src/usbd_led.o  ./STM32_Common/stm32_common.o   
Finished building target: LED_Controller_STM.elf
 
Invoking: Cross ARM GNU Create Flash Image
arm-none-eabi-objcopy -O ihex "LED_Controller_STM.elf"  "LED_Controller_STM.hex"
Finished building: LED_Controller_STM.hex
 
Invoking: Cross ARM GNU Print Size
arm-none-eabi-size --format=berkeley "LED_Controller_STM.elf"
   text	   data	    bss	    dec	    hex	filename
  23700	   1260	  17052	  42012	   a41c	LED_Controller_STM.elf
Finished building: LED_Controller_STM.siz
 
12:26:55 **** Incremental Build of configuration Debug for project LED_Controller_STM ****
make all 
Building file: ../src/usb_led.c
Invoking: Cross ARM C Compiler
arm-none-eabi-gcc -mcpu=cortex-m3 -mthumb -O0 -fmessage-length=0 -fsigned-char -ffunction-sections -fdata-sections  -g3 -DSTM32F103xB -I"/home/andre/eclipse/LEDcontroller/_SDK/STM32Cube_FW_F1_V1.4.0/Drivers/CMSIS/Device/ST/STM32F1xx/Include" -I"/home/andre/eclipse/LEDcontroller/_SDK/STM32Cube_FW_F1_V1.4.0/Drivers/CMSIS/Include" -I"/home/andre/eclipse/LEDcontroller/_SDK/STM32Cube_FW_F1_V1.4.0/Drivers/STM32F1xx_HAL_Driver/Inc" -I"/home/andre/eclipse/LEDcontroller/_SDK/STM32Cube_FW_F1_V1.4.0/Drivers/STM32F1xx_HAL_Driver/Inc/Legacy" -I"/home/andre/eclipse/LEDcontroller/_SDK/STM32Cube_FW_F1_V1.4.0/Middlewares/ST/STM32_USB_Device_Library/Core/Inc" -I"/home/andre/eclipse/LEDcontroller/LED_Controller_STM/USB_Class_LED/Inc" -I"/home/andre/eclipse/LEDcontroller/LED_Controller_STM/inc" -I"/home/andre/eclipse/LEDcontroller/LED_Controller_STM/cfg" -I"/home/andre/eclipse/LEDcontroller/_Common/STM32/inc" -I"/home/andre/eclipse/LEDcontroller/_Common/Any/inc" -std=gnu11 -MMD -MP -MF"src/usb_led.d" -MT"src/usb_led.o" -c -o "src/usb_led.o" "../src/usb_led.c"
../src/usb_led.c: In function 'LED_Itf_Receive':
../src/usb_led.c:69:3: warning: implicit declaration of function 'start_dma_transer' [-Wimplicit-function-declaration]
   start_dma_transer(data_c0,sizeof(data_c0));
   ^~~~~~~~~~~~~~~~~
Finished building: ../src/usb_led.c
 
Building target: LED_Controller_STM.elf
Invoking: Cross ARM C Linker
arm-none-eabi-gcc -mcpu=cortex-m3 -mthumb -O0 -fmessage-length=0 -fsigned-char -ffunction-sections -fdata-sections  -g3 -T "/home/andre/eclipse/LEDcontroller/_Common/STM32/ld/STM32F103C8_FLASH.ld" -Xlinker --gc-sections -Wl,-Map,"LED_Controller_STM.map" -o "LED_Controller_STM.elf"  ./system/startup_stm32f103xb.o ./system/system_stm32f1xx.o  ./src/main.o ./src/pwmdma.o ./src/stm32f1xx_it.o ./src/usb_led.o ./src/usbd_conf.o ./src/usbd_desc.o  ./sdk/stm32f1xx_hal.o ./sdk/stm32f1xx_hal_adc.o ./sdk/stm32f1xx_hal_adc_ex.o ./sdk/stm32f1xx_hal_can.o ./sdk/stm32f1xx_hal_cec.o ./sdk/stm32f1xx_hal_cortex.o ./sdk/stm32f1xx_hal_crc.o ./sdk/stm32f1xx_hal_dac.o ./sdk/stm32f1xx_hal_dac_ex.o ./sdk/stm32f1xx_hal_dma.o ./sdk/stm32f1xx_hal_eth.o ./sdk/stm32f1xx_hal_flash.o ./sdk/stm32f1xx_hal_flash_ex.o ./sdk/stm32f1xx_hal_gpio.o ./sdk/stm32f1xx_hal_gpio_ex.o ./sdk/stm32f1xx_hal_hcd.o ./sdk/stm32f1xx_hal_i2c.o ./sdk/stm32f1xx_hal_i2s.o ./sdk/stm32f1xx_hal_irda.o ./sdk/stm32f1xx_hal_iwdg.o ./sdk/stm32f1xx_hal_msp_template.o ./sdk/stm32f1xx_hal_nand.o ./sdk/stm32f1xx_hal_nor.o ./sdk/stm32f1xx_hal_pccard.o ./sdk/stm32f1xx_hal_pcd.o ./sdk/stm32f1xx_hal_pcd_ex.o ./sdk/stm32f1xx_hal_pwr.o ./sdk/stm32f1xx_hal_rcc.o ./sdk/stm32f1xx_hal_rcc_ex.o ./sdk/stm32f1xx_hal_rtc.o ./sdk/stm32f1xx_hal_rtc_ex.o ./sdk/stm32f1xx_hal_sd.o ./sdk/stm32f1xx_hal_smartcard.o ./sdk/stm32f1xx_hal_spi.o ./sdk/stm32f1xx_hal_spi_ex.o ./sdk/stm32f1xx_hal_sram.o ./sdk/stm32f1xx_hal_tim.o ./sdk/stm32f1xx_hal_tim_ex.o ./sdk/stm32f1xx_hal_uart.o ./sdk/stm32f1xx_hal_usart.o ./sdk/stm32f1xx_hal_wwdg.o ./sdk/stm32f1xx_ll_fsmc.o ./sdk/stm32f1xx_ll_sdmmc.o ./sdk/stm32f1xx_ll_usb.o ./sdk/usbd_core.o ./sdk/usbd_ctlreq.o ./sdk/usbd_ioreq.o  ./USB_Class_LED/Src/usbd_led.o  ./STM32_Common/stm32_common.o   
Finished building target: LED_Controller_STM.elf
 
Invoking: Cross ARM GNU Create Flash Image
arm-none-eabi-objcopy -O ihex "LED_Controller_STM.elf"  "LED_Controller_STM.hex"
Finished building: LED_Controller_STM.hex
 
Invoking: Cross ARM GNU Print Size
arm-none-eabi-size --format=berkeley "LED_Controller_STM.elf"
   text	   data	    bss	    dec	    hex	filename
  23700	   1260	  17052	  42012	   a41c	LED_Controller_STM.elf
Finished building: LED_Controller_STM.siz
 
12:27:25 **** Incremental Build of configuration Debug for project LED_Controller_STM ****
make all 
Invoking: Cross ARM GNU Print Size
arm-none-eabi-size --format=berkeley "LED_Controller_STM.elf"
   text	   data	    bss	    dec	    hex	filename
  23700	   1260	  17052	  42012	   a41c	LED_Controller_STM.elf
Finished building: LED_Controller_STM.siz
 
12:28:10 **** Incremental Build of configuration Debug for project LED_Controller_STM ****
make all 
Invoking: Cross ARM GNU Print Size
arm-none-eabi-size --format=berkeley "LED_Controller_STM.elf"
   text	   data	    bss	    dec	    hex	filename
  23700	   1260	  17052	  42012	   a41c	LED_Controller_STM.elf
Finished building: LED_Controller_STM.siz
 
12:31:18 **** Incremental Build of configuration Debug for project LED_Controller_STM ****
make all 
Building file: ../src/usb_led.c
Invoking: Cross ARM C Compiler
arm-none-eabi-gcc -mcpu=cortex-m3 -mthumb -O0 -fmessage-length=0 -fsigned-char -ffunction-sections -fdata-sections  -g3 -DSTM32F103xB -I"/home/andre/eclipse/LEDcontroller/_SDK/STM32Cube_FW_F1_V1.4.0/Drivers/CMSIS/Device/ST/STM32F1xx/Include" -I"/home/andre/eclipse/LEDcontroller/_SDK/STM32Cube_FW_F1_V1.4.0/Drivers/CMSIS/Include" -I"/home/andre/eclipse/LEDcontroller/_SDK/STM32Cube_FW_F1_V1.4.0/Drivers/STM32F1xx_HAL_Driver/Inc" -I"/home/andre/eclipse/LEDcontroller/_SDK/STM32Cube_FW_F1_V1.4.0/Drivers/STM32F1xx_HAL_Driver/Inc/Legacy" -I"/home/andre/eclipse/LEDcontroller/_SDK/STM32Cube_FW_F1_V1.4.0/Middlewares/ST/STM32_USB_Device_Library/Core/Inc" -I"/home/andre/eclipse/LEDcontroller/LED_Controller_STM/USB_Class_LED/Inc" -I"/home/andre/eclipse/LEDcontroller/LED_Controller_STM/inc" -I"/home/andre/eclipse/LEDcontroller/LED_Controller_STM/cfg" -I"/home/andre/eclipse/LEDcontroller/_Common/STM32/inc" -I"/home/andre/eclipse/LEDcontroller/_Common/Any/inc" -std=gnu11 -MMD -MP -MF"src/usb_led.d" -MT"src/usb_led.o" -c -o "src/usb_led.o" "../src/usb_led.c"
../src/usb_led.c: In function 'LED_Itf_Receive':
../src/usb_led.c:69:3: warning: implicit declaration of function 'start_dma_transer' [-Wimplicit-function-declaration]
   start_dma_transer(data_c0,sizeof(data_c0));
   ^~~~~~~~~~~~~~~~~
Finished building: ../src/usb_led.c
 
Building target: LED_Controller_STM.elf
Invoking: Cross ARM C Linker
arm-none-eabi-gcc -mcpu=cortex-m3 -mthumb -O0 -fmessage-length=0 -fsigned-char -ffunction-sections -fdata-sections  -g3 -T "/home/andre/eclipse/LEDcontroller/_Common/STM32/ld/STM32F103C8_FLASH.ld" -Xlinker --gc-sections -Wl,-Map,"LED_Controller_STM.map" -o "LED_Controller_STM.elf"  ./system/startup_stm32f103xb.o ./system/system_stm32f1xx.o  ./src/main.o ./src/pwmdma.o ./src/stm32f1xx_it.o ./src/usb_led.o ./src/usbd_conf.o ./src/usbd_desc.o  ./sdk/stm32f1xx_hal.o ./sdk/stm32f1xx_hal_adc.o ./sdk/stm32f1xx_hal_adc_ex.o ./sdk/stm32f1xx_hal_can.o ./sdk/stm32f1xx_hal_cec.o ./sdk/stm32f1xx_hal_cortex.o ./sdk/stm32f1xx_hal_crc.o ./sdk/stm32f1xx_hal_dac.o ./sdk/stm32f1xx_hal_dac_ex.o ./sdk/stm32f1xx_hal_dma.o ./sdk/stm32f1xx_hal_eth.o ./sdk/stm32f1xx_hal_flash.o ./sdk/stm32f1xx_hal_flash_ex.o ./sdk/stm32f1xx_hal_gpio.o ./sdk/stm32f1xx_hal_gpio_ex.o ./sdk/stm32f1xx_hal_hcd.o ./sdk/stm32f1xx_hal_i2c.o ./sdk/stm32f1xx_hal_i2s.o ./sdk/stm32f1xx_hal_irda.o ./sdk/stm32f1xx_hal_iwdg.o ./sdk/stm32f1xx_hal_msp_template.o ./sdk/stm32f1xx_hal_nand.o ./sdk/stm32f1xx_hal_nor.o ./sdk/stm32f1xx_hal_pccard.o ./sdk/stm32f1xx_hal_pcd.o ./sdk/stm32f1xx_hal_pcd_ex.o ./sdk/stm32f1xx_hal_pwr.o ./sdk/stm32f1xx_hal_rcc.o ./sdk/stm32f1xx_hal_rcc_ex.o ./sdk/stm32f1xx_hal_rtc.o ./sdk/stm32f1xx_hal_rtc_ex.o ./sdk/stm32f1xx_hal_sd.o ./sdk/stm32f1xx_hal_smartcard.o ./sdk/stm32f1xx_hal_spi.o ./sdk/stm32f1xx_hal_spi_ex.o ./sdk/stm32f1xx_hal_sram.o ./sdk/stm32f1xx_hal_tim.o ./sdk/stm32f1xx_hal_tim_ex.o ./sdk/stm32f1xx_hal_uart.o ./sdk/stm32f1xx_hal_usart.o ./sdk/stm32f1xx_hal_wwdg.o ./sdk/stm32f1xx_ll_fsmc.o ./sdk/stm32f1xx_ll_sdmmc.o ./sdk/stm32f1xx_ll_usb.o ./sdk/usbd_core.o ./sdk/usbd_ctlreq.o ./sdk/usbd_ioreq.o  ./USB_Class_LED/Src/usbd_led.o  ./STM32_Common/stm32_common.o   
Finished building target: LED_Controller_STM.elf
 
Invoking: Cross ARM GNU Create Flash Image
arm-none-eabi-objcopy -O ihex "LED_Controller_STM.elf"  "LED_Controller_STM.hex"
Finished building: LED_Controller_STM.hex
 
Invoking: Cross ARM GNU Print Size
arm-none-eabi-size --format=berkeley "LED_Controller_STM.elf"
   text	   data	    bss	    dec	    hex	filename
  23704	   1260	  17052	  42016	   a420	LED_Controller_STM.elf
Finished building: LED_Controller_STM.siz
 
12:55:01 **** Build of configuration Debug for project USB_Test ****
make all 
Building file: ../src/test.c
Invoking: GCC C Compiler
gcc -I/usr/include/libusb-1.0/ -O0 -g3 -Wall -c -fmessage-length=0 -MMD -MP -MF"src/test.d" -MT"src/test.o" -o "src/test.o" "../src/test.c"
../src/test.c: In functie main:
../src/test.c:186:28: let op: pointer targets in initialization differ in signedness [-Wpointer-sign]
   uint8_t *bytes_of_data = data_to_transmit + 4 ;
                            ^~~~~~~~~~~~~~~~
../src/test.c:191:17: let op: pointer targets in passing argument 1 of verify_data differ in signedness [-Wpointer-sign]
     verify_data(data_to_transmit);
                 ^~~~~~~~~~~~~~~~
../src/test.c:45:6: note: expected uint8_t * {aka unsigned char *} but argument is of type char *
 void verify_data(uint8_t *data) {
      ^~~~~~~~~~~
../src/test.c:193:52: let op: pointer targets in passing argument 3 of libusb_bulk_transfer differ in signedness [-Wpointer-sign]
     int res= libusb_bulk_transfer  ( handle, 0x01, data_to_transmit, 64, &transferred, 1000 )  ;
                                                    ^~~~~~~~~~~~~~~~
In file included from ../src/test.c:9:0:
/usr/include/libusb-1.0/libusb.h:1752:17: note: expected unsigned char * but argument is of type char *
 int LIBUSB_CALL libusb_bulk_transfer(libusb_device_handle *dev_handle,
                 ^~~~~~~~~~~~~~~~~~~~
../src/test.c:115:9: let op: unused variable rgb [-Wunused-variable]
   rgb_t rgb;
         ^~~
../src/test.c:114:9: let op: unused variable index [-Wunused-variable]
     int index = 0;
         ^~~~~
../src/test.c:61:11: let op: unused variable buffer [-Wunused-variable]
   uint8_t buffer[64];                /* 64 byte transfer buffer */
           ^~~~~~
../src/test.c:60:7: let op: unused variable numBytes [-Wunused-variable]
   int numBytes                 = 0;  /* Actual bytes transferred. */
       ^~~~~~~~
Finished building: ../src/test.c
 
Building target: USB_Test
Invoking: GCC C++ Linker
g++  -o "USB_Test"  ./src/test.o   -lusb-1.0
Finished building target: USB_Test
 
12:55:17 **** Incremental Build of configuration Debug for project USB_Test ****
make all 
make: Er hoeft niets gedaan te worden voor 'all'.
13:04:06 **** Incremental Build of configuration Debug for project USB_Test ****
make all 
Building file: ../src/test.c
Invoking: GCC C Compiler
gcc -I/usr/include/libusb-1.0/ -O0 -g3 -Wall -c -fmessage-length=0 -MMD -MP -MF"src/test.d" -MT"src/test.o" -o "src/test.o" "../src/test.c"
../src/test.c: In functie main:
../src/test.c:186:28: let op: pointer targets in initialization differ in signedness [-Wpointer-sign]
   uint8_t *bytes_of_data = (data_to_transmit + 4) ;
                            ^
../src/test.c:191:17: let op: pointer targets in passing argument 1 of verify_data differ in signedness [-Wpointer-sign]
     verify_data(data_to_transmit);
                 ^~~~~~~~~~~~~~~~
../src/test.c:45:6: note: expected uint8_t * {aka unsigned char *} but argument is of type char *
 void verify_data(uint8_t *data) {
      ^~~~~~~~~~~
../src/test.c:193:52: let op: pointer targets in passing argument 3 of libusb_bulk_transfer differ in signedness [-Wpointer-sign]
     int res= libusb_bulk_transfer  ( handle, 0x01, data_to_transmit, 64, &transferred, 1000 )  ;
                                                    ^~~~~~~~~~~~~~~~
In file included from ../src/test.c:9:0:
/usr/include/libusb-1.0/libusb.h:1752:17: note: expected unsigned char * but argument is of type char *
 int LIBUSB_CALL libusb_bulk_transfer(libusb_device_handle *dev_handle,
                 ^~~~~~~~~~~~~~~~~~~~
../src/test.c:115:9: let op: unused variable rgb [-Wunused-variable]
   rgb_t rgb;
         ^~~
../src/test.c:114:9: let op: unused variable index [-Wunused-variable]
     int index = 0;
         ^~~~~
../src/test.c:61:11: let op: unused variable buffer [-Wunused-variable]
   uint8_t buffer[64];                /* 64 byte transfer buffer */
           ^~~~~~
../src/test.c:60:7: let op: unused variable numBytes [-Wunused-variable]
   int numBytes                 = 0;  /* Actual bytes transferred. */
       ^~~~~~~~
Finished building: ../src/test.c
 
Building target: USB_Test
Invoking: GCC C++ Linker
g++  -o "USB_Test"  ./src/test.o   -lusb-1.0
Finished building target: USB_Test
 
13:05:28 **** Incremental Build of configuration Debug for project USB_Test ****
make all 
make: Er hoeft niets gedaan te worden voor 'all'.
13:05:59 **** Incremental Build of configuration Debug for project LED_Controller_STM ****
make all 
Invoking: Cross ARM GNU Print Size
arm-none-eabi-size --format=berkeley "LED_Controller_STM.elf"
   text	   data	    bss	    dec	    hex	filename
  23704	   1260	  17052	  42016	   a420	LED_Controller_STM.elf
Finished building: LED_Controller_STM.siz
 
13:06:24 **** Incremental Build of configuration Debug for project USB_Test ****
make all 
Building file: ../src/test.c
Invoking: GCC C Compiler
gcc -I/usr/include/libusb-1.0/ -O0 -g3 -Wall -c -fmessage-length=0 -MMD -MP -MF"src/test.d" -MT"src/test.o" -o "src/test.o" "../src/test.c"
../src/test.c: In functie main:
../src/test.c:186:28: let op: pointer targets in initialization differ in signedness [-Wpointer-sign]
   uint8_t *bytes_of_data = (data_to_transmit + 4) ;
                            ^
../src/test.c:191:17: let op: pointer targets in passing argument 1 of verify_data differ in signedness [-Wpointer-sign]
     verify_data(data_to_transmit);
                 ^~~~~~~~~~~~~~~~
../src/test.c:45:6: note: expected uint8_t * {aka unsigned char *} but argument is of type char *
 void verify_data(uint8_t *data) {
      ^~~~~~~~~~~
../src/test.c:193:52: let op: pointer targets in passing argument 3 of libusb_bulk_transfer differ in signedness [-Wpointer-sign]
     int res= libusb_bulk_transfer  ( handle, 0x01, data_to_transmit, 64, &transferred, 1000 )  ;
                                                    ^~~~~~~~~~~~~~~~
In file included from ../src/test.c:9:0:
/usr/include/libusb-1.0/libusb.h:1752:17: note: expected unsigned char * but argument is of type char *
 int LIBUSB_CALL libusb_bulk_transfer(libusb_device_handle *dev_handle,
                 ^~~~~~~~~~~~~~~~~~~~
../src/test.c:225:47: let op: pointer targets in passing argument 3 of libusb_bulk_transfer differ in signedness [-Wpointer-sign]
    res= libusb_bulk_transfer  ( handle, 0x01, data_to_transmit, 3, &transferred, 1000 )  ;
                                               ^~~~~~~~~~~~~~~~
In file included from ../src/test.c:9:0:
/usr/include/libusb-1.0/libusb.h:1752:17: note: expected unsigned char * but argument is of type char *
 int LIBUSB_CALL libusb_bulk_transfer(libusb_device_handle *dev_handle,
                 ^~~~~~~~~~~~~~~~~~~~
../src/test.c:226:17: let op: pointer targets in passing argument 1 of verify_data differ in signedness [-Wpointer-sign]
     verify_data(data_to_transmit);
                 ^~~~~~~~~~~~~~~~
../src/test.c:45:6: note: expected uint8_t * {aka unsigned char *} but argument is of type char *
 void verify_data(uint8_t *data) {
      ^~~~~~~~~~~
../src/test.c:115:9: let op: unused variable rgb [-Wunused-variable]
   rgb_t rgb;
         ^~~
../src/test.c:114:9: let op: unused variable index [-Wunused-variable]
     int index = 0;
         ^~~~~
../src/test.c:61:11: let op: unused variable buffer [-Wunused-variable]
   uint8_t buffer[64];                /* 64 byte transfer buffer */
           ^~~~~~
../src/test.c:60:7: let op: unused variable numBytes [-Wunused-variable]
   int numBytes                 = 0;  /* Actual bytes transferred. */
       ^~~~~~~~
Finished building: ../src/test.c
 
Building target: USB_Test
Invoking: GCC C++ Linker
g++  -o "USB_Test"  ./src/test.o   -lusb-1.0
Finished building target: USB_Test
 
13:08:08 **** Incremental Build of configuration Debug for project USB_Test ****
make all 
make: Er hoeft niets gedaan te worden voor 'all'.
13:10:12 **** Incremental Build of configuration Debug for project USB_Test ****
make all 
Building file: ../src/test.c
Invoking: GCC C Compiler
gcc -I/usr/include/libusb-1.0/ -O0 -g3 -Wall -c -fmessage-length=0 -MMD -MP -MF"src/test.d" -MT"src/test.o" -o "src/test.o" "../src/test.c"
../src/test.c: In functie main:
../src/test.c:176:27: let op: pointer targets in initialization differ in signedness [-Wpointer-sign]
  uint8_t *bytes_of_data = (data_to_transmit + 4);
                           ^
../src/test.c:181:15: let op: pointer targets in passing argument 1 of verify_data differ in signedness [-Wpointer-sign]
   verify_data(data_to_transmit);
               ^~~~~~~~~~~~~~~~
../src/test.c:42:6: note: expected uint8_t * {aka unsigned char *} but argument is of type char *
 void verify_data(uint8_t *data) {
      ^~~~~~~~~~~
../src/test.c:183:48: let op: pointer targets in passing argument 3 of libusb_bulk_transfer differ in signedness [-Wpointer-sign]
   int res = libusb_bulk_transfer(handle, 0x01, data_to_transmit, 64,
                                                ^~~~~~~~~~~~~~~~
In file included from ../src/test.c:8:0:
/usr/include/libusb-1.0/libusb.h:1752:17: note: expected unsigned char * but argument is of type char *
 int LIBUSB_CALL libusb_bulk_transfer(libusb_device_handle *dev_handle,
                 ^~~~~~~~~~~~~~~~~~~~
../src/test.c:215:43: let op: pointer targets in passing argument 3 of libusb_bulk_transfer differ in signedness [-Wpointer-sign]
  res = libusb_bulk_transfer(handle, 0x01, data_to_transmit, 3, &transferred,
                                           ^~~~~~~~~~~~~~~~
In file included from ../src/test.c:8:0:
/usr/include/libusb-1.0/libusb.h:1752:17: note: expected unsigned char * but argument is of type char *
 int LIBUSB_CALL libusb_bulk_transfer(libusb_device_handle *dev_handle,
                 ^~~~~~~~~~~~~~~~~~~~
../src/test.c:217:14: let op: pointer targets in passing argument 1 of verify_data differ in signedness [-Wpointer-sign]
  verify_data(data_to_transmit);
              ^~~~~~~~~~~~~~~~
../src/test.c:42:6: note: expected uint8_t * {aka unsigned char *} but argument is of type char *
 void verify_data(uint8_t *data) {
      ^~~~~~~~~~~
../src/test.c:124:6: let op: unused variable i [-Wunused-variable]
  int i = 0;
      ^
../src/test.c:56:10: let op: unused variable buffer [-Wunused-variable]
  uint8_t buffer[64]; /* 64 byte transfer buffer */
          ^~~~~~
../src/test.c:55:6: let op: unused variable numBytes [-Wunused-variable]
  int numBytes = 0; /* Actual bytes transferred. */
      ^~~~~~~~
Finished building: ../src/test.c
 
Building target: USB_Test
Invoking: GCC C++ Linker
g++  -o "USB_Test"  ./src/test.o   -lusb-1.0
Finished building target: USB_Test
 
13:11:52 **** Incremental Build of configuration Debug for project USB_Test ****
make all 
Building file: ../src/test.c
Invoking: GCC C Compiler
gcc -I/usr/include/libusb-1.0/ -O0 -g3 -Wall -c -fmessage-length=0 -MMD -MP -MF"src/test.d" -MT"src/test.o" -o "src/test.o" "../src/test.c"
../src/test.c: In functie main:
../src/test.c:176:27: let op: pointer targets in initialization differ in signedness [-Wpointer-sign]
  uint8_t *bytes_of_data = (data_to_transmit + 4);
                           ^
../src/test.c:181:15: let op: pointer targets in passing argument 1 of verify_data differ in signedness [-Wpointer-sign]
   verify_data(data_to_transmit);
               ^~~~~~~~~~~~~~~~
../src/test.c:42:6: note: expected uint8_t * {aka unsigned char *} but argument is of type char *
 void verify_data(uint8_t *data) {
      ^~~~~~~~~~~
../src/test.c:183:48: let op: pointer targets in passing argument 3 of libusb_bulk_transfer differ in signedness [-Wpointer-sign]
   int res = libusb_bulk_transfer(handle, 0x01, data_to_transmit, 64,
                                                ^~~~~~~~~~~~~~~~
In file included from ../src/test.c:8:0:
/usr/include/libusb-1.0/libusb.h:1752:17: note: expected unsigned char * but argument is of type char *
 int LIBUSB_CALL libusb_bulk_transfer(libusb_device_handle *dev_handle,
                 ^~~~~~~~~~~~~~~~~~~~
../src/test.c:215:43: let op: pointer targets in passing argument 3 of libusb_bulk_transfer differ in signedness [-Wpointer-sign]
  res = libusb_bulk_transfer(handle, 0x01, data_to_transmit, 3, &transferred,
                                           ^~~~~~~~~~~~~~~~
In file included from ../src/test.c:8:0:
/usr/include/libusb-1.0/libusb.h:1752:17: note: expected unsigned char * but argument is of type char *
 int LIBUSB_CALL libusb_bulk_transfer(libusb_device_handle *dev_handle,
                 ^~~~~~~~~~~~~~~~~~~~
../src/test.c:217:14: let op: pointer targets in passing argument 1 of verify_data differ in signedness [-Wpointer-sign]
  verify_data(data_to_transmit);
              ^~~~~~~~~~~~~~~~
../src/test.c:42:6: note: expected uint8_t * {aka unsigned char *} but argument is of type char *
 void verify_data(uint8_t *data) {
      ^~~~~~~~~~~
../src/test.c:124:6: let op: unused variable i [-Wunused-variable]
  int i = 0;
      ^
../src/test.c:56:10: let op: unused variable buffer [-Wunused-variable]
  uint8_t buffer[64]; /* 64 byte transfer buffer */
          ^~~~~~
../src/test.c:55:6: let op: unused variable numBytes [-Wunused-variable]
  int numBytes = 0; /* Actual bytes transferred. */
      ^~~~~~~~
Finished building: ../src/test.c
 
Building target: USB_Test
Invoking: GCC C++ Linker
g++  -o "USB_Test"  ./src/test.o   -lusb-1.0
Finished building target: USB_Test
 
13:12:47 **** Incremental Build of configuration Debug for project USB_Test ****
make all 
make: Er hoeft niets gedaan te worden voor 'all'.
13:13:28 **** Incremental Build of configuration Debug for project USB_Test ****
make all 
Building file: ../src/test.c
Invoking: GCC C Compiler
gcc -I/usr/include/libusb-1.0/ -O0 -g3 -Wall -c -fmessage-length=0 -MMD -MP -MF"src/test.d" -MT"src/test.o" -o "src/test.o" "../src/test.c"
../src/test.c: In functie main:
../src/test.c:176:27: let op: pointer targets in initialization differ in signedness [-Wpointer-sign]
  uint8_t *bytes_of_data = (data_to_transmit + 4);
                           ^
../src/test.c:181:15: let op: pointer targets in passing argument 1 of verify_data differ in signedness [-Wpointer-sign]
   verify_data(data_to_transmit);
               ^~~~~~~~~~~~~~~~
../src/test.c:42:6: note: expected uint8_t * {aka unsigned char *} but argument is of type char *
 void verify_data(uint8_t *data) {
      ^~~~~~~~~~~
../src/test.c:183:48: let op: pointer targets in passing argument 3 of libusb_bulk_transfer differ in signedness [-Wpointer-sign]
   int res = libusb_bulk_transfer(handle, 0x01, data_to_transmit, 64,
                                                ^~~~~~~~~~~~~~~~
In file included from ../src/test.c:8:0:
/usr/include/libusb-1.0/libusb.h:1752:17: note: expected unsigned char * but argument is of type char *
 int LIBUSB_CALL libusb_bulk_transfer(libusb_device_handle *dev_handle,
                 ^~~~~~~~~~~~~~~~~~~~
../src/test.c:215:43: let op: pointer targets in passing argument 3 of libusb_bulk_transfer differ in signedness [-Wpointer-sign]
  res = libusb_bulk_transfer(handle, 0x01, data_to_transmit, 3, &transferred,
                                           ^~~~~~~~~~~~~~~~
In file included from ../src/test.c:8:0:
/usr/include/libusb-1.0/libusb.h:1752:17: note: expected unsigned char * but argument is of type char *
 int LIBUSB_CALL libusb_bulk_transfer(libusb_device_handle *dev_handle,
                 ^~~~~~~~~~~~~~~~~~~~
../src/test.c:217:14: let op: pointer targets in passing argument 1 of verify_data differ in signedness [-Wpointer-sign]
  verify_data(data_to_transmit);
              ^~~~~~~~~~~~~~~~
../src/test.c:42:6: note: expected uint8_t * {aka unsigned char *} but argument is of type char *
 void verify_data(uint8_t *data) {
      ^~~~~~~~~~~
../src/test.c:124:6: let op: unused variable i [-Wunused-variable]
  int i = 0;
      ^
../src/test.c:56:10: let op: unused variable buffer [-Wunused-variable]
  uint8_t buffer[64]; /* 64 byte transfer buffer */
          ^~~~~~
../src/test.c:55:6: let op: unused variable numBytes [-Wunused-variable]
  int numBytes = 0; /* Actual bytes transferred. */
      ^~~~~~~~
Finished building: ../src/test.c
 
Building target: USB_Test
Invoking: GCC C++ Linker
g++  -o "USB_Test"  ./src/test.o   -lusb-1.0
Finished building target: USB_Test
 
13:13:46 **** Incremental Build of configuration Debug for project USB_Test ****
make all 
make: Er hoeft niets gedaan te worden voor 'all'.
13:14:53 **** Incremental Build of configuration Debug for project USB_Test ****
make all 
Building file: ../src/test.c
Invoking: GCC C Compiler
gcc -I/usr/include/libusb-1.0/ -O0 -g3 -Wall -c -fmessage-length=0 -MMD -MP -MF"src/test.d" -MT"src/test.o" -o "src/test.o" "../src/test.c"
../src/test.c: In functie main:
../src/test.c:176:27: let op: pointer targets in initialization differ in signedness [-Wpointer-sign]
  uint8_t *bytes_of_data = (data_to_transmit + 4);
                           ^
../src/test.c:181:15: let op: pointer targets in passing argument 1 of verify_data differ in signedness [-Wpointer-sign]
   verify_data(data_to_transmit);
               ^~~~~~~~~~~~~~~~
../src/test.c:42:6: note: expected uint8_t * {aka unsigned char *} but argument is of type char *
 void verify_data(uint8_t *data) {
      ^~~~~~~~~~~
../src/test.c:183:48: let op: pointer targets in passing argument 3 of libusb_bulk_transfer differ in signedness [-Wpointer-sign]
   int res = libusb_bulk_transfer(handle, 0x01, data_to_transmit, 64,
                                                ^~~~~~~~~~~~~~~~
In file included from ../src/test.c:8:0:
/usr/include/libusb-1.0/libusb.h:1752:17: note: expected unsigned char * but argument is of type char *
 int LIBUSB_CALL libusb_bulk_transfer(libusb_device_handle *dev_handle,
                 ^~~~~~~~~~~~~~~~~~~~
../src/test.c:215:43: let op: pointer targets in passing argument 3 of libusb_bulk_transfer differ in signedness [-Wpointer-sign]
  res = libusb_bulk_transfer(handle, 0x01, data_to_transmit, 3, &transferred,
                                           ^~~~~~~~~~~~~~~~
In file included from ../src/test.c:8:0:
/usr/include/libusb-1.0/libusb.h:1752:17: note: expected unsigned char * but argument is of type char *
 int LIBUSB_CALL libusb_bulk_transfer(libusb_device_handle *dev_handle,
                 ^~~~~~~~~~~~~~~~~~~~
../src/test.c:217:14: let op: pointer targets in passing argument 1 of verify_data differ in signedness [-Wpointer-sign]
  verify_data(data_to_transmit);
              ^~~~~~~~~~~~~~~~
../src/test.c:42:6: note: expected uint8_t * {aka unsigned char *} but argument is of type char *
 void verify_data(uint8_t *data) {
      ^~~~~~~~~~~
../src/test.c:124:6: let op: unused variable i [-Wunused-variable]
  int i = 0;
      ^
../src/test.c:56:10: let op: unused variable buffer [-Wunused-variable]
  uint8_t buffer[64]; /* 64 byte transfer buffer */
          ^~~~~~
../src/test.c:55:6: let op: unused variable numBytes [-Wunused-variable]
  int numBytes = 0; /* Actual bytes transferred. */
      ^~~~~~~~
Finished building: ../src/test.c
 
Building target: USB_Test
Invoking: GCC C++ Linker
g++  -o "USB_Test"  ./src/test.o   -lusb-1.0
Finished building target: USB_Test
 
13:16:44 **** Incremental Build of configuration Debug for project USB_Test ****
make all 
make: Er hoeft niets gedaan te worden voor 'all'.
13:16:59 **** Incremental Build of configuration Debug for project USB_Test ****
make all 
make: Er hoeft niets gedaan te worden voor 'all'.
13:19:02 **** Incremental Build of configuration Debug for project USB_Test ****
make all 
Building file: ../src/test.c
Invoking: GCC C Compiler
gcc -I/usr/include/libusb-1.0/ -O0 -g3 -Wall -c -fmessage-length=0 -MMD -MP -MF"src/test.d" -MT"src/test.o" -o "src/test.o" "../src/test.c"
../src/test.c: In functie main:
../src/test.c:177:27: let op: pointer targets in initialization differ in signedness [-Wpointer-sign]
  uint8_t *bytes_of_data = (data_to_transmit + 4);
                           ^
../src/test.c:182:15: let op: pointer targets in passing argument 1 of verify_data differ in signedness [-Wpointer-sign]
   verify_data(data_to_transmit);
               ^~~~~~~~~~~~~~~~
../src/test.c:42:6: note: expected uint8_t * {aka unsigned char *} but argument is of type char *
 void verify_data(uint8_t *data) {
      ^~~~~~~~~~~
../src/test.c:184:48: let op: pointer targets in passing argument 3 of libusb_bulk_transfer differ in signedness [-Wpointer-sign]
   int res = libusb_bulk_transfer(handle, 0x01, data_to_transmit, 64,
                                                ^~~~~~~~~~~~~~~~
In file included from ../src/test.c:8:0:
/usr/include/libusb-1.0/libusb.h:1752:17: note: expected unsigned char * but argument is of type char *
 int LIBUSB_CALL libusb_bulk_transfer(libusb_device_handle *dev_handle,
                 ^~~~~~~~~~~~~~~~~~~~
../src/test.c:216:43: let op: pointer targets in passing argument 3 of libusb_bulk_transfer differ in signedness [-Wpointer-sign]
  res = libusb_bulk_transfer(handle, 0x01, data_to_transmit, 3, &transferred,
                                           ^~~~~~~~~~~~~~~~
In file included from ../src/test.c:8:0:
/usr/include/libusb-1.0/libusb.h:1752:17: note: expected unsigned char * but argument is of type char *
 int LIBUSB_CALL libusb_bulk_transfer(libusb_device_handle *dev_handle,
                 ^~~~~~~~~~~~~~~~~~~~
../src/test.c:218:14: let op: pointer targets in passing argument 1 of verify_data differ in signedness [-Wpointer-sign]
  verify_data(data_to_transmit);
              ^~~~~~~~~~~~~~~~
../src/test.c:42:6: note: expected uint8_t * {aka unsigned char *} but argument is of type char *
 void verify_data(uint8_t *data) {
      ^~~~~~~~~~~
../src/test.c:125:6: let op: unused variable i [-Wunused-variable]
  int i = 0;
      ^
../src/test.c:56:10: let op: unused variable buffer [-Wunused-variable]
  uint8_t buffer[64]; /* 64 byte transfer buffer */
          ^~~~~~
../src/test.c:55:6: let op: unused variable numBytes [-Wunused-variable]
  int numBytes = 0; /* Actual bytes transferred. */
      ^~~~~~~~
Finished building: ../src/test.c
 
Building target: USB_Test
Invoking: GCC C++ Linker
g++  -o "USB_Test"  ./src/test.o   -lusb-1.0
Finished building target: USB_Test
 
13:23:31 **** Incremental Build of configuration Debug for project USB_Test ****
make all 
Building file: ../src/test.c
Invoking: GCC C Compiler
gcc -I/usr/include/libusb-1.0/ -O0 -g3 -Wall -c -fmessage-length=0 -MMD -MP -MF"src/test.d" -MT"src/test.o" -o "src/test.o" "../src/test.c"
../src/test.c: In functie main:
../src/test.c:177:27: let op: pointer targets in initialization differ in signedness [-Wpointer-sign]
  uint8_t *bytes_of_data = (data_to_transmit + 4);
                           ^
../src/test.c:182:15: let op: pointer targets in passing argument 1 of verify_data differ in signedness [-Wpointer-sign]
   verify_data(data_to_transmit);
               ^~~~~~~~~~~~~~~~
../src/test.c:42:6: note: expected uint8_t * {aka unsigned char *} but argument is of type char *
 void verify_data(uint8_t *data) {
      ^~~~~~~~~~~
../src/test.c:184:48: let op: pointer targets in passing argument 3 of libusb_bulk_transfer differ in signedness [-Wpointer-sign]
   int res = libusb_bulk_transfer(handle, 0x01, data_to_transmit, 64,
                                                ^~~~~~~~~~~~~~~~
In file included from ../src/test.c:8:0:
/usr/include/libusb-1.0/libusb.h:1752:17: note: expected unsigned char * but argument is of type char *
 int LIBUSB_CALL libusb_bulk_transfer(libusb_device_handle *dev_handle,
                 ^~~~~~~~~~~~~~~~~~~~
../src/test.c:216:43: let op: pointer targets in passing argument 3 of libusb_bulk_transfer differ in signedness [-Wpointer-sign]
  res = libusb_bulk_transfer(handle, 0x01, data_to_transmit, 3, &transferred,
                                           ^~~~~~~~~~~~~~~~
In file included from ../src/test.c:8:0:
/usr/include/libusb-1.0/libusb.h:1752:17: note: expected unsigned char * but argument is of type char *
 int LIBUSB_CALL libusb_bulk_transfer(libusb_device_handle *dev_handle,
                 ^~~~~~~~~~~~~~~~~~~~
../src/test.c:218:14: let op: pointer targets in passing argument 1 of verify_data differ in signedness [-Wpointer-sign]
  verify_data(data_to_transmit);
              ^~~~~~~~~~~~~~~~
../src/test.c:42:6: note: expected uint8_t * {aka unsigned char *} but argument is of type char *
 void verify_data(uint8_t *data) {
      ^~~~~~~~~~~
../src/test.c:125:6: let op: unused variable i [-Wunused-variable]
  int i = 0;
      ^
../src/test.c:56:10: let op: unused variable buffer [-Wunused-variable]
  uint8_t buffer[64]; /* 64 byte transfer buffer */
          ^~~~~~
../src/test.c:55:6: let op: unused variable numBytes [-Wunused-variable]
  int numBytes = 0; /* Actual bytes transferred. */
      ^~~~~~~~
Finished building: ../src/test.c
 
Building target: USB_Test
Invoking: GCC C++ Linker
g++  -o "USB_Test"  ./src/test.o   -lusb-1.0
Finished building target: USB_Test
 
13:24:04 **** Incremental Build of configuration Debug for project USB_Test ****
make all 
make: Er hoeft niets gedaan te worden voor 'all'.
13:25:04 **** Incremental Build of configuration Debug for project USB_Test ****
make all 
make: Er hoeft niets gedaan te worden voor 'all'.
13:25:16 **** Incremental Build of configuration Debug for project USB_Test ****
make all 
make: Er hoeft niets gedaan te worden voor 'all'.
13:25:18 **** Incremental Build of configuration Debug for project USB_Test ****
make all 
make: Er hoeft niets gedaan te worden voor 'all'.
13:25:28 **** Incremental Build of configuration Debug for project USB_Test ****
make all 
make: Er hoeft niets gedaan te worden voor 'all'.
13:25:30 **** Incremental Build of configuration Debug for project USB_Test ****
make all 
make: Er hoeft niets gedaan te worden voor 'all'.
13:25:36 **** Incremental Build of configuration Debug for project USB_Test ****
make all 
make: Er hoeft niets gedaan te worden voor 'all'.
13:25:37 **** Incremental Build of configuration Debug for project USB_Test ****
make all 
make: Er hoeft niets gedaan te worden voor 'all'.
13:25:49 **** Incremental Build of configuration Debug for project USB_Test ****
make all 
make: Er hoeft niets gedaan te worden voor 'all'.
13:26:34 **** Incremental Build of configuration Debug for project USB_Test ****
make all 
Building file: ../src/test.c
Invoking: GCC C Compiler
gcc -I/usr/include/libusb-1.0/ -O0 -g3 -Wall -c -fmessage-length=0 -MMD -MP -MF"src/test.d" -MT"src/test.o" -o "src/test.o" "../src/test.c"
../src/test.c: In functie main:
../src/test.c:177:27: let op: pointer targets in initialization differ in signedness [-Wpointer-sign]
  uint8_t *bytes_of_data = (data_to_transmit + 4);
                           ^
../src/test.c:182:15: let op: pointer targets in passing argument 1 of verify_data differ in signedness [-Wpointer-sign]
   verify_data(data_to_transmit);
               ^~~~~~~~~~~~~~~~
../src/test.c:42:6: note: expected uint8_t * {aka unsigned char *} but argument is of type char *
 void verify_data(uint8_t *data) {
      ^~~~~~~~~~~
../src/test.c:184:48: let op: pointer targets in passing argument 3 of libusb_bulk_transfer differ in signedness [-Wpointer-sign]
   int res = libusb_bulk_transfer(handle, 0x01, data_to_transmit, 64,
                                                ^~~~~~~~~~~~~~~~
In file included from ../src/test.c:8:0:
/usr/include/libusb-1.0/libusb.h:1752:17: note: expected unsigned char * but argument is of type char *
 int LIBUSB_CALL libusb_bulk_transfer(libusb_device_handle *dev_handle,
                 ^~~~~~~~~~~~~~~~~~~~
../src/test.c:216:43: let op: pointer targets in passing argument 3 of libusb_bulk_transfer differ in signedness [-Wpointer-sign]
  res = libusb_bulk_transfer(handle, 0x01, data_to_transmit, 3, &transferred,
                                           ^~~~~~~~~~~~~~~~
In file included from ../src/test.c:8:0:
/usr/include/libusb-1.0/libusb.h:1752:17: note: expected unsigned char * but argument is of type char *
 int LIBUSB_CALL libusb_bulk_transfer(libusb_device_handle *dev_handle,
                 ^~~~~~~~~~~~~~~~~~~~
../src/test.c:218:14: let op: pointer targets in passing argument 1 of verify_data differ in signedness [-Wpointer-sign]
  verify_data(data_to_transmit);
              ^~~~~~~~~~~~~~~~
../src/test.c:42:6: note: expected uint8_t * {aka unsigned char *} but argument is of type char *
 void verify_data(uint8_t *data) {
      ^~~~~~~~~~~
../src/test.c:125:6: let op: unused variable i [-Wunused-variable]
  int i = 0;
      ^
../src/test.c:56:10: let op: unused variable buffer [-Wunused-variable]
  uint8_t buffer[64]; /* 64 byte transfer buffer */
          ^~~~~~
../src/test.c:55:6: let op: unused variable numBytes [-Wunused-variable]
  int numBytes = 0; /* Actual bytes transferred. */
      ^~~~~~~~
Finished building: ../src/test.c
 
Building target: USB_Test
Invoking: GCC C++ Linker
g++  -o "USB_Test"  ./src/test.o   -lusb-1.0
Finished building target: USB_Test
 
13:26:42 **** Incremental Build of configuration Debug for project USB_Test ****
make all 
make: Er hoeft niets gedaan te worden voor 'all'.
13:26:56 **** Incremental Build of configuration Debug for project USB_Test ****
make all 
make: Er hoeft niets gedaan te worden voor 'all'.
13:27:19 **** Incremental Build of configuration Debug for project USB_Test ****
make all 
Building file: ../src/test.c
Invoking: GCC C Compiler
gcc -I/usr/include/libusb-1.0/ -O0 -g3 -Wall -c -fmessage-length=0 -MMD -MP -MF"src/test.d" -MT"src/test.o" -o "src/test.o" "../src/test.c"
../src/test.c: In functie main:
../src/test.c:177:27: let op: pointer targets in initialization differ in signedness [-Wpointer-sign]
  uint8_t *bytes_of_data = (data_to_transmit + 4);
                           ^
../src/test.c:182:15: let op: pointer targets in passing argument 1 of verify_data differ in signedness [-Wpointer-sign]
   verify_data(data_to_transmit);
               ^~~~~~~~~~~~~~~~
../src/test.c:42:6: note: expected uint8_t * {aka unsigned char *} but argument is of type char *
 void verify_data(uint8_t *data) {
      ^~~~~~~~~~~
../src/test.c:184:48: let op: pointer targets in passing argument 3 of libusb_bulk_transfer differ in signedness [-Wpointer-sign]
   int res = libusb_bulk_transfer(handle, 0x01, data_to_transmit, 64,
                                                ^~~~~~~~~~~~~~~~
In file included from ../src/test.c:8:0:
/usr/include/libusb-1.0/libusb.h:1752:17: note: expected unsigned char * but argument is of type char *
 int LIBUSB_CALL libusb_bulk_transfer(libusb_device_handle *dev_handle,
                 ^~~~~~~~~~~~~~~~~~~~
../src/test.c:216:43: let op: pointer targets in passing argument 3 of libusb_bulk_transfer differ in signedness [-Wpointer-sign]
  res = libusb_bulk_transfer(handle, 0x01, data_to_transmit, 3, &transferred,
                                           ^~~~~~~~~~~~~~~~
In file included from ../src/test.c:8:0:
/usr/include/libusb-1.0/libusb.h:1752:17: note: expected unsigned char * but argument is of type char *
 int LIBUSB_CALL libusb_bulk_transfer(libusb_device_handle *dev_handle,
                 ^~~~~~~~~~~~~~~~~~~~
../src/test.c:218:14: let op: pointer targets in passing argument 1 of verify_data differ in signedness [-Wpointer-sign]
  verify_data(data_to_transmit);
              ^~~~~~~~~~~~~~~~
../src/test.c:42:6: note: expected uint8_t * {aka unsigned char *} but argument is of type char *
 void verify_data(uint8_t *data) {
      ^~~~~~~~~~~
../src/test.c:56:10: let op: unused variable buffer [-Wunused-variable]
  uint8_t buffer[64]; /* 64 byte transfer buffer */
          ^~~~~~
../src/test.c:55:6: let op: unused variable numBytes [-Wunused-variable]
  int numBytes = 0; /* Actual bytes transferred. */
      ^~~~~~~~
Finished building: ../src/test.c
 
Building target: USB_Test
Invoking: GCC C++ Linker
g++  -o "USB_Test"  ./src/test.o   -lusb-1.0
Finished building target: USB_Test
 
13:27:32 **** Incremental Build of configuration Debug for project USB_Test ****
make all 
make: Er hoeft niets gedaan te worden voor 'all'.
13:27:40 **** Incremental Build of configuration Debug for project USB_Test ****
make all 
make: Er hoeft niets gedaan te worden voor 'all'.
13:27:50 **** Incremental Build of configuration Debug for project USB_Test ****
make all 
make: Er hoeft niets gedaan te worden voor 'all'.
13:27:55 **** Incremental Build of configuration Debug for project USB_Test ****
make all 
make: Er hoeft niets gedaan te worden voor 'all'.
13:29:08 **** Incremental Build of configuration Debug for project USB_Test ****
make all 
Building file: ../src/test.c
Invoking: GCC C Compiler
gcc -I/usr/include/libusb-1.0/ -O0 -g3 -Wall -c -fmessage-length=0 -MMD -MP -MF"src/test.d" -MT"src/test.o" -o "src/test.o" "../src/test.c"
../src/test.c: In functie main:
../src/test.c:177:27: let op: pointer targets in initialization differ in signedness [-Wpointer-sign]
  uint8_t *bytes_of_data = (data_to_transmit + 4);
                           ^
../src/test.c:182:15: let op: pointer targets in passing argument 1 of verify_data differ in signedness [-Wpointer-sign]
   verify_data(data_to_transmit);
               ^~~~~~~~~~~~~~~~
../src/test.c:42:6: note: expected uint8_t * {aka unsigned char *} but argument is of type char *
 void verify_data(uint8_t *data) {
      ^~~~~~~~~~~
../src/test.c:184:48: let op: pointer targets in passing argument 3 of libusb_bulk_transfer differ in signedness [-Wpointer-sign]
   int res = libusb_bulk_transfer(handle, 0x01, data_to_transmit, 64,
                                                ^~~~~~~~~~~~~~~~
In file included from ../src/test.c:8:0:
/usr/include/libusb-1.0/libusb.h:1752:17: note: expected unsigned char * but argument is of type char *
 int LIBUSB_CALL libusb_bulk_transfer(libusb_device_handle *dev_handle,
                 ^~~~~~~~~~~~~~~~~~~~
../src/test.c:216:43: let op: pointer targets in passing argument 3 of libusb_bulk_transfer differ in signedness [-Wpointer-sign]
  res = libusb_bulk_transfer(handle, 0x01, data_to_transmit, 3, &transferred,
                                           ^~~~~~~~~~~~~~~~
In file included from ../src/test.c:8:0:
/usr/include/libusb-1.0/libusb.h:1752:17: note: expected unsigned char * but argument is of type char *
 int LIBUSB_CALL libusb_bulk_transfer(libusb_device_handle *dev_handle,
                 ^~~~~~~~~~~~~~~~~~~~
../src/test.c:218:14: let op: pointer targets in passing argument 1 of verify_data differ in signedness [-Wpointer-sign]
  verify_data(data_to_transmit);
              ^~~~~~~~~~~~~~~~
../src/test.c:42:6: note: expected uint8_t * {aka unsigned char *} but argument is of type char *
 void verify_data(uint8_t *data) {
      ^~~~~~~~~~~
../src/test.c:56:10: let op: unused variable buffer [-Wunused-variable]
  uint8_t buffer[64]; /* 64 byte transfer buffer */
          ^~~~~~
../src/test.c:55:6: let op: unused variable numBytes [-Wunused-variable]
  int numBytes = 0; /* Actual bytes transferred. */
      ^~~~~~~~
Finished building: ../src/test.c
 
Building target: USB_Test
Invoking: GCC C++ Linker
g++  -o "USB_Test"  ./src/test.o   -lusb-1.0
Finished building target: USB_Test
 
13:29:22 **** Incremental Build of configuration Debug for project USB_Test ****
make all 
make: Er hoeft niets gedaan te worden voor 'all'.
13:29:25 **** Incremental Build of configuration Debug for project USB_Test ****
make all 
make: Er hoeft niets gedaan te worden voor 'all'.
13:29:40 **** Incremental Build of configuration Debug for project USB_Test ****
make all 
Building file: ../src/test.c
Invoking: GCC C Compiler
gcc -I/usr/include/libusb-1.0/ -O0 -g3 -Wall -c -fmessage-length=0 -MMD -MP -MF"src/test.d" -MT"src/test.o" -o "src/test.o" "../src/test.c"
../src/test.c: In functie main:
../src/test.c:177:27: let op: pointer targets in initialization differ in signedness [-Wpointer-sign]
  uint8_t *bytes_of_data = (data_to_transmit + 4);
                           ^
../src/test.c:182:15: let op: pointer targets in passing argument 1 of verify_data differ in signedness [-Wpointer-sign]
   verify_data(data_to_transmit);
               ^~~~~~~~~~~~~~~~
../src/test.c:42:6: note: expected uint8_t * {aka unsigned char *} but argument is of type char *
 void verify_data(uint8_t *data) {
      ^~~~~~~~~~~
../src/test.c:184:48: let op: pointer targets in passing argument 3 of libusb_bulk_transfer differ in signedness [-Wpointer-sign]
   int res = libusb_bulk_transfer(handle, 0x01, data_to_transmit, 64,
                                                ^~~~~~~~~~~~~~~~
In file included from ../src/test.c:8:0:
/usr/include/libusb-1.0/libusb.h:1752:17: note: expected unsigned char * but argument is of type char *
 int LIBUSB_CALL libusb_bulk_transfer(libusb_device_handle *dev_handle,
                 ^~~~~~~~~~~~~~~~~~~~
../src/test.c:216:43: let op: pointer targets in passing argument 3 of libusb_bulk_transfer differ in signedness [-Wpointer-sign]
  res = libusb_bulk_transfer(handle, 0x01, data_to_transmit, 3, &transferred,
                                           ^~~~~~~~~~~~~~~~
In file included from ../src/test.c:8:0:
/usr/include/libusb-1.0/libusb.h:1752:17: note: expected unsigned char * but argument is of type char *
 int LIBUSB_CALL libusb_bulk_transfer(libusb_device_handle *dev_handle,
                 ^~~~~~~~~~~~~~~~~~~~
../src/test.c:218:14: let op: pointer targets in passing argument 1 of verify_data differ in signedness [-Wpointer-sign]
  verify_data(data_to_transmit);
              ^~~~~~~~~~~~~~~~
../src/test.c:42:6: note: expected uint8_t * {aka unsigned char *} but argument is of type char *
 void verify_data(uint8_t *data) {
      ^~~~~~~~~~~
../src/test.c:56:10: let op: unused variable buffer [-Wunused-variable]
  uint8_t buffer[64]; /* 64 byte transfer buffer */
          ^~~~~~
../src/test.c:55:6: let op: unused variable numBytes [-Wunused-variable]
  int numBytes = 0; /* Actual bytes transferred. */
      ^~~~~~~~
Finished building: ../src/test.c
 
Building target: USB_Test
Invoking: GCC C++ Linker
g++  -o "USB_Test"  ./src/test.o   -lusb-1.0
Finished building target: USB_Test
 
13:29:43 **** Incremental Build of configuration Debug for project USB_Test ****
make all 
make: Er hoeft niets gedaan te worden voor 'all'.
13:31:13 **** Incremental Build of configuration Debug for project USB_Test ****
make all 
Building file: ../src/test.c
Invoking: GCC C Compiler
gcc -I/usr/include/libusb-1.0/ -O0 -g3 -Wall -c -fmessage-length=0 -MMD -MP -MF"src/test.d" -MT"src/test.o" -o "src/test.o" "../src/test.c"
../src/test.c: In functie main:
../src/test.c:177:27: let op: pointer targets in initialization differ in signedness [-Wpointer-sign]
  uint8_t *bytes_of_data = (data_to_transmit + 4);
                           ^
../src/test.c:182:15: let op: pointer targets in passing argument 1 of verify_data differ in signedness [-Wpointer-sign]
   verify_data(data_to_transmit);
               ^~~~~~~~~~~~~~~~
../src/test.c:42:6: note: expected uint8_t * {aka unsigned char *} but argument is of type char *
 void verify_data(uint8_t *data) {
      ^~~~~~~~~~~
../src/test.c:184:48: let op: pointer targets in passing argument 3 of libusb_bulk_transfer differ in signedness [-Wpointer-sign]
   int res = libusb_bulk_transfer(handle, 0x01, data_to_transmit, 64,
                                                ^~~~~~~~~~~~~~~~
In file included from ../src/test.c:8:0:
/usr/include/libusb-1.0/libusb.h:1752:17: note: expected unsigned char * but argument is of type char *
 int LIBUSB_CALL libusb_bulk_transfer(libusb_device_handle *dev_handle,
                 ^~~~~~~~~~~~~~~~~~~~
../src/test.c:216:43: let op: pointer targets in passing argument 3 of libusb_bulk_transfer differ in signedness [-Wpointer-sign]
  res = libusb_bulk_transfer(handle, 0x01, data_to_transmit, 3, &transferred,
                                           ^~~~~~~~~~~~~~~~
In file included from ../src/test.c:8:0:
/usr/include/libusb-1.0/libusb.h:1752:17: note: expected unsigned char * but argument is of type char *
 int LIBUSB_CALL libusb_bulk_transfer(libusb_device_handle *dev_handle,
                 ^~~~~~~~~~~~~~~~~~~~
../src/test.c:218:14: let op: pointer targets in passing argument 1 of verify_data differ in signedness [-Wpointer-sign]
  verify_data(data_to_transmit);
              ^~~~~~~~~~~~~~~~
../src/test.c:42:6: note: expected uint8_t * {aka unsigned char *} but argument is of type char *
 void verify_data(uint8_t *data) {
      ^~~~~~~~~~~
../src/test.c:56:10: let op: unused variable buffer [-Wunused-variable]
  uint8_t buffer[64]; /* 64 byte transfer buffer */
          ^~~~~~
../src/test.c:55:6: let op: unused variable numBytes [-Wunused-variable]
  int numBytes = 0; /* Actual bytes transferred. */
      ^~~~~~~~
Finished building: ../src/test.c
 
Building target: USB_Test
Invoking: GCC C++ Linker
g++  -o "USB_Test"  ./src/test.o   -lusb-1.0
Finished building target: USB_Test
 
13:31:22 **** Incremental Build of configuration Debug for project USB_Test ****
make all 
make: Er hoeft niets gedaan te worden voor 'all'.
13:31:31 **** Incremental Build of configuration Debug for project USB_Test ****
make all 
make: Er hoeft niets gedaan te worden voor 'all'.
13:32:05 **** Incremental Build of configuration Debug for project USB_Test ****
make all 
make: Er hoeft niets gedaan te worden voor 'all'.
13:38:50 **** Incremental Build of configuration Debug for project USB_Test ****
make all 
Building file: ../src/test.c
Invoking: GCC C Compiler
gcc -I/usr/include/libusb-1.0/ -O0 -g3 -Wall -c -fmessage-length=0 -MMD -MP -MF"src/test.d" -MT"src/test.o" -o "src/test.o" "../src/test.c"
../src/test.c: In functie main:
../src/test.c:177:27: let op: pointer targets in initialization differ in signedness [-Wpointer-sign]
  uint8_t *bytes_of_data = (data_to_transmit + 4);
                           ^
../src/test.c:182:15: let op: pointer targets in passing argument 1 of verify_data differ in signedness [-Wpointer-sign]
   verify_data(data_to_transmit);
               ^~~~~~~~~~~~~~~~
../src/test.c:42:6: note: expected uint8_t * {aka unsigned char *} but argument is of type char *
 void verify_data(uint8_t *data) {
      ^~~~~~~~~~~
../src/test.c:184:48: let op: pointer targets in passing argument 3 of libusb_bulk_transfer differ in signedness [-Wpointer-sign]
   int res = libusb_bulk_transfer(handle, 0x01, data_to_transmit, 64,
                                                ^~~~~~~~~~~~~~~~
In file included from ../src/test.c:8:0:
/usr/include/libusb-1.0/libusb.h:1752:17: note: expected unsigned char * but argument is of type char *
 int LIBUSB_CALL libusb_bulk_transfer(libusb_device_handle *dev_handle,
                 ^~~~~~~~~~~~~~~~~~~~
../src/test.c:216:43: let op: pointer targets in passing argument 3 of libusb_bulk_transfer differ in signedness [-Wpointer-sign]
  res = libusb_bulk_transfer(handle, 0x01, data_to_transmit, 3, &transferred,
                                           ^~~~~~~~~~~~~~~~
In file included from ../src/test.c:8:0:
/usr/include/libusb-1.0/libusb.h:1752:17: note: expected unsigned char * but argument is of type char *
 int LIBUSB_CALL libusb_bulk_transfer(libusb_device_handle *dev_handle,
                 ^~~~~~~~~~~~~~~~~~~~
../src/test.c:218:14: let op: pointer targets in passing argument 1 of verify_data differ in signedness [-Wpointer-sign]
  verify_data(data_to_transmit);
              ^~~~~~~~~~~~~~~~
../src/test.c:42:6: note: expected uint8_t * {aka unsigned char *} but argument is of type char *
 void verify_data(uint8_t *data) {
      ^~~~~~~~~~~
../src/test.c:56:10: let op: unused variable buffer [-Wunused-variable]
  uint8_t buffer[64]; /* 64 byte transfer buffer */
          ^~~~~~
../src/test.c:55:6: let op: unused variable numBytes [-Wunused-variable]
  int numBytes = 0; /* Actual bytes transferred. */
      ^~~~~~~~
Finished building: ../src/test.c
 
Building target: USB_Test
Invoking: GCC C++ Linker
g++  -o "USB_Test"  ./src/test.o   -lusb-1.0
Finished building target: USB_Test
 
13:38:54 **** Incremental Build of configuration Debug for project USB_Test ****
make all 
make: Er hoeft niets gedaan te worden voor 'all'.
13:39:01 **** Incremental Build of configuration Debug for project USB_Test ****
make all 
make: Er hoeft niets gedaan te worden voor 'all'.
13:41:31 **** Incremental Build of configuration Debug for project USB_Test ****
make all 
Building file: ../src/test.c
Invoking: GCC C Compiler
gcc -I/usr/include/libusb-1.0/ -O0 -g3 -Wall -c -fmessage-length=0 -MMD -MP -MF"src/test.d" -MT"src/test.o" -o "src/test.o" "../src/test.c"
../src/test.c: In functie main:
../src/test.c:113:8: let op: unused variable valB [-Wunused-variable]
    int valB = rgb.b & mask ? 2 : 2;
        ^~~~
../src/test.c:112:8: let op: unused variable valG [-Wunused-variable]
    int valG = rgb.g & mask ? 6 : 2;
        ^~~~
../src/test.c:111:8: let op: unused variable valR [-Wunused-variable]
    int valR = rgb.r & mask ? 6 : 2;
        ^~~~
../src/test.c:177:27: let op: pointer targets in initialization differ in signedness [-Wpointer-sign]
  uint8_t *bytes_of_data = (data_to_transmit + 4);
                           ^
../src/test.c:182:15: let op: pointer targets in passing argument 1 of verify_data differ in signedness [-Wpointer-sign]
   verify_data(data_to_transmit);
               ^~~~~~~~~~~~~~~~
../src/test.c:42:6: note: expected uint8_t * {aka unsigned char *} but argument is of type char *
 void verify_data(uint8_t *data) {
      ^~~~~~~~~~~
../src/test.c:184:48: let op: pointer targets in passing argument 3 of libusb_bulk_transfer differ in signedness [-Wpointer-sign]
   int res = libusb_bulk_transfer(handle, 0x01, data_to_transmit, 64,
                                                ^~~~~~~~~~~~~~~~
In file included from ../src/test.c:8:0:
/usr/include/libusb-1.0/libusb.h:1752:17: note: expected unsigned char * but argument is of type char *
 int LIBUSB_CALL libusb_bulk_transfer(libusb_device_handle *dev_handle,
                 ^~~~~~~~~~~~~~~~~~~~
../src/test.c:216:43: let op: pointer targets in passing argument 3 of libusb_bulk_transfer differ in signedness [-Wpointer-sign]
  res = libusb_bulk_transfer(handle, 0x01, data_to_transmit, 3, &transferred,
                                           ^~~~~~~~~~~~~~~~
In file included from ../src/test.c:8:0:
/usr/include/libusb-1.0/libusb.h:1752:17: note: expected unsigned char * but argument is of type char *
 int LIBUSB_CALL libusb_bulk_transfer(libusb_device_handle *dev_handle,
                 ^~~~~~~~~~~~~~~~~~~~
../src/test.c:218:14: let op: pointer targets in passing argument 1 of verify_data differ in signedness [-Wpointer-sign]
  verify_data(data_to_transmit);
              ^~~~~~~~~~~~~~~~
../src/test.c:42:6: note: expected uint8_t * {aka unsigned char *} but argument is of type char *
 void verify_data(uint8_t *data) {
      ^~~~~~~~~~~
../src/test.c:56:10: let op: unused variable buffer [-Wunused-variable]
  uint8_t buffer[64]; /* 64 byte transfer buffer */
          ^~~~~~
../src/test.c:55:6: let op: unused variable numBytes [-Wunused-variable]
  int numBytes = 0; /* Actual bytes transferred. */
      ^~~~~~~~
Finished building: ../src/test.c
 
Building target: USB_Test
Invoking: GCC C++ Linker
g++  -o "USB_Test"  ./src/test.o   -lusb-1.0
Finished building target: USB_Test
 
13:45:25 **** Incremental Build of configuration Debug for project USB_Test ****
make all 
Building file: ../src/test.c
Invoking: GCC C Compiler
gcc -I/usr/include/libusb-1.0/ -O0 -g3 -Wall -c -fmessage-length=0 -MMD -MP -MF"src/test.d" -MT"src/test.o" -o "src/test.o" "../src/test.c"
../src/test.c: In functie main:
../src/test.c:113:8: let op: unused variable valB [-Wunused-variable]
    int valB = rgb.b & mask ? 2 : 2;
        ^~~~
../src/test.c:112:8: let op: unused variable valG [-Wunused-variable]
    int valG = rgb.g & mask ? 6 : 2;
        ^~~~
../src/test.c:111:8: let op: unused variable valR [-Wunused-variable]
    int valR = rgb.r & mask ? 6 : 2;
        ^~~~
../src/test.c:177:27: let op: pointer targets in initialization differ in signedness [-Wpointer-sign]
  uint8_t *bytes_of_data = (data_to_transmit + 4);
                           ^
../src/test.c:182:15: let op: pointer targets in passing argument 1 of verify_data differ in signedness [-Wpointer-sign]
   verify_data(data_to_transmit);
               ^~~~~~~~~~~~~~~~
../src/test.c:42:6: note: expected uint8_t * {aka unsigned char *} but argument is of type char *
 void verify_data(uint8_t *data) {
      ^~~~~~~~~~~
../src/test.c:184:48: let op: pointer targets in passing argument 3 of libusb_bulk_transfer differ in signedness [-Wpointer-sign]
   int res = libusb_bulk_transfer(handle, 0x01, data_to_transmit, 64,
                                                ^~~~~~~~~~~~~~~~
In file included from ../src/test.c:8:0:
/usr/include/libusb-1.0/libusb.h:1752:17: note: expected unsigned char * but argument is of type char *
 int LIBUSB_CALL libusb_bulk_transfer(libusb_device_handle *dev_handle,
                 ^~~~~~~~~~~~~~~~~~~~
../src/test.c:216:43: let op: pointer targets in passing argument 3 of libusb_bulk_transfer differ in signedness [-Wpointer-sign]
  res = libusb_bulk_transfer(handle, 0x01, data_to_transmit, 3, &transferred,
                                           ^~~~~~~~~~~~~~~~
In file included from ../src/test.c:8:0:
/usr/include/libusb-1.0/libusb.h:1752:17: note: expected unsigned char * but argument is of type char *
 int LIBUSB_CALL libusb_bulk_transfer(libusb_device_handle *dev_handle,
                 ^~~~~~~~~~~~~~~~~~~~
../src/test.c:218:14: let op: pointer targets in passing argument 1 of verify_data differ in signedness [-Wpointer-sign]
  verify_data(data_to_transmit);
              ^~~~~~~~~~~~~~~~
../src/test.c:42:6: note: expected uint8_t * {aka unsigned char *} but argument is of type char *
 void verify_data(uint8_t *data) {
      ^~~~~~~~~~~
../src/test.c:56:10: let op: unused variable buffer [-Wunused-variable]
  uint8_t buffer[64]; /* 64 byte transfer buffer */
          ^~~~~~
../src/test.c:55:6: let op: unused variable numBytes [-Wunused-variable]
  int numBytes = 0; /* Actual bytes transferred. */
      ^~~~~~~~
Finished building: ../src/test.c
 
Building target: USB_Test
Invoking: GCC C++ Linker
g++  -o "USB_Test"  ./src/test.o   -lusb-1.0
Finished building target: USB_Test
 
13:45:54 **** Incremental Build of configuration Debug for project USB_Test ****
make all 
make: Er hoeft niets gedaan te worden voor 'all'.
13:49:10 **** Incremental Build of configuration Debug for project USB_Test ****
make all 
Building file: ../src/test.c
Invoking: GCC C Compiler
gcc -I/usr/include/libusb-1.0/ -O0 -g3 -Wall -c -fmessage-length=0 -MMD -MP -MF"src/test.d" -MT"src/test.o" -o "src/test.o" "../src/test.c"
../src/test.c: In functie main:
../src/test.c:113:8: let op: unused variable valB [-Wunused-variable]
    int valB = rgb.b & mask ? 2 : 2;
        ^~~~
../src/test.c:112:8: let op: unused variable valG [-Wunused-variable]
    int valG = rgb.g & mask ? 6 : 2;
        ^~~~
../src/test.c:111:8: let op: unused variable valR [-Wunused-variable]
    int valR = rgb.r & mask ? 6 : 2;
        ^~~~
../src/test.c:177:27: let op: pointer targets in initialization differ in signedness [-Wpointer-sign]
  uint8_t *bytes_of_data = (data_to_transmit + 4);
                           ^
../src/test.c:182:15: let op: pointer targets in passing argument 1 of verify_data differ in signedness [-Wpointer-sign]
   verify_data(data_to_transmit);
               ^~~~~~~~~~~~~~~~
../src/test.c:42:6: note: expected uint8_t * {aka unsigned char *} but argument is of type char *
 void verify_data(uint8_t *data) {
      ^~~~~~~~~~~
../src/test.c:184:48: let op: pointer targets in passing argument 3 of libusb_bulk_transfer differ in signedness [-Wpointer-sign]
   int res = libusb_bulk_transfer(handle, 0x01, data_to_transmit, 64,
                                                ^~~~~~~~~~~~~~~~
In file included from ../src/test.c:8:0:
/usr/include/libusb-1.0/libusb.h:1752:17: note: expected unsigned char * but argument is of type char *
 int LIBUSB_CALL libusb_bulk_transfer(libusb_device_handle *dev_handle,
                 ^~~~~~~~~~~~~~~~~~~~
../src/test.c:216:43: let op: pointer targets in passing argument 3 of libusb_bulk_transfer differ in signedness [-Wpointer-sign]
  res = libusb_bulk_transfer(handle, 0x01, data_to_transmit, 3, &transferred,
                                           ^~~~~~~~~~~~~~~~
In file included from ../src/test.c:8:0:
/usr/include/libusb-1.0/libusb.h:1752:17: note: expected unsigned char * but argument is of type char *
 int LIBUSB_CALL libusb_bulk_transfer(libusb_device_handle *dev_handle,
                 ^~~~~~~~~~~~~~~~~~~~
../src/test.c:218:14: let op: pointer targets in passing argument 1 of verify_data differ in signedness [-Wpointer-sign]
  verify_data(data_to_transmit);
              ^~~~~~~~~~~~~~~~
../src/test.c:42:6: note: expected uint8_t * {aka unsigned char *} but argument is of type char *
 void verify_data(uint8_t *data) {
      ^~~~~~~~~~~
../src/test.c:56:10: let op: unused variable buffer [-Wunused-variable]
  uint8_t buffer[64]; /* 64 byte transfer buffer */
          ^~~~~~
../src/test.c:55:6: let op: unused variable numBytes [-Wunused-variable]
  int numBytes = 0; /* Actual bytes transferred. */
      ^~~~~~~~
Finished building: ../src/test.c
 
Building target: USB_Test
Invoking: GCC C++ Linker
g++  -o "USB_Test"  ./src/test.o   -lusb-1.0
Finished building target: USB_Test
 
13:49:19 **** Incremental Build of configuration Debug for project USB_Test ****
make all 
make: Er hoeft niets gedaan te worden voor 'all'.
13:50:12 **** Incremental Build of configuration Debug for project USB_Test ****
make all 
Building file: ../src/test.c
Invoking: GCC C Compiler
gcc -I/usr/include/libusb-1.0/ -O0 -g3 -Wall -c -fmessage-length=0 -MMD -MP -MF"src/test.d" -MT"src/test.o" -o "src/test.o" "../src/test.c"
../src/test.c: In functie main:
../src/test.c:113:8: let op: unused variable valB [-Wunused-variable]
    int valB = rgb.b & mask ? 2 : 2;
        ^~~~
../src/test.c:112:8: let op: unused variable valG [-Wunused-variable]
    int valG = rgb.g & mask ? 6 : 2;
        ^~~~
../src/test.c:111:8: let op: unused variable valR [-Wunused-variable]
    int valR = rgb.r & mask ? 6 : 2;
        ^~~~
../src/test.c:177:27: let op: pointer targets in initialization differ in signedness [-Wpointer-sign]
  uint8_t *bytes_of_data = (data_to_transmit + 4);
                           ^
../src/test.c:182:15: let op: pointer targets in passing argument 1 of verify_data differ in signedness [-Wpointer-sign]
   verify_data(data_to_transmit);
               ^~~~~~~~~~~~~~~~
../src/test.c:42:6: note: expected uint8_t * {aka unsigned char *} but argument is of type char *
 void verify_data(uint8_t *data) {
      ^~~~~~~~~~~
../src/test.c:184:48: let op: pointer targets in passing argument 3 of libusb_bulk_transfer differ in signedness [-Wpointer-sign]
   int res = libusb_bulk_transfer(handle, 0x01, data_to_transmit, 64,
                                                ^~~~~~~~~~~~~~~~
In file included from ../src/test.c:8:0:
/usr/include/libusb-1.0/libusb.h:1752:17: note: expected unsigned char * but argument is of type char *
 int LIBUSB_CALL libusb_bulk_transfer(libusb_device_handle *dev_handle,
                 ^~~~~~~~~~~~~~~~~~~~
../src/test.c:216:43: let op: pointer targets in passing argument 3 of libusb_bulk_transfer differ in signedness [-Wpointer-sign]
  res = libusb_bulk_transfer(handle, 0x01, data_to_transmit, 3, &transferred,
                                           ^~~~~~~~~~~~~~~~
In file included from ../src/test.c:8:0:
/usr/include/libusb-1.0/libusb.h:1752:17: note: expected unsigned char * but argument is of type char *
 int LIBUSB_CALL libusb_bulk_transfer(libusb_device_handle *dev_handle,
                 ^~~~~~~~~~~~~~~~~~~~
../src/test.c:218:14: let op: pointer targets in passing argument 1 of verify_data differ in signedness [-Wpointer-sign]
  verify_data(data_to_transmit);
              ^~~~~~~~~~~~~~~~
../src/test.c:42:6: note: expected uint8_t * {aka unsigned char *} but argument is of type char *
 void verify_data(uint8_t *data) {
      ^~~~~~~~~~~
../src/test.c:56:10: let op: unused variable buffer [-Wunused-variable]
  uint8_t buffer[64]; /* 64 byte transfer buffer */
          ^~~~~~
../src/test.c:55:6: let op: unused variable numBytes [-Wunused-variable]
  int numBytes = 0; /* Actual bytes transferred. */
      ^~~~~~~~
Finished building: ../src/test.c
 
Building target: USB_Test
Invoking: GCC C++ Linker
g++  -o "USB_Test"  ./src/test.o   -lusb-1.0
Finished building target: USB_Test
 
13:50:58 **** Incremental Build of configuration Debug for project USB_Test ****
make all 
Building file: ../src/test.c
Invoking: GCC C Compiler
gcc -I/usr/include/libusb-1.0/ -O0 -g3 -Wall -c -fmessage-length=0 -MMD -MP -MF"src/test.d" -MT"src/test.o" -o "src/test.o" "../src/test.c"
../src/test.c: In functie main:
../src/test.c:113:8: let op: unused variable valB [-Wunused-variable]
    int valB = rgb.b & mask ? 2 : 2;
        ^~~~
../src/test.c:112:8: let op: unused variable valG [-Wunused-variable]
    int valG = rgb.g & mask ? 6 : 2;
        ^~~~
../src/test.c:111:8: let op: unused variable valR [-Wunused-variable]
    int valR = rgb.r & mask ? 6 : 2;
        ^~~~
../src/test.c:177:27: let op: pointer targets in initialization differ in signedness [-Wpointer-sign]
  uint8_t *bytes_of_data = (data_to_transmit + 4);
                           ^
../src/test.c:182:15: let op: pointer targets in passing argument 1 of verify_data differ in signedness [-Wpointer-sign]
   verify_data(data_to_transmit);
               ^~~~~~~~~~~~~~~~
../src/test.c:42:6: note: expected uint8_t * {aka unsigned char *} but argument is of type char *
 void verify_data(uint8_t *data) {
      ^~~~~~~~~~~
../src/test.c:184:48: let op: pointer targets in passing argument 3 of libusb_bulk_transfer differ in signedness [-Wpointer-sign]
   int res = libusb_bulk_transfer(handle, 0x01, data_to_transmit, 64,
                                                ^~~~~~~~~~~~~~~~
In file included from ../src/test.c:8:0:
/usr/include/libusb-1.0/libusb.h:1752:17: note: expected unsigned char * but argument is of type char *
 int LIBUSB_CALL libusb_bulk_transfer(libusb_device_handle *dev_handle,
                 ^~~~~~~~~~~~~~~~~~~~
../src/test.c:216:43: let op: pointer targets in passing argument 3 of libusb_bulk_transfer differ in signedness [-Wpointer-sign]
  res = libusb_bulk_transfer(handle, 0x01, data_to_transmit, 3, &transferred,
                                           ^~~~~~~~~~~~~~~~
In file included from ../src/test.c:8:0:
/usr/include/libusb-1.0/libusb.h:1752:17: note: expected unsigned char * but argument is of type char *
 int LIBUSB_CALL libusb_bulk_transfer(libusb_device_handle *dev_handle,
                 ^~~~~~~~~~~~~~~~~~~~
../src/test.c:218:14: let op: pointer targets in passing argument 1 of verify_data differ in signedness [-Wpointer-sign]
  verify_data(data_to_transmit);
              ^~~~~~~~~~~~~~~~
../src/test.c:42:6: note: expected uint8_t * {aka unsigned char *} but argument is of type char *
 void verify_data(uint8_t *data) {
      ^~~~~~~~~~~
../src/test.c:56:10: let op: unused variable buffer [-Wunused-variable]
  uint8_t buffer[64]; /* 64 byte transfer buffer */
          ^~~~~~
../src/test.c:55:6: let op: unused variable numBytes [-Wunused-variable]
  int numBytes = 0; /* Actual bytes transferred. */
      ^~~~~~~~
Finished building: ../src/test.c
 
Building target: USB_Test
Invoking: GCC C++ Linker
g++  -o "USB_Test"  ./src/test.o   -lusb-1.0
Finished building target: USB_Test
 
13:51:47 **** Incremental Build of configuration Debug for project USB_Test ****
make all 
Building file: ../src/test.c
Invoking: GCC C Compiler
gcc -I/usr/include/libusb-1.0/ -O0 -g3 -Wall -c -fmessage-length=0 -MMD -MP -MF"src/test.d" -MT"src/test.o" -o "src/test.o" "../src/test.c"
../src/test.c: In functie main:
../src/test.c:177:27: let op: pointer targets in initialization differ in signedness [-Wpointer-sign]
  uint8_t *bytes_of_data = (data_to_transmit + 4);
                           ^
../src/test.c:182:15: let op: pointer targets in passing argument 1 of verify_data differ in signedness [-Wpointer-sign]
   verify_data(data_to_transmit);
               ^~~~~~~~~~~~~~~~
../src/test.c:42:6: note: expected uint8_t * {aka unsigned char *} but argument is of type char *
 void verify_data(uint8_t *data) {
      ^~~~~~~~~~~
../src/test.c:184:48: let op: pointer targets in passing argument 3 of libusb_bulk_transfer differ in signedness [-Wpointer-sign]
   int res = libusb_bulk_transfer(handle, 0x01, data_to_transmit, 64,
                                                ^~~~~~~~~~~~~~~~
In file included from ../src/test.c:8:0:
/usr/include/libusb-1.0/libusb.h:1752:17: note: expected unsigned char * but argument is of type char *
 int LIBUSB_CALL libusb_bulk_transfer(libusb_device_handle *dev_handle,
                 ^~~~~~~~~~~~~~~~~~~~
../src/test.c:216:43: let op: pointer targets in passing argument 3 of libusb_bulk_transfer differ in signedness [-Wpointer-sign]
  res = libusb_bulk_transfer(handle, 0x01, data_to_transmit, 3, &transferred,
                                           ^~~~~~~~~~~~~~~~
In file included from ../src/test.c:8:0:
/usr/include/libusb-1.0/libusb.h:1752:17: note: expected unsigned char * but argument is of type char *
 int LIBUSB_CALL libusb_bulk_transfer(libusb_device_handle *dev_handle,
                 ^~~~~~~~~~~~~~~~~~~~
../src/test.c:218:14: let op: pointer targets in passing argument 1 of verify_data differ in signedness [-Wpointer-sign]
  verify_data(data_to_transmit);
              ^~~~~~~~~~~~~~~~
../src/test.c:42:6: note: expected uint8_t * {aka unsigned char *} but argument is of type char *
 void verify_data(uint8_t *data) {
      ^~~~~~~~~~~
../src/test.c:104:5: let op: unused variable test [-Wunused-variable]
 int test=0;
     ^~~~
../src/test.c:56:10: let op: unused variable buffer [-Wunused-variable]
  uint8_t buffer[64]; /* 64 byte transfer buffer */
          ^~~~~~
../src/test.c:55:6: let op: unused variable numBytes [-Wunused-variable]
  int numBytes = 0; /* Actual bytes transferred. */
      ^~~~~~~~
Finished building: ../src/test.c
 
Building target: USB_Test
Invoking: GCC C++ Linker
g++  -o "USB_Test"  ./src/test.o   -lusb-1.0
Finished building target: USB_Test
 
13:52:05 **** Incremental Build of configuration Debug for project USB_Test ****
make all 
make: Er hoeft niets gedaan te worden voor 'all'.
13:52:10 **** Incremental Build of configuration Debug for project USB_Test ****
make all 
make: Er hoeft niets gedaan te worden voor 'all'.
13:52:18 **** Incremental Build of configuration Debug for project USB_Test ****
make all 
make: Er hoeft niets gedaan te worden voor 'all'.
13:52:30 **** Incremental Build of configuration Debug for project USB_Test ****
make all 
make: Er hoeft niets gedaan te worden voor 'all'.
13:52:47 **** Incremental Build of configuration Debug for project USB_Test ****
make all 
make: Er hoeft niets gedaan te worden voor 'all'.
13:52:57 **** Incremental Build of configuration Debug for project USB_Test ****
make all 
make: Er hoeft niets gedaan te worden voor 'all'.
13:52:59 **** Incremental Build of configuration Debug for project USB_Test ****
make all 
make: Er hoeft niets gedaan te worden voor 'all'.
13:53:33 **** Incremental Build of configuration Debug for project USB_Test ****
make all 
make: Er hoeft niets gedaan te worden voor 'all'.
13:53:42 **** Incremental Build of configuration Debug for project USB_Test ****
make all 
make: Er hoeft niets gedaan te worden voor 'all'.
13:53:51 **** Incremental Build of configuration Debug for project USB_Test ****
make all 
make: Er hoeft niets gedaan te worden voor 'all'.
13:53:58 **** Incremental Build of configuration Debug for project USB_Test ****
make all 
make: Er hoeft niets gedaan te worden voor 'all'.
13:54:01 **** Incremental Build of configuration Debug for project USB_Test ****
make all 
make: Er hoeft niets gedaan te worden voor 'all'.
13:56:06 **** Incremental Build of configuration Debug for project LED_Controller_STM ****
make all 
Invoking: Cross ARM GNU Print Size
arm-none-eabi-size --format=berkeley "LED_Controller_STM.elf"
   text	   data	    bss	    dec	    hex	filename
  23704	   1260	  17052	  42016	   a420	LED_Controller_STM.elf
Finished building: LED_Controller_STM.siz
 
13:56:23 **** Incremental Build of configuration Debug for project USB_Test ****
make all 
make: Er hoeft niets gedaan te worden voor 'all'.
13:56:26 **** Incremental Build of configuration Debug for project USB_Test ****
make all 
make: Er hoeft niets gedaan te worden voor 'all'.
13:56:41 **** Incremental Build of configuration Debug for project USB_Test ****
make all 
make: Er hoeft niets gedaan te worden voor 'all'.
13:56:55 **** Incremental Build of configuration Debug for project USB_Test ****
make all 
make: Er hoeft niets gedaan te worden voor 'all'.
13:56:57 **** Incremental Build of configuration Debug for project USB_Test ****
make all 
make: Er hoeft niets gedaan te worden voor 'all'.
13:57:01 **** Incremental Build of configuration Debug for project USB_Test ****
make all 
make: Er hoeft niets gedaan te worden voor 'all'.
13:57:06 **** Incremental Build of configuration Debug for project USB_Test ****
make all 
make: Er hoeft niets gedaan te worden voor 'all'.
13:57:13 **** Incremental Build of configuration Debug for project USB_Test ****
make all 
make: Er hoeft niets gedaan te worden voor 'all'.
13:57:18 **** Incremental Build of configuration Debug for project USB_Test ****
make all 
make: Er hoeft niets gedaan te worden voor 'all'.
13:57:24 **** Incremental Build of configuration Debug for project USB_Test ****
make all 
make: Er hoeft niets gedaan te worden voor 'all'.
13:58:58 **** Incremental Build of configuration Debug for project USB_Test ****
make all 
Building file: ../src/test.c
Invoking: GCC C Compiler
gcc -I/usr/include/libusb-1.0/ -O0 -g3 -Wall -c -fmessage-length=0 -MMD -MP -MF"src/test.d" -MT"src/test.o" -o "src/test.o" "../src/test.c"
../src/test.c: In functie main:
../src/test.c:178:27: let op: pointer targets in initialization differ in signedness [-Wpointer-sign]
  uint8_t *bytes_of_data = (data_to_transmit + 4);
                           ^
../src/test.c:183:15: let op: pointer targets in passing argument 1 of verify_data differ in signedness [-Wpointer-sign]
   verify_data(data_to_transmit);
               ^~~~~~~~~~~~~~~~
../src/test.c:42:6: note: expected uint8_t * {aka unsigned char *} but argument is of type char *
 void verify_data(uint8_t *data) {
      ^~~~~~~~~~~
../src/test.c:185:48: let op: pointer targets in passing argument 3 of libusb_bulk_transfer differ in signedness [-Wpointer-sign]
   int res = libusb_bulk_transfer(handle, 0x01, data_to_transmit, 64,
                                                ^~~~~~~~~~~~~~~~
In file included from ../src/test.c:8:0:
/usr/include/libusb-1.0/libusb.h:1752:17: note: expected unsigned char * but argument is of type char *
 int LIBUSB_CALL libusb_bulk_transfer(libusb_device_handle *dev_handle,
                 ^~~~~~~~~~~~~~~~~~~~
../src/test.c:217:43: let op: pointer targets in passing argument 3 of libusb_bulk_transfer differ in signedness [-Wpointer-sign]
  res = libusb_bulk_transfer(handle, 0x01, data_to_transmit, 3, &transferred,
                                           ^~~~~~~~~~~~~~~~
In file included from ../src/test.c:8:0:
/usr/include/libusb-1.0/libusb.h:1752:17: note: expected unsigned char * but argument is of type char *
 int LIBUSB_CALL libusb_bulk_transfer(libusb_device_handle *dev_handle,
                 ^~~~~~~~~~~~~~~~~~~~
../src/test.c:219:14: let op: pointer targets in passing argument 1 of verify_data differ in signedness [-Wpointer-sign]
  verify_data(data_to_transmit);
              ^~~~~~~~~~~~~~~~
../src/test.c:42:6: note: expected uint8_t * {aka unsigned char *} but argument is of type char *
 void verify_data(uint8_t *data) {
      ^~~~~~~~~~~
../src/test.c:104:5: let op: unused variable test [-Wunused-variable]
 int test=0;
     ^~~~
../src/test.c:56:10: let op: unused variable buffer [-Wunused-variable]
  uint8_t buffer[64]; /* 64 byte transfer buffer */
          ^~~~~~
../src/test.c:55:6: let op: unused variable numBytes [-Wunused-variable]
  int numBytes = 0; /* Actual bytes transferred. */
      ^~~~~~~~
Finished building: ../src/test.c
 
Building target: USB_Test
Invoking: GCC C++ Linker
g++  -o "USB_Test"  ./src/test.o   -lusb-1.0
Finished building target: USB_Test
 
13:59:06 **** Incremental Build of configuration Debug for project USB_Test ****
make all 
make: Er hoeft niets gedaan te worden voor 'all'.
13:59:09 **** Incremental Build of configuration Debug for project USB_Test ****
make all 
make: Er hoeft niets gedaan te worden voor 'all'.
13:59:17 **** Incremental Build of configuration Debug for project USB_Test ****
make all 
make: Er hoeft niets gedaan te worden voor 'all'.
13:59:26 **** Incremental Build of configuration Debug for project USB_Test ****
make all 
make: Er hoeft niets gedaan te worden voor 'all'.
13:59:28 **** Incremental Build of configuration Debug for project USB_Test ****
make all 
make: Er hoeft niets gedaan te worden voor 'all'.
13:59:29 **** Incremental Build of configuration Debug for project USB_Test ****
make all 
make: Er hoeft niets gedaan te worden voor 'all'.
13:59:49 **** Incremental Build of configuration Debug for project USB_Test ****
make all 
make: Er hoeft niets gedaan te worden voor 'all'.
13:59:55 **** Incremental Build of configuration Debug for project USB_Test ****
make all 
make: Er hoeft niets gedaan te worden voor 'all'.
14:00:16 **** Incremental Build of configuration Debug for project USB_Test ****
make all 
Building file: ../src/test.c
Invoking: GCC C Compiler
gcc -I/usr/include/libusb-1.0/ -O0 -g3 -Wall -c -fmessage-length=0 -MMD -MP -MF"src/test.d" -MT"src/test.o" -o "src/test.o" "../src/test.c"
../src/test.c: In functie main:
../src/test.c:178:27: let op: pointer targets in initialization differ in signedness [-Wpointer-sign]
  uint8_t *bytes_of_data = (data_to_transmit + 4);
                           ^
../src/test.c:183:15: let op: pointer targets in passing argument 1 of verify_data differ in signedness [-Wpointer-sign]
   verify_data(data_to_transmit);
               ^~~~~~~~~~~~~~~~
../src/test.c:42:6: note: expected uint8_t * {aka unsigned char *} but argument is of type char *
 void verify_data(uint8_t *data) {
      ^~~~~~~~~~~
../src/test.c:185:48: let op: pointer targets in passing argument 3 of libusb_bulk_transfer differ in signedness [-Wpointer-sign]
   int res = libusb_bulk_transfer(handle, 0x01, data_to_transmit, 64,
                                                ^~~~~~~~~~~~~~~~
In file included from ../src/test.c:8:0:
/usr/include/libusb-1.0/libusb.h:1752:17: note: expected unsigned char * but argument is of type char *
 int LIBUSB_CALL libusb_bulk_transfer(libusb_device_handle *dev_handle,
                 ^~~~~~~~~~~~~~~~~~~~
../src/test.c:217:43: let op: pointer targets in passing argument 3 of libusb_bulk_transfer differ in signedness [-Wpointer-sign]
  res = libusb_bulk_transfer(handle, 0x01, data_to_transmit, 3, &transferred,
                                           ^~~~~~~~~~~~~~~~
In file included from ../src/test.c:8:0:
/usr/include/libusb-1.0/libusb.h:1752:17: note: expected unsigned char * but argument is of type char *
 int LIBUSB_CALL libusb_bulk_transfer(libusb_device_handle *dev_handle,
                 ^~~~~~~~~~~~~~~~~~~~
../src/test.c:219:14: let op: pointer targets in passing argument 1 of verify_data differ in signedness [-Wpointer-sign]
  verify_data(data_to_transmit);
              ^~~~~~~~~~~~~~~~
../src/test.c:42:6: note: expected uint8_t * {aka unsigned char *} but argument is of type char *
 void verify_data(uint8_t *data) {
      ^~~~~~~~~~~
../src/test.c:104:5: let op: unused variable test [-Wunused-variable]
 int test=0;
     ^~~~
../src/test.c:56:10: let op: unused variable buffer [-Wunused-variable]
  uint8_t buffer[64]; /* 64 byte transfer buffer */
          ^~~~~~
../src/test.c:55:6: let op: unused variable numBytes [-Wunused-variable]
  int numBytes = 0; /* Actual bytes transferred. */
      ^~~~~~~~
Finished building: ../src/test.c
 
Building target: USB_Test
Invoking: GCC C++ Linker
g++  -o "USB_Test"  ./src/test.o   -lusb-1.0
Finished building target: USB_Test
 
14:00:41 **** Incremental Build of configuration Debug for project USB_Test ****
make all 
make: Er hoeft niets gedaan te worden voor 'all'.
14:00:51 **** Incremental Build of configuration Debug for project USB_Test ****
make all 
make: Er hoeft niets gedaan te worden voor 'all'.
14:00:59 **** Incremental Build of configuration Debug for project USB_Test ****
make all 
make: Er hoeft niets gedaan te worden voor 'all'.
14:01:07 **** Incremental Build of configuration Debug for project USB_Test ****
make all 
make: Er hoeft niets gedaan te worden voor 'all'.
14:01:10 **** Incremental Build of configuration Debug for project USB_Test ****
make all 
make: Er hoeft niets gedaan te worden voor 'all'.
14:01:54 **** Incremental Build of configuration Debug for project USB_Test ****
make all 
Building file: ../src/test.c
Invoking: GCC C Compiler
gcc -I/usr/include/libusb-1.0/ -O0 -g3 -Wall -c -fmessage-length=0 -MMD -MP -MF"src/test.d" -MT"src/test.o" -o "src/test.o" "../src/test.c"
../src/test.c: In functie main:
../src/test.c:179:27: let op: pointer targets in initialization differ in signedness [-Wpointer-sign]
  uint8_t *bytes_of_data = (data_to_transmit + 4);
                           ^
../src/test.c:184:15: let op: pointer targets in passing argument 1 of verify_data differ in signedness [-Wpointer-sign]
   verify_data(data_to_transmit);
               ^~~~~~~~~~~~~~~~
../src/test.c:42:6: note: expected uint8_t * {aka unsigned char *} but argument is of type char *
 void verify_data(uint8_t *data) {
      ^~~~~~~~~~~
../src/test.c:186:48: let op: pointer targets in passing argument 3 of libusb_bulk_transfer differ in signedness [-Wpointer-sign]
   int res = libusb_bulk_transfer(handle, 0x01, data_to_transmit, 64,
                                                ^~~~~~~~~~~~~~~~
In file included from ../src/test.c:8:0:
/usr/include/libusb-1.0/libusb.h:1752:17: note: expected unsigned char * but argument is of type char *
 int LIBUSB_CALL libusb_bulk_transfer(libusb_device_handle *dev_handle,
                 ^~~~~~~~~~~~~~~~~~~~
../src/test.c:218:43: let op: pointer targets in passing argument 3 of libusb_bulk_transfer differ in signedness [-Wpointer-sign]
  res = libusb_bulk_transfer(handle, 0x01, data_to_transmit, 3, &transferred,
                                           ^~~~~~~~~~~~~~~~
In file included from ../src/test.c:8:0:
/usr/include/libusb-1.0/libusb.h:1752:17: note: expected unsigned char * but argument is of type char *
 int LIBUSB_CALL libusb_bulk_transfer(libusb_device_handle *dev_handle,
                 ^~~~~~~~~~~~~~~~~~~~
../src/test.c:220:14: let op: pointer targets in passing argument 1 of verify_data differ in signedness [-Wpointer-sign]
  verify_data(data_to_transmit);
              ^~~~~~~~~~~~~~~~
../src/test.c:42:6: note: expected uint8_t * {aka unsigned char *} but argument is of type char *
 void verify_data(uint8_t *data) {
      ^~~~~~~~~~~
../src/test.c:104:5: let op: unused variable test [-Wunused-variable]
 int test=0;
     ^~~~
../src/test.c:56:10: let op: unused variable buffer [-Wunused-variable]
  uint8_t buffer[64]; /* 64 byte transfer buffer */
          ^~~~~~
../src/test.c:55:6: let op: unused variable numBytes [-Wunused-variable]
  int numBytes = 0; /* Actual bytes transferred. */
      ^~~~~~~~
Finished building: ../src/test.c
 
Building target: USB_Test
Invoking: GCC C++ Linker
g++  -o "USB_Test"  ./src/test.o   -lusb-1.0
Finished building target: USB_Test
 
14:02:04 **** Incremental Build of configuration Debug for project USB_Test ****
make all 
make: Er hoeft niets gedaan te worden voor 'all'.
14:02:12 **** Incremental Build of configuration Debug for project USB_Test ****
make all 
make: Er hoeft niets gedaan te worden voor 'all'.
14:02:19 **** Incremental Build of configuration Debug for project USB_Test ****
make all 
make: Er hoeft niets gedaan te worden voor 'all'.
14:02:26 **** Incremental Build of configuration Debug for project USB_Test ****
make all 
make: Er hoeft niets gedaan te worden voor 'all'.
14:02:31 **** Incremental Build of configuration Debug for project USB_Test ****
make all 
make: Er hoeft niets gedaan te worden voor 'all'.
14:02:37 **** Incremental Build of configuration Debug for project USB_Test ****
make all 
make: Er hoeft niets gedaan te worden voor 'all'.
14:02:39 **** Incremental Build of configuration Debug for project USB_Test ****
make all 
make: Er hoeft niets gedaan te worden voor 'all'.
14:02:43 **** Incremental Build of configuration Debug for project USB_Test ****
make all 
make: Er hoeft niets gedaan te worden voor 'all'.
14:10:58 **** Incremental Build of configuration Debug for project LED_Controller_STM ****
make all 
Invoking: Cross ARM GNU Print Size
arm-none-eabi-size --format=berkeley "LED_Controller_STM.elf"
   text	   data	    bss	    dec	    hex	filename
  23704	   1260	  17052	  42016	   a420	LED_Controller_STM.elf
Finished building: LED_Controller_STM.siz
 
14:11:13 **** Incremental Build of configuration Debug for project USB_Test ****
make all 
make: Er hoeft niets gedaan te worden voor 'all'.
14:13:19 **** Incremental Build of configuration Debug for project LED_Controller_STM ****
make all 
Building file: ../src/pwmdma.c
Invoking: Cross ARM C Compiler
arm-none-eabi-gcc -mcpu=cortex-m3 -mthumb -O0 -fmessage-length=0 -fsigned-char -ffunction-sections -fdata-sections  -g3 -DSTM32F103xB -I"/home/andre/eclipse/LEDcontroller/_SDK/STM32Cube_FW_F1_V1.4.0/Drivers/CMSIS/Device/ST/STM32F1xx/Include" -I"/home/andre/eclipse/LEDcontroller/_SDK/STM32Cube_FW_F1_V1.4.0/Drivers/CMSIS/Include" -I"/home/andre/eclipse/LEDcontroller/_SDK/STM32Cube_FW_F1_V1.4.0/Drivers/STM32F1xx_HAL_Driver/Inc" -I"/home/andre/eclipse/LEDcontroller/_SDK/STM32Cube_FW_F1_V1.4.0/Drivers/STM32F1xx_HAL_Driver/Inc/Legacy" -I"/home/andre/eclipse/LEDcontroller/_SDK/STM32Cube_FW_F1_V1.4.0/Middlewares/ST/STM32_USB_Device_Library/Core/Inc" -I"/home/andre/eclipse/LEDcontroller/LED_Controller_STM/USB_Class_LED/Inc" -I"/home/andre/eclipse/LEDcontroller/LED_Controller_STM/inc" -I"/home/andre/eclipse/LEDcontroller/LED_Controller_STM/cfg" -I"/home/andre/eclipse/LEDcontroller/_Common/STM32/inc" -I"/home/andre/eclipse/LEDcontroller/_Common/Any/inc" -std=gnu11 -MMD -MP -MF"src/pwmdma.d" -MT"src/pwmdma.o" -c -o "src/pwmdma.o" "../src/pwmdma.c"
../src/pwmdma.c: In function 'pwm_init':
../src/pwmdma.c:58:22: warning: assignment makes integer from pointer without a cast [-Wint-conversion]
  DMA1_Channel2->CPAR = &(TIM2->DMAR); // DMA 1 Channel 2 to TIM2
                      ^
../src/pwmdma.c: In function 'start_dma_transer':
../src/pwmdma.c:127:22: warning: assignment makes integer from pointer without a cast [-Wint-conversion]
  DMA1_Channel2->CMAR = memory;
                      ^
Finished building: ../src/pwmdma.c
 
Building target: LED_Controller_STM.elf
Invoking: Cross ARM C Linker
arm-none-eabi-gcc -mcpu=cortex-m3 -mthumb -O0 -fmessage-length=0 -fsigned-char -ffunction-sections -fdata-sections  -g3 -T "/home/andre/eclipse/LEDcontroller/_Common/STM32/ld/STM32F103C8_FLASH.ld" -Xlinker --gc-sections -Wl,-Map,"LED_Controller_STM.map" -o "LED_Controller_STM.elf"  ./system/startup_stm32f103xb.o ./system/system_stm32f1xx.o  ./src/main.o ./src/pwmdma.o ./src/stm32f1xx_it.o ./src/usb_led.o ./src/usbd_conf.o ./src/usbd_desc.o  ./sdk/stm32f1xx_hal.o ./sdk/stm32f1xx_hal_adc.o ./sdk/stm32f1xx_hal_adc_ex.o ./sdk/stm32f1xx_hal_can.o ./sdk/stm32f1xx_hal_cec.o ./sdk/stm32f1xx_hal_cortex.o ./sdk/stm32f1xx_hal_crc.o ./sdk/stm32f1xx_hal_dac.o ./sdk/stm32f1xx_hal_dac_ex.o ./sdk/stm32f1xx_hal_dma.o ./sdk/stm32f1xx_hal_eth.o ./sdk/stm32f1xx_hal_flash.o ./sdk/stm32f1xx_hal_flash_ex.o ./sdk/stm32f1xx_hal_gpio.o ./sdk/stm32f1xx_hal_gpio_ex.o ./sdk/stm32f1xx_hal_hcd.o ./sdk/stm32f1xx_hal_i2c.o ./sdk/stm32f1xx_hal_i2s.o ./sdk/stm32f1xx_hal_irda.o ./sdk/stm32f1xx_hal_iwdg.o ./sdk/stm32f1xx_hal_msp_template.o ./sdk/stm32f1xx_hal_nand.o ./sdk/stm32f1xx_hal_nor.o ./sdk/stm32f1xx_hal_pccard.o ./sdk/stm32f1xx_hal_pcd.o ./sdk/stm32f1xx_hal_pcd_ex.o ./sdk/stm32f1xx_hal_pwr.o ./sdk/stm32f1xx_hal_rcc.o ./sdk/stm32f1xx_hal_rcc_ex.o ./sdk/stm32f1xx_hal_rtc.o ./sdk/stm32f1xx_hal_rtc_ex.o ./sdk/stm32f1xx_hal_sd.o ./sdk/stm32f1xx_hal_smartcard.o ./sdk/stm32f1xx_hal_spi.o ./sdk/stm32f1xx_hal_spi_ex.o ./sdk/stm32f1xx_hal_sram.o ./sdk/stm32f1xx_hal_tim.o ./sdk/stm32f1xx_hal_tim_ex.o ./sdk/stm32f1xx_hal_uart.o ./sdk/stm32f1xx_hal_usart.o ./sdk/stm32f1xx_hal_wwdg.o ./sdk/stm32f1xx_ll_fsmc.o ./sdk/stm32f1xx_ll_sdmmc.o ./sdk/stm32f1xx_ll_usb.o ./sdk/usbd_core.o ./sdk/usbd_ctlreq.o ./sdk/usbd_ioreq.o  ./USB_Class_LED/Src/usbd_led.o  ./STM32_Common/stm32_common.o   
Finished building target: LED_Controller_STM.elf
 
Invoking: Cross ARM GNU Create Flash Image
arm-none-eabi-objcopy -O ihex "LED_Controller_STM.elf"  "LED_Controller_STM.hex"
Finished building: LED_Controller_STM.hex
 
Invoking: Cross ARM GNU Print Size
arm-none-eabi-size --format=berkeley "LED_Controller_STM.elf"
   text	   data	    bss	    dec	    hex	filename
  23704	   1260	  17052	  42016	   a420	LED_Controller_STM.elf
Finished building: LED_Controller_STM.siz
 
14:13:28 **** Incremental Build of configuration Debug for project USB_Test ****
make all 
make: Er hoeft niets gedaan te worden voor 'all'.
14:14:08 **** Incremental Build of configuration Debug for project USB_Test ****
make all 
make: Er hoeft niets gedaan te worden voor 'all'.
14:14:21 **** Incremental Build of configuration Debug for project LED_Controller_STM ****
make all 
Invoking: Cross ARM GNU Print Size
arm-none-eabi-size --format=berkeley "LED_Controller_STM.elf"
   text	   data	    bss	    dec	    hex	filename
  23704	   1260	  17052	  42016	   a420	LED_Controller_STM.elf
Finished building: LED_Controller_STM.siz
 
14:14:27 **** Incremental Build of configuration Debug for project LED_Controller_STM ****
make all 
Invoking: Cross ARM GNU Print Size
arm-none-eabi-size --format=berkeley "LED_Controller_STM.elf"
   text	   data	    bss	    dec	    hex	filename
  23704	   1260	  17052	  42016	   a420	LED_Controller_STM.elf
Finished building: LED_Controller_STM.siz
 
14:14:32 **** Incremental Build of configuration Debug for project USB_Test ****
make all 
make: Er hoeft niets gedaan te worden voor 'all'.
14:14:37 **** Incremental Build of configuration Debug for project LED_Controller_STM ****
make all 
Invoking: Cross ARM GNU Print Size
arm-none-eabi-size --format=berkeley "LED_Controller_STM.elf"
   text	   data	    bss	    dec	    hex	filename
  23704	   1260	  17052	  42016	   a420	LED_Controller_STM.elf
Finished building: LED_Controller_STM.siz
 
14:14:40 **** Incremental Build of configuration Debug for project LED_Controller_STM ****
make all 
Invoking: Cross ARM GNU Print Size
arm-none-eabi-size --format=berkeley "LED_Controller_STM.elf"
   text	   data	    bss	    dec	    hex	filename
  23704	   1260	  17052	  42016	   a420	LED_Controller_STM.elf
Finished building: LED_Controller_STM.siz
 
14:14:48 **** Incremental Build of configuration Debug for project LED_Controller_STM ****
make all 
Invoking: Cross ARM GNU Print Size
arm-none-eabi-size --format=berkeley "LED_Controller_STM.elf"
   text	   data	    bss	    dec	    hex	filename
  23704	   1260	  17052	  42016	   a420	LED_Controller_STM.elf
Finished building: LED_Controller_STM.siz
 
14:15:01 **** Incremental Build of configuration Debug for project USB_Test ****
make all 
make: Er hoeft niets gedaan te worden voor 'all'.
14:15:15 **** Incremental Build of configuration Debug for project LED_Controller_STM ****
make all 
Invoking: Cross ARM GNU Print Size
arm-none-eabi-size --format=berkeley "LED_Controller_STM.elf"
   text	   data	    bss	    dec	    hex	filename
  23704	   1260	  17052	  42016	   a420	LED_Controller_STM.elf
Finished building: LED_Controller_STM.siz
 
14:15:19 **** Incremental Build of configuration Debug for project LED_Controller_STM ****
make all 
Invoking: Cross ARM GNU Print Size
arm-none-eabi-size --format=berkeley "LED_Controller_STM.elf"
   text	   data	    bss	    dec	    hex	filename
  23704	   1260	  17052	  42016	   a420	LED_Controller_STM.elf
Finished building: LED_Controller_STM.siz
 
14:15:25 **** Incremental Build of configuration Debug for project USB_Test ****
make all 
make: Er hoeft niets gedaan te worden voor 'all'.
14:15:28 **** Incremental Build of configuration Debug for project LED_Controller_STM ****
make all 
Invoking: Cross ARM GNU Print Size
arm-none-eabi-size --format=berkeley "LED_Controller_STM.elf"
   text	   data	    bss	    dec	    hex	filename
  23704	   1260	  17052	  42016	   a420	LED_Controller_STM.elf
Finished building: LED_Controller_STM.siz
 
14:15:33 **** Incremental Build of configuration Debug for project USB_Test ****
make all 
make: Er hoeft niets gedaan te worden voor 'all'.
14:18:09 **** Incremental Build of configuration Debug for project LED_Controller_STM ****
make all 
Invoking: Cross ARM GNU Print Size
arm-none-eabi-size --format=berkeley "LED_Controller_STM.elf"
   text	   data	    bss	    dec	    hex	filename
  23704	   1260	  17052	  42016	   a420	LED_Controller_STM.elf
Finished building: LED_Controller_STM.siz
 
14:19:58 **** Incremental Build of configuration Debug for project LED_Controller_STM ****
make all 
Building file: ../src/pwmdma.c
Invoking: Cross ARM C Compiler
arm-none-eabi-gcc -mcpu=cortex-m3 -mthumb -O0 -fmessage-length=0 -fsigned-char -ffunction-sections -fdata-sections  -g3 -DSTM32F103xB -I"/home/andre/eclipse/LEDcontroller/_SDK/STM32Cube_FW_F1_V1.4.0/Drivers/CMSIS/Device/ST/STM32F1xx/Include" -I"/home/andre/eclipse/LEDcontroller/_SDK/STM32Cube_FW_F1_V1.4.0/Drivers/CMSIS/Include" -I"/home/andre/eclipse/LEDcontroller/_SDK/STM32Cube_FW_F1_V1.4.0/Drivers/STM32F1xx_HAL_Driver/Inc" -I"/home/andre/eclipse/LEDcontroller/_SDK/STM32Cube_FW_F1_V1.4.0/Drivers/STM32F1xx_HAL_Driver/Inc/Legacy" -I"/home/andre/eclipse/LEDcontroller/_SDK/STM32Cube_FW_F1_V1.4.0/Middlewares/ST/STM32_USB_Device_Library/Core/Inc" -I"/home/andre/eclipse/LEDcontroller/LED_Controller_STM/USB_Class_LED/Inc" -I"/home/andre/eclipse/LEDcontroller/LED_Controller_STM/inc" -I"/home/andre/eclipse/LEDcontroller/LED_Controller_STM/cfg" -I"/home/andre/eclipse/LEDcontroller/_Common/STM32/inc" -I"/home/andre/eclipse/LEDcontroller/_Common/Any/inc" -std=gnu11 -MMD -MP -MF"src/pwmdma.d" -MT"src/pwmdma.o" -c -o "src/pwmdma.o" "../src/pwmdma.c"
../src/pwmdma.c: In function 'pwm_init':
../src/pwmdma.c:58:22: warning: assignment makes integer from pointer without a cast [-Wint-conversion]
  DMA1_Channel2->CPAR = &(TIM2->DMAR); // DMA 1 Channel 2 to TIM2
                      ^
../src/pwmdma.c: In function 'start_dma_transer':
../src/pwmdma.c:127:22: warning: assignment makes integer from pointer without a cast [-Wint-conversion]
  DMA1_Channel2->CMAR = memory;
                      ^
Finished building: ../src/pwmdma.c
 
Building target: LED_Controller_STM.elf
Invoking: Cross ARM C Linker
arm-none-eabi-gcc -mcpu=cortex-m3 -mthumb -O0 -fmessage-length=0 -fsigned-char -ffunction-sections -fdata-sections  -g3 -T "/home/andre/eclipse/LEDcontroller/_Common/STM32/ld/STM32F103C8_FLASH.ld" -Xlinker --gc-sections -Wl,-Map,"LED_Controller_STM.map" -o "LED_Controller_STM.elf"  ./system/startup_stm32f103xb.o ./system/system_stm32f1xx.o  ./src/main.o ./src/pwmdma.o ./src/stm32f1xx_it.o ./src/usb_led.o ./src/usbd_conf.o ./src/usbd_desc.o  ./sdk/stm32f1xx_hal.o ./sdk/stm32f1xx_hal_adc.o ./sdk/stm32f1xx_hal_adc_ex.o ./sdk/stm32f1xx_hal_can.o ./sdk/stm32f1xx_hal_cec.o ./sdk/stm32f1xx_hal_cortex.o ./sdk/stm32f1xx_hal_crc.o ./sdk/stm32f1xx_hal_dac.o ./sdk/stm32f1xx_hal_dac_ex.o ./sdk/stm32f1xx_hal_dma.o ./sdk/stm32f1xx_hal_eth.o ./sdk/stm32f1xx_hal_flash.o ./sdk/stm32f1xx_hal_flash_ex.o ./sdk/stm32f1xx_hal_gpio.o ./sdk/stm32f1xx_hal_gpio_ex.o ./sdk/stm32f1xx_hal_hcd.o ./sdk/stm32f1xx_hal_i2c.o ./sdk/stm32f1xx_hal_i2s.o ./sdk/stm32f1xx_hal_irda.o ./sdk/stm32f1xx_hal_iwdg.o ./sdk/stm32f1xx_hal_msp_template.o ./sdk/stm32f1xx_hal_nand.o ./sdk/stm32f1xx_hal_nor.o ./sdk/stm32f1xx_hal_pccard.o ./sdk/stm32f1xx_hal_pcd.o ./sdk/stm32f1xx_hal_pcd_ex.o ./sdk/stm32f1xx_hal_pwr.o ./sdk/stm32f1xx_hal_rcc.o ./sdk/stm32f1xx_hal_rcc_ex.o ./sdk/stm32f1xx_hal_rtc.o ./sdk/stm32f1xx_hal_rtc_ex.o ./sdk/stm32f1xx_hal_sd.o ./sdk/stm32f1xx_hal_smartcard.o ./sdk/stm32f1xx_hal_spi.o ./sdk/stm32f1xx_hal_spi_ex.o ./sdk/stm32f1xx_hal_sram.o ./sdk/stm32f1xx_hal_tim.o ./sdk/stm32f1xx_hal_tim_ex.o ./sdk/stm32f1xx_hal_uart.o ./sdk/stm32f1xx_hal_usart.o ./sdk/stm32f1xx_hal_wwdg.o ./sdk/stm32f1xx_ll_fsmc.o ./sdk/stm32f1xx_ll_sdmmc.o ./sdk/stm32f1xx_ll_usb.o ./sdk/usbd_core.o ./sdk/usbd_ctlreq.o ./sdk/usbd_ioreq.o  ./USB_Class_LED/Src/usbd_led.o  ./STM32_Common/stm32_common.o   
Finished building target: LED_Controller_STM.elf
 
Invoking: Cross ARM GNU Create Flash Image
arm-none-eabi-objcopy -O ihex "LED_Controller_STM.elf"  "LED_Controller_STM.hex"
Finished building: LED_Controller_STM.hex
 
Invoking: Cross ARM GNU Print Size
arm-none-eabi-size --format=berkeley "LED_Controller_STM.elf"
   text	   data	    bss	    dec	    hex	filename
  23688	   1260	  17052	  42000	   a410	LED_Controller_STM.elf
Finished building: LED_Controller_STM.siz
 
14:21:33 **** Incremental Build of configuration Debug for project LED_Controller_STM ****
make all 
Building file: ../src/pwmdma.c
Invoking: Cross ARM C Compiler
arm-none-eabi-gcc -mcpu=cortex-m3 -mthumb -O0 -fmessage-length=0 -fsigned-char -ffunction-sections -fdata-sections  -g3 -DSTM32F103xB -I"/home/andre/eclipse/LEDcontroller/_SDK/STM32Cube_FW_F1_V1.4.0/Drivers/CMSIS/Device/ST/STM32F1xx/Include" -I"/home/andre/eclipse/LEDcontroller/_SDK/STM32Cube_FW_F1_V1.4.0/Drivers/CMSIS/Include" -I"/home/andre/eclipse/LEDcontroller/_SDK/STM32Cube_FW_F1_V1.4.0/Drivers/STM32F1xx_HAL_Driver/Inc" -I"/home/andre/eclipse/LEDcontroller/_SDK/STM32Cube_FW_F1_V1.4.0/Drivers/STM32F1xx_HAL_Driver/Inc/Legacy" -I"/home/andre/eclipse/LEDcontroller/_SDK/STM32Cube_FW_F1_V1.4.0/Middlewares/ST/STM32_USB_Device_Library/Core/Inc" -I"/home/andre/eclipse/LEDcontroller/LED_Controller_STM/USB_Class_LED/Inc" -I"/home/andre/eclipse/LEDcontroller/LED_Controller_STM/inc" -I"/home/andre/eclipse/LEDcontroller/LED_Controller_STM/cfg" -I"/home/andre/eclipse/LEDcontroller/_Common/STM32/inc" -I"/home/andre/eclipse/LEDcontroller/_Common/Any/inc" -std=gnu11 -MMD -MP -MF"src/pwmdma.d" -MT"src/pwmdma.o" -c -o "src/pwmdma.o" "../src/pwmdma.c"
../src/pwmdma.c: In function 'pwm_init':
../src/pwmdma.c:58:22: warning: assignment makes integer from pointer without a cast [-Wint-conversion]
  DMA1_Channel2->CPAR = &(TIM2->DMAR); // DMA 1 Channel 2 to TIM2
                      ^
../src/pwmdma.c: In function 'start_dma_transer':
../src/pwmdma.c:127:22: warning: assignment makes integer from pointer without a cast [-Wint-conversion]
  DMA1_Channel2->CMAR = memory;
                      ^
Finished building: ../src/pwmdma.c
 
Building target: LED_Controller_STM.elf
Invoking: Cross ARM C Linker
arm-none-eabi-gcc -mcpu=cortex-m3 -mthumb -O0 -fmessage-length=0 -fsigned-char -ffunction-sections -fdata-sections  -g3 -T "/home/andre/eclipse/LEDcontroller/_Common/STM32/ld/STM32F103C8_FLASH.ld" -Xlinker --gc-sections -Wl,-Map,"LED_Controller_STM.map" -o "LED_Controller_STM.elf"  ./system/startup_stm32f103xb.o ./system/system_stm32f1xx.o  ./src/main.o ./src/pwmdma.o ./src/stm32f1xx_it.o ./src/usb_led.o ./src/usbd_conf.o ./src/usbd_desc.o  ./sdk/stm32f1xx_hal.o ./sdk/stm32f1xx_hal_adc.o ./sdk/stm32f1xx_hal_adc_ex.o ./sdk/stm32f1xx_hal_can.o ./sdk/stm32f1xx_hal_cec.o ./sdk/stm32f1xx_hal_cortex.o ./sdk/stm32f1xx_hal_crc.o ./sdk/stm32f1xx_hal_dac.o ./sdk/stm32f1xx_hal_dac_ex.o ./sdk/stm32f1xx_hal_dma.o ./sdk/stm32f1xx_hal_eth.o ./sdk/stm32f1xx_hal_flash.o ./sdk/stm32f1xx_hal_flash_ex.o ./sdk/stm32f1xx_hal_gpio.o ./sdk/stm32f1xx_hal_gpio_ex.o ./sdk/stm32f1xx_hal_hcd.o ./sdk/stm32f1xx_hal_i2c.o ./sdk/stm32f1xx_hal_i2s.o ./sdk/stm32f1xx_hal_irda.o ./sdk/stm32f1xx_hal_iwdg.o ./sdk/stm32f1xx_hal_msp_template.o ./sdk/stm32f1xx_hal_nand.o ./sdk/stm32f1xx_hal_nor.o ./sdk/stm32f1xx_hal_pccard.o ./sdk/stm32f1xx_hal_pcd.o ./sdk/stm32f1xx_hal_pcd_ex.o ./sdk/stm32f1xx_hal_pwr.o ./sdk/stm32f1xx_hal_rcc.o ./sdk/stm32f1xx_hal_rcc_ex.o ./sdk/stm32f1xx_hal_rtc.o ./sdk/stm32f1xx_hal_rtc_ex.o ./sdk/stm32f1xx_hal_sd.o ./sdk/stm32f1xx_hal_smartcard.o ./sdk/stm32f1xx_hal_spi.o ./sdk/stm32f1xx_hal_spi_ex.o ./sdk/stm32f1xx_hal_sram.o ./sdk/stm32f1xx_hal_tim.o ./sdk/stm32f1xx_hal_tim_ex.o ./sdk/stm32f1xx_hal_uart.o ./sdk/stm32f1xx_hal_usart.o ./sdk/stm32f1xx_hal_wwdg.o ./sdk/stm32f1xx_ll_fsmc.o ./sdk/stm32f1xx_ll_sdmmc.o ./sdk/stm32f1xx_ll_usb.o ./sdk/usbd_core.o ./sdk/usbd_ctlreq.o ./sdk/usbd_ioreq.o  ./USB_Class_LED/Src/usbd_led.o  ./STM32_Common/stm32_common.o   
Finished building target: LED_Controller_STM.elf
 
Invoking: Cross ARM GNU Create Flash Image
arm-none-eabi-objcopy -O ihex "LED_Controller_STM.elf"  "LED_Controller_STM.hex"
Finished building: LED_Controller_STM.hex
 
Invoking: Cross ARM GNU Print Size
arm-none-eabi-size --format=berkeley "LED_Controller_STM.elf"
   text	   data	    bss	    dec	    hex	filename
  23704	   1260	  17052	  42016	   a420	LED_Controller_STM.elf
Finished building: LED_Controller_STM.siz
 
14:23:24 **** Incremental Build of configuration Debug for project USB_Test ****
make all 
Building file: ../src/test.c
Invoking: GCC C Compiler
gcc -I/usr/include/libusb-1.0/ -O0 -g3 -Wall -c -fmessage-length=0 -MMD -MP -MF"src/test.d" -MT"src/test.o" -o "src/test.o" "../src/test.c"
../src/test.c: In functie main:
../src/test.c:187:27: let op: pointer targets in initialization differ in signedness [-Wpointer-sign]
  uint8_t *bytes_of_data = (data_to_transmit + 4);
                           ^
../src/test.c:192:15: let op: pointer targets in passing argument 1 of verify_data differ in signedness [-Wpointer-sign]
   verify_data(data_to_transmit);
               ^~~~~~~~~~~~~~~~
../src/test.c:42:6: note: expected uint8_t * {aka unsigned char *} but argument is of type char *
 void verify_data(uint8_t *data) {
      ^~~~~~~~~~~
../src/test.c:194:48: let op: pointer targets in passing argument 3 of libusb_bulk_transfer differ in signedness [-Wpointer-sign]
   int res = libusb_bulk_transfer(handle, 0x01, data_to_transmit, 64,
                                                ^~~~~~~~~~~~~~~~
In file included from ../src/test.c:8:0:
/usr/include/libusb-1.0/libusb.h:1752:17: note: expected unsigned char * but argument is of type char *
 int LIBUSB_CALL libusb_bulk_transfer(libusb_device_handle *dev_handle,
                 ^~~~~~~~~~~~~~~~~~~~
../src/test.c:226:43: let op: pointer targets in passing argument 3 of libusb_bulk_transfer differ in signedness [-Wpointer-sign]
  res = libusb_bulk_transfer(handle, 0x01, data_to_transmit, 3, &transferred,
                                           ^~~~~~~~~~~~~~~~
In file included from ../src/test.c:8:0:
/usr/include/libusb-1.0/libusb.h:1752:17: note: expected unsigned char * but argument is of type char *
 int LIBUSB_CALL libusb_bulk_transfer(libusb_device_handle *dev_handle,
                 ^~~~~~~~~~~~~~~~~~~~
../src/test.c:228:14: let op: pointer targets in passing argument 1 of verify_data differ in signedness [-Wpointer-sign]
  verify_data(data_to_transmit);
              ^~~~~~~~~~~~~~~~
../src/test.c:42:6: note: expected uint8_t * {aka unsigned char *} but argument is of type char *
 void verify_data(uint8_t *data) {
      ^~~~~~~~~~~
../src/test.c:104:5: let op: unused variable test [-Wunused-variable]
 int test=0;
     ^~~~
../src/test.c:56:10: let op: unused variable buffer [-Wunused-variable]
  uint8_t buffer[64]; /* 64 byte transfer buffer */
          ^~~~~~
../src/test.c:55:6: let op: unused variable numBytes [-Wunused-variable]
  int numBytes = 0; /* Actual bytes transferred. */
      ^~~~~~~~
Finished building: ../src/test.c
 
Building target: USB_Test
Invoking: GCC C++ Linker
g++  -o "USB_Test"  ./src/test.o   -lusb-1.0
Finished building target: USB_Test
 
14:23:34 **** Incremental Build of configuration Debug for project USB_Test ****
make all 
make: Er hoeft niets gedaan te worden voor 'all'.
14:23:48 **** Incremental Build of configuration Debug for project USB_Test ****
make all 
make: Er hoeft niets gedaan te worden voor 'all'.
14:24:28 **** Incremental Build of configuration Debug for project USB_Test ****
make all 
Building file: ../src/test.c
Invoking: GCC C Compiler
gcc -I/usr/include/libusb-1.0/ -O0 -g3 -Wall -c -fmessage-length=0 -MMD -MP -MF"src/test.d" -MT"src/test.o" -o "src/test.o" "../src/test.c"
../src/test.c: In functie main:
../src/test.c:187:27: let op: pointer targets in initialization differ in signedness [-Wpointer-sign]
  uint8_t *bytes_of_data = (data_to_transmit + 4);
                           ^
../src/test.c:192:15: let op: pointer targets in passing argument 1 of verify_data differ in signedness [-Wpointer-sign]
   verify_data(data_to_transmit);
               ^~~~~~~~~~~~~~~~
../src/test.c:42:6: note: expected uint8_t * {aka unsigned char *} but argument is of type char *
 void verify_data(uint8_t *data) {
      ^~~~~~~~~~~
../src/test.c:194:48: let op: pointer targets in passing argument 3 of libusb_bulk_transfer differ in signedness [-Wpointer-sign]
   int res = libusb_bulk_transfer(handle, 0x01, data_to_transmit, 64,
                                                ^~~~~~~~~~~~~~~~
In file included from ../src/test.c:8:0:
/usr/include/libusb-1.0/libusb.h:1752:17: note: expected unsigned char * but argument is of type char *
 int LIBUSB_CALL libusb_bulk_transfer(libusb_device_handle *dev_handle,
                 ^~~~~~~~~~~~~~~~~~~~
../src/test.c:226:43: let op: pointer targets in passing argument 3 of libusb_bulk_transfer differ in signedness [-Wpointer-sign]
  res = libusb_bulk_transfer(handle, 0x01, data_to_transmit, 3, &transferred,
                                           ^~~~~~~~~~~~~~~~
In file included from ../src/test.c:8:0:
/usr/include/libusb-1.0/libusb.h:1752:17: note: expected unsigned char * but argument is of type char *
 int LIBUSB_CALL libusb_bulk_transfer(libusb_device_handle *dev_handle,
                 ^~~~~~~~~~~~~~~~~~~~
../src/test.c:228:14: let op: pointer targets in passing argument 1 of verify_data differ in signedness [-Wpointer-sign]
  verify_data(data_to_transmit);
              ^~~~~~~~~~~~~~~~
../src/test.c:42:6: note: expected uint8_t * {aka unsigned char *} but argument is of type char *
 void verify_data(uint8_t *data) {
      ^~~~~~~~~~~
../src/test.c:104:5: let op: unused variable test [-Wunused-variable]
 int test=0;
     ^~~~
../src/test.c:56:10: let op: unused variable buffer [-Wunused-variable]
  uint8_t buffer[64]; /* 64 byte transfer buffer */
          ^~~~~~
../src/test.c:55:6: let op: unused variable numBytes [-Wunused-variable]
  int numBytes = 0; /* Actual bytes transferred. */
      ^~~~~~~~
Finished building: ../src/test.c
 
Building target: USB_Test
Invoking: GCC C++ Linker
g++  -o "USB_Test"  ./src/test.o   -lusb-1.0
Finished building target: USB_Test
 
14:25:55 **** Incremental Build of configuration Debug for project USB_Test ****
make all 
Building file: ../src/test.c
Invoking: GCC C Compiler
gcc -I/usr/include/libusb-1.0/ -O0 -g3 -Wall -c -fmessage-length=0 -MMD -MP -MF"src/test.d" -MT"src/test.o" -o "src/test.o" "../src/test.c"
../src/test.c: In functie main:
../src/test.c:173:27: let op: pointer targets in initialization differ in signedness [-Wpointer-sign]
  uint8_t *bytes_of_data = (data_to_transmit + 4);
                           ^
../src/test.c:178:15: let op: pointer targets in passing argument 1 of verify_data differ in signedness [-Wpointer-sign]
   verify_data(data_to_transmit);
               ^~~~~~~~~~~~~~~~
../src/test.c:42:6: note: expected uint8_t * {aka unsigned char *} but argument is of type char *
 void verify_data(uint8_t *data) {
      ^~~~~~~~~~~
../src/test.c:180:48: let op: pointer targets in passing argument 3 of libusb_bulk_transfer differ in signedness [-Wpointer-sign]
   int res = libusb_bulk_transfer(handle, 0x01, data_to_transmit, 64,
                                                ^~~~~~~~~~~~~~~~
In file included from ../src/test.c:8:0:
/usr/include/libusb-1.0/libusb.h:1752:17: note: expected unsigned char * but argument is of type char *
 int LIBUSB_CALL libusb_bulk_transfer(libusb_device_handle *dev_handle,
                 ^~~~~~~~~~~~~~~~~~~~
../src/test.c:212:43: let op: pointer targets in passing argument 3 of libusb_bulk_transfer differ in signedness [-Wpointer-sign]
  res = libusb_bulk_transfer(handle, 0x01, data_to_transmit, 3, &transferred,
                                           ^~~~~~~~~~~~~~~~
In file included from ../src/test.c:8:0:
/usr/include/libusb-1.0/libusb.h:1752:17: note: expected unsigned char * but argument is of type char *
 int LIBUSB_CALL libusb_bulk_transfer(libusb_device_handle *dev_handle,
                 ^~~~~~~~~~~~~~~~~~~~
../src/test.c:214:14: let op: pointer targets in passing argument 1 of verify_data differ in signedness [-Wpointer-sign]
  verify_data(data_to_transmit);
              ^~~~~~~~~~~~~~~~
../src/test.c:42:6: note: expected uint8_t * {aka unsigned char *} but argument is of type char *
 void verify_data(uint8_t *data) {
      ^~~~~~~~~~~
../src/test.c:104:5: let op: unused variable test [-Wunused-variable]
 int test=0;
     ^~~~
../src/test.c:56:10: let op: unused variable buffer [-Wunused-variable]
  uint8_t buffer[64]; /* 64 byte transfer buffer */
          ^~~~~~
../src/test.c:55:6: let op: unused variable numBytes [-Wunused-variable]
  int numBytes = 0; /* Actual bytes transferred. */
      ^~~~~~~~
Finished building: ../src/test.c
 
Building target: USB_Test
Invoking: GCC C++ Linker
g++  -o "USB_Test"  ./src/test.o   -lusb-1.0
Finished building target: USB_Test
 
14:27:20 **** Incremental Build of configuration Debug for project USB_Test ****
make all 
Building file: ../src/test.c
Invoking: GCC C Compiler
gcc -I/usr/include/libusb-1.0/ -O0 -g3 -Wall -c -fmessage-length=0 -MMD -MP -MF"src/test.d" -MT"src/test.o" -o "src/test.o" "../src/test.c"
../src/test.c: In functie main:
../src/test.c:144:27: let op: pointer targets in initialization differ in signedness [-Wpointer-sign]
  uint8_t *bytes_of_data = (data_to_transmit + 4);
                           ^
../src/test.c:149:15: let op: pointer targets in passing argument 1 of verify_data differ in signedness [-Wpointer-sign]
   verify_data(data_to_transmit);
               ^~~~~~~~~~~~~~~~
../src/test.c:41:6: note: expected uint8_t * {aka unsigned char *} but argument is of type char *
 void verify_data(uint8_t *data) {
      ^~~~~~~~~~~
../src/test.c:151:48: let op: pointer targets in passing argument 3 of libusb_bulk_transfer differ in signedness [-Wpointer-sign]
   int res = libusb_bulk_transfer(handle, 0x01, data_to_transmit, 64,
                                                ^~~~~~~~~~~~~~~~
In file included from ../src/test.c:7:0:
/usr/include/libusb-1.0/libusb.h:1752:17: note: expected unsigned char * but argument is of type char *
 int LIBUSB_CALL libusb_bulk_transfer(libusb_device_handle *dev_handle,
                 ^~~~~~~~~~~~~~~~~~~~
../src/test.c:170:15: let op: pointer targets in passing argument 1 of verify_data differ in signedness [-Wpointer-sign]
   verify_data(data_to_transmit);
               ^~~~~~~~~~~~~~~~
../src/test.c:41:6: note: expected uint8_t * {aka unsigned char *} but argument is of type char *
 void verify_data(uint8_t *data) {
      ^~~~~~~~~~~
../src/test.c:172:50: let op: pointer targets in passing argument 3 of libusb_bulk_transfer differ in signedness [-Wpointer-sign]
   int res= libusb_bulk_transfer  ( handle, 0x01, data_to_transmit, 64, &transferred, 1000 )  ;
                                                  ^~~~~~~~~~~~~~~~
In file included from ../src/test.c:7:0:
/usr/include/libusb-1.0/libusb.h:1752:17: note: expected unsigned char * but argument is of type char *
 int LIBUSB_CALL libusb_bulk_transfer(libusb_device_handle *dev_handle,
                 ^~~~~~~~~~~~~~~~~~~~
../src/test.c:183:43: let op: pointer targets in passing argument 3 of libusb_bulk_transfer differ in signedness [-Wpointer-sign]
  res = libusb_bulk_transfer(handle, 0x01, data_to_transmit, 3, &transferred,
                                           ^~~~~~~~~~~~~~~~
In file included from ../src/test.c:7:0:
/usr/include/libusb-1.0/libusb.h:1752:17: note: expected unsigned char * but argument is of type char *
 int LIBUSB_CALL libusb_bulk_transfer(libusb_device_handle *dev_handle,
                 ^~~~~~~~~~~~~~~~~~~~
../src/test.c:185:14: let op: pointer targets in passing argument 1 of verify_data differ in signedness [-Wpointer-sign]
  verify_data(data_to_transmit);
              ^~~~~~~~~~~~~~~~
../src/test.c:41:6: note: expected uint8_t * {aka unsigned char *} but argument is of type char *
 void verify_data(uint8_t *data) {
      ^~~~~~~~~~~
../src/test.c:103:6: let op: unused variable test [-Wunused-variable]
  int test = 0;
      ^~~~
../src/test.c:55:10: let op: unused variable buffer [-Wunused-variable]
  uint8_t buffer[64]; /* 64 byte transfer buffer */
          ^~~~~~
../src/test.c:54:6: let op: unused variable numBytes [-Wunused-variable]
  int numBytes = 0; /* Actual bytes transferred. */
      ^~~~~~~~
Finished building: ../src/test.c
 
Building target: USB_Test
Invoking: GCC C++ Linker
g++  -o "USB_Test"  ./src/test.o   -lusb-1.0
Finished building target: USB_Test
 
